{
  "generated_at": "2025-10-08T10:07:05.549370+00:00",
  "results": [
    {
      "name": "integration_metrics_rate",
      "exit_code": 0,
      "stdout_tail": [
        "..                                                                       [100%]",
        "2 passed in 3.22s"
      ],
      "stderr_tail": []
    },
    {
      "name": "contract_jwt",
      "exit_code": 1,
      "stdout_tail": [
        "tests/contract/test_jwt_contract.py::TestJWTContract::test_jwt_token_with_invalid_role_rejected",
        "tests/contract/test_jwt_contract.py::TestJWTContract::test_jwt_token_with_invalid_role_rejected",
        "  C:\\Users\\User\\Trae\\ORCH-Next\\tests\\contract\\test_jwt_contract.py:190: DeprecationWarning: datetime.datetime.utcnow() is deprecated and scheduled for removal in a future version. Use timezone-aware objects to represent datetimes in UTC: datetime.datetime.now(datetime.UTC).",
        "    'iat': datetime.utcnow()",
        "",
        "tests/contract/test_jwt_contract.py::TestJWTContract::test_jwt_token_algorithm_validation",
        "  C:\\Users\\User\\Trae\\ORCH-Next\\tests\\contract\\test_jwt_contract.py:210: DeprecationWarning: datetime.datetime.utcnow() is deprecated and scheduled for removal in a future version. Use timezone-aware objects to represent datetimes in UTC: datetime.datetime.now(datetime.UTC).",
        "    'exp': datetime.utcnow() + timedelta(hours=1),",
        "",
        "tests/contract/test_jwt_contract.py::TestJWTContract::test_jwt_token_algorithm_validation",
        "  C:\\Users\\User\\Trae\\ORCH-Next\\tests\\contract\\test_jwt_contract.py:211: DeprecationWarning: datetime.datetime.utcnow() is deprecated and scheduled for removal in a future version. Use timezone-aware objects to represent datetimes in UTC: datetime.datetime.now(datetime.UTC).",
        "    'iat': datetime.utcnow()",
        "",
        "tests/contract/test_jwt_contract.py::TestJWTContract::test_jwt_token_issued_at_validation",
        "  C:\\Users\\User\\Trae\\ORCH-Next\\tests\\contract\\test_jwt_contract.py:247: DeprecationWarning: datetime.datetime.utcnow() is deprecated and scheduled for removal in a future version. Use timezone-aware objects to represent datetimes in UTC: datetime.datetime.now(datetime.UTC).",
        "    'exp': datetime.utcnow() + timedelta(hours=2),",
        "",
        "tests/contract/test_jwt_contract.py::TestJWTContract::test_jwt_token_issued_at_validation",
        "  C:\\Users\\User\\Trae\\ORCH-Next\\tests\\contract\\test_jwt_contract.py:248: DeprecationWarning: datetime.datetime.utcnow() is deprecated and scheduled for removal in a future version. Use timezone-aware objects to represent datetimes in UTC: datetime.datetime.now(datetime.UTC).",
        "    'iat': datetime.utcnow() + timedelta(hours=1)  # Future issued at",
        "",
        "tests/contract/test_jwt_contract.py::TestJWTContract::test_jwt_token_time_skew_tolerance",
        "  C:\\Users\\User\\Trae\\ORCH-Next\\tests\\contract\\test_jwt_contract.py:428: DeprecationWarning: datetime.datetime.utcnow() is deprecated and scheduled for removal in a future version. Use timezone-aware objects to represent datetimes in UTC: datetime.datetime.now(datetime.UTC).",
        "    past_time = datetime.utcnow() - timedelta(seconds=30)",
        "",
        "tests/contract/test_jwt_contract.py::TestJWTContract::test_jwt_token_time_skew_tolerance",
        "  C:\\Users\\User\\Trae\\ORCH-Next\\tests\\contract\\test_jwt_contract.py:435: DeprecationWarning: datetime.datetime.utcnow() is deprecated and scheduled for removal in a future version. Use timezone-aware objects to represent datetimes in UTC: datetime.datetime.now(datetime.UTC).",
        "    'exp': datetime.utcnow() + timedelta(hours=1),",
        "",
        "tests/contract/test_jwt_contract.py::TestJWTContract::test_jwt_token_edge_case_expiry",
        "  C:\\Users\\User\\Trae\\ORCH-Next\\tests\\contract\\test_jwt_contract.py:457: DeprecationWarning: datetime.datetime.utcnow() is deprecated and scheduled for removal in a future version. Use timezone-aware objects to represent datetimes in UTC: datetime.datetime.now(datetime.UTC).",
        "    'exp': datetime.utcnow() + timedelta(seconds=1),",
        "",
        "tests/contract/test_jwt_contract.py::TestJWTContract::test_jwt_token_edge_case_expiry",
        "  C:\\Users\\User\\Trae\\ORCH-Next\\tests\\contract\\test_jwt_contract.py:458: DeprecationWarning: datetime.datetime.utcnow() is deprecated and scheduled for removal in a future version. Use timezone-aware objects to represent datetimes in UTC: datetime.datetime.now(datetime.UTC).",
        "    'iat': datetime.utcnow()",
        "",
        "-- Docs: https://docs.pytest.org/en/stable/how-to/capture-warnings.html",
        "=========================== short test summary info ===========================",
        "FAILED tests/contract/test_jwt_contract.py::TestJWTContract::test_valid_jwt_token_accepted",
        "FAILED tests/contract/test_jwt_contract.py::TestJWTContract::test_jwt_token_algorithm_validation",
        "FAILED tests/contract/test_jwt_contract.py::TestJWTContract::test_jwt_token_refresh_behavior",
        "FAILED tests/contract/test_jwt_contract.py::TestJWTContract::test_jwt_token_role_hierarchy",
        "FAILED tests/contract/test_jwt_contract.py::TestJWTContract::test_jwt_token_special_characters_handling",
        "FAILED tests/contract/test_jwt_contract.py::TestJWTContract::test_concurrent_jwt_verification",
        "FAILED tests/contract/test_jwt_contract.py::TestJWTContract::test_jwt_token_revocation_simulation",
        "FAILED tests/contract/test_jwt_contract.py::TestJWTContract::test_jwt_token_time_skew_tolerance",
        "FAILED tests/contract/test_jwt_contract.py::TestJWTContract::test_jwt_token_edge_case_expiry",
        "ERROR tests/contract/test_jwt_contract.py::TestJWTContract::test_jwt_verification_performance",
        "9 failed, 6 passed, 25 warnings, 1 error in 4.27s"
      ],
      "stderr_tail": []
    },
    {
      "name": "unit_security",
      "exit_code": 1,
      "stdout_tail": [
        "    if datetime.utcnow() < lock_time:",
        "",
        "tests/test_security.py::TestSecurityManager::test_hmac_timestamp_tolerance",
        "  C:\\Users\\User\\Trae\\ORCH-Next\\tests\\test_security.py:279: DeprecationWarning: datetime.datetime.utcnow() is deprecated and scheduled for removal in a future version. Use timezone-aware objects to represent datetimes in UTC: datetime.datetime.now(datetime.UTC).",
        "    old_timestamp = (datetime.utcnow() - timedelta(seconds=300)).isoformat() + \"Z\"",
        "",
        "tests/test_security.py::TestSecurityManager::test_hmac_timestamp_tolerance",
        "  C:\\Users\\User\\Trae\\ORCH-Next\\tests\\test_security.py:288: DeprecationWarning: datetime.datetime.utcnow() is deprecated and scheduled for removal in a future version. Use timezone-aware objects to represent datetimes in UTC: datetime.datetime.now(datetime.UTC).",
        "    recent_timestamp = (datetime.utcnow() - timedelta(seconds=60)).isoformat() + \"Z\"",
        "",
        "tests/test_security.py::TestSecurityManager::test_cleanup_expired_tokens",
        "  C:\\Users\\User\\Trae\\ORCH-Next\\tests\\test_security.py:392: DeprecationWarning: datetime.datetime.utcnow() is deprecated and scheduled for removal in a future version. Use timezone-aware objects to represent datetimes in UTC: datetime.datetime.now(datetime.UTC).",
        "    expired_time = (datetime.utcnow() - timedelta(hours=1)).isoformat()",
        "",
        "tests/test_security.py::TestFastAPIIntegration::test_get_current_user_valid_token",
        "tests/test_security.py::TestFastAPIIntegration::test_get_current_user_invalid_token",
        "  C:\\Users\\User\\Trae\\ORCH-Next\\tests\\test_security.py:462: DeprecationWarning: datetime.datetime.utcnow() is deprecated and scheduled for removal in a future version. Use timezone-aware objects to represent datetimes in UTC: datetime.datetime.now(datetime.UTC).",
        "    created_at=datetime.utcnow()",
        "",
        "tests/test_security.py::TestFastAPIIntegration::test_require_role_decorator",
        "  C:\\Users\\User\\Trae\\ORCH-Next\\tests\\test_security.py:511: DeprecationWarning: datetime.datetime.utcnow() is deprecated and scheduled for removal in a future version. Use timezone-aware objects to represent datetimes in UTC: datetime.datetime.now(datetime.UTC).",
        "    created_at=datetime.utcnow()",
        "",
        "tests/test_security.py::TestFastAPIIntegration::test_require_role_decorator",
        "  C:\\Users\\User\\Trae\\ORCH-Next\\tests\\test_security.py:524: DeprecationWarning: datetime.datetime.utcnow() is deprecated and scheduled for removal in a future version. Use timezone-aware objects to represent datetimes in UTC: datetime.datetime.now(datetime.UTC).",
        "    created_at=datetime.utcnow()",
        "",
        "-- Docs: https://docs.pytest.org/en/stable/how-to/capture-warnings.html",
        "=========================== short test summary info ===========================",
        "FAILED tests/test_security.py::TestSecurityManager::test_account_lockout - Fa...",
        "FAILED tests/test_security.py::TestSecurityManager::test_jwt_token_expiry - A...",
        "FAILED tests/test_security.py::TestSecurityManager::test_hmac_signature_verification_success",
        "ERROR tests/test_security.py::TestSecurityManager::test_database_initialization",
        "ERROR tests/test_security.py::TestSecurityManager::test_create_user - Permiss...",
        "ERROR tests/test_security.py::TestSecurityManager::test_create_duplicate_user",
        "ERROR tests/test_security.py::TestSecurityManager::test_authenticate_user_success",
        "ERROR tests/test_security.py::TestSecurityManager::test_authenticate_user_invalid_password",
        "ERROR tests/test_security.py::TestSecurityManager::test_authenticate_user_not_found",
        "ERROR tests/test_security.py::TestSecurityManager::test_jwt_token_creation_and_verification",
        "ERROR tests/test_security.py::TestSecurityManager::test_jwt_token_revocation",
        "ERROR tests/test_security.py::TestSecurityManager::test_hmac_signature_verification_invalid",
        "ERROR tests/test_security.py::TestSecurityManager::test_hmac_timestamp_tolerance",
        "ERROR tests/test_security.py::TestSecurityManager::test_rate_limiting_within_limit",
        "ERROR tests/test_security.py::TestSecurityManager::test_rate_limiting_exceed_limit",
        "ERROR tests/test_security.py::TestSecurityManager::test_rate_limiting_different_users",
        "ERROR tests/test_security.py::TestSecurityManager::test_rate_limiting_wildcard_rules",
        "ERROR tests/test_security.py::TestSecurityManager::test_security_event_logging",
        "ERROR tests/test_security.py::TestSecurityManager::test_cleanup_expired_tokens",
        "ERROR tests/test_security.py::TestSecurityManager::test_security_statistics",
        "3 failed, 22 passed, 15 warnings, 17 errors in 17.85s"
      ],
      "stderr_tail": []
    },
    {
      "name": "unit_orchestrator",
      "exit_code": 1,
      "stdout_tail": [
        "INFO     src.orchestrator:orchestrator.py:84 ORCH-Next Orchestrator shutting down...",
        "============================== warnings summary ===============================",
        "tests/test_orchestrator.py::TestDispatchEndpoint::test_dispatch_success",
        "tests/test_orchestrator.py::TestJobEndpoints::test_update_job_status",
        "tests/test_orchestrator.py::TestJobEndpoints::test_update_job_invalid_status",
        "tests/test_orchestrator.py::TestIntegration::test_full_dispatch_workflow",
        "  C:\\Users\\User\\Trae\\ORCH-Next\\tests\\test_orchestrator.py:49: DeprecationWarning: datetime.datetime.utcnow() is deprecated and scheduled for removal in a future version. Use timezone-aware objects to represent datetimes in UTC: datetime.datetime.now(datetime.UTC).",
        "    now = datetime.utcnow()",
        "",
        "tests/test_orchestrator.py::TestDispatchEndpoint::test_dispatch_success",
        "tests/test_orchestrator.py::TestDispatchEndpoint::test_dispatch_no_tasks",
        "tests/test_orchestrator.py::TestDispatchEndpoint::test_dispatch_invalid_priority",
        "tests/test_orchestrator.py::TestErrorHandling::test_dispatch_database_error",
        "tests/test_orchestrator.py::TestIntegration::test_full_dispatch_workflow",
        "  C:\\Users\\User\\Trae\\ORCH-Next\\src\\dispatcher.py:274: DeprecationWarning: datetime.datetime.utcnow() is deprecated and scheduled for removal in a future version. Use timezone-aware objects to represent datetimes in UTC: datetime.datetime.now(datetime.UTC).",
        "    \"timestamp\": datetime.utcnow().isoformat()",
        "",
        "tests/test_orchestrator.py::TestDispatchEndpoint::test_dispatch_success",
        "tests/test_orchestrator.py::TestDispatchEndpoint::test_dispatch_no_tasks",
        "tests/test_orchestrator.py::TestDispatchEndpoint::test_dispatch_invalid_priority",
        "tests/test_orchestrator.py::TestErrorHandling::test_dispatch_database_error",
        "tests/test_orchestrator.py::TestIntegration::test_full_dispatch_workflow",
        "  C:\\Users\\User\\Trae\\ORCH-Next\\src\\dispatcher.py:150: DeprecationWarning: datetime.datetime.utcnow() is deprecated and scheduled for removal in a future version. Use timezone-aware objects to represent datetimes in UTC: datetime.datetime.now(datetime.UTC).",
        "    now = datetime.utcnow()",
        "",
        "tests/test_orchestrator.py::TestDispatchEndpoint::test_dispatch_success",
        "  C:\\Users\\User\\Trae\\ORCH-Next\\src\\dispatcher.py:293: DeprecationWarning: datetime.datetime.utcnow() is deprecated and scheduled for removal in a future version. Use timezone-aware objects to represent datetimes in UTC: datetime.datetime.now(datetime.UTC).",
        "    lock_expires = datetime.utcnow() + timedelta(seconds=request.timeout)",
        "",
        "tests/test_orchestrator.py::TestDispatchEndpoint::test_dispatch_success",
        "tests/test_orchestrator.py::TestJobEndpoints::test_update_job_status",
        "tests/test_orchestrator.py::TestJobEndpoints::test_update_nonexistent_job",
        "  C:\\Users\\User\\Trae\\ORCH-Next\\src\\dispatcher.py:232: DeprecationWarning: datetime.datetime.utcnow() is deprecated and scheduled for removal in a future version. Use timezone-aware objects to represent datetimes in UTC: datetime.datetime.now(datetime.UTC).",
        "    now = datetime.utcnow()",
        "",
        "-- Docs: https://docs.pytest.org/en/stable/how-to/capture-warnings.html",
        "=========================== short test summary info ===========================",
        "FAILED tests/test_orchestrator.py::TestDispatchEndpoint::test_dispatch_success",
        "FAILED tests/test_orchestrator.py::TestDispatchEndpoint::test_dispatch_no_tasks",
        "FAILED tests/test_orchestrator.py::TestDispatchEndpoint::test_dispatch_invalid_priority",
        "FAILED tests/test_orchestrator.py::TestWebhookEndpoint::test_webhook_valid_signature",
        "FAILED tests/test_orchestrator.py::TestWebhookEndpoint::test_webhook_background_processing",
        "FAILED tests/test_orchestrator.py::TestJobEndpoints::test_update_job_status",
        "FAILED tests/test_orchestrator.py::TestMiddleware::test_cors_headers - Assert...",
        "FAILED tests/test_orchestrator.py::TestErrorHandling::test_dispatch_database_error",
        "FAILED tests/test_orchestrator.py::TestErrorHandling::test_webhook_processing_error",
        "FAILED tests/test_orchestrator.py::TestIntegration::test_full_dispatch_workflow",
        "ERROR tests/test_orchestrator.py::TestJobEndpoints::test_update_nonexistent_job",
        "ERROR tests/test_orchestrator.py::TestMiddleware::test_metrics_middleware_records_requests",
        "10 failed, 10 passed, 18 warnings, 2 errors in 3.99s"
      ],
      "stderr_tail": []
    }
  ]
}