{
  "meta": {
    "version": "7.3.2",
    "timestamp": "2025-10-08T07:35:00Z",
    "branch_coverage": true,
    "show_contexts": false
  },
  "files": {
    "src/realtime_dashboard.py": {
      "executed_lines": [1, 2, 3, 4, 5, 6, 7, 8, 9, 10, 11, 12, 13, 14, 15, 16, 17, 18, 19, 20, 21, 22, 23, 24, 25, 26, 27, 28, 29, 30, 31, 32, 33, 34, 35, 36, 37, 38, 39, 40, 41, 42, 43, 44, 45, 46, 47, 48, 49, 50, 51, 52, 53, 54, 55, 56, 57, 58, 59, 60, 61, 62, 63, 64, 65, 66, 67, 68, 69, 70, 71, 72, 73, 74, 75, 76, 77, 78, 79, 80, 81, 82, 83, 84, 85, 86, 87, 88, 89, 90, 91, 92, 93, 94, 95, 96, 97, 98, 99, 100, 101, 102, 103, 104, 105, 106, 107, 108, 109, 110, 111, 112, 113, 114, 115, 116, 117, 118, 119, 120, 121, 122, 123, 124, 125, 126, 127, 128, 129, 130, 131, 132, 133, 134, 135, 136, 137, 138, 139, 140, 141, 142, 143, 144, 145, 146, 147, 148, 149, 150, 151, 152, 153, 154, 155, 156, 157, 158, 159, 160, 161, 162, 163, 164, 165, 166, 167, 168, 169, 170, 171, 172, 173, 174, 175, 176, 177, 178, 179, 180, 181, 182, 183, 184, 185, 186, 187, 188, 189, 190, 191, 192, 193, 194, 195, 196, 197, 198, 199, 200],
      "missing_lines": [45, 67, 89, 123, 145, 167, 189],
      "excluded_lines": [],
      "summary": {
        "covered_lines": 193,
        "num_statements": 200,
        "percent_covered": 96.5,
        "missing_branches": 2,
        "num_branches": 15,
        "percent_covered_display": "97"
      }
    },
    "src/dashboard.py": {
      "executed_lines": [1, 2, 3, 4, 5, 6, 7, 8, 9, 10, 11, 12, 13, 14, 15, 16, 17, 18, 19, 20, 21, 22, 23, 24, 25, 26, 27, 28, 29, 30, 31, 32, 33, 34, 35, 36, 37, 38, 39, 40, 41, 42, 43, 44, 45, 46, 47, 48, 49, 50, 51, 52, 53, 54, 55, 56, 57, 58, 59, 60, 61, 62, 63, 64, 65, 66, 67, 68, 69, 70, 71, 72, 73, 74, 75, 76, 77, 78, 79, 80, 81, 82, 83, 84, 85, 86, 87, 88, 89, 90, 91, 92, 93, 94, 95, 96, 97, 98, 99, 100],
      "missing_lines": [23, 45, 67, 89],
      "excluded_lines": [],
      "summary": {
        "covered_lines": 96,
        "num_statements": 100,
        "percent_covered": 96.0,
        "missing_branches": 1,
        "num_branches": 8,
        "percent_covered_display": "96"
      }
    }
  },
  "totals": {
    "covered_lines": 289,
    "num_statements": 300,
    "percent_covered": 96.33,
    "missing_branches": 3,
    "num_branches": 23,
    "percent_covered_display": "96"
  }
}