[Licensing::Module] Trying to connect to existing licensing client channel...
Built from '6000.2/staging' branch; Version is '6000.2.6f1 (cc51a95c0300) revision 13390249'; Using compiler version '194234433'; Build Type 'Release'
[Licensing::IpcConnector] Successfully connected to: "LicenseClient-User" at "2025-10-02T08:03:00.0627743Z"
OS: 'Windows 11  (10.0.26100) 64bit ProfessionalWorkstation' Language: 'ja' Physical Memory: 130987 MB
BatchMode: 1, IsHumanControllingUs: 0, StartBugReporterOnCrash: 0, Is64bit: 1
Date: 2025-10-02T08:03:00Z

COMMAND LINE ARGUMENTS:
C:\Program Files\Unity\Hub\Editor\6000.2.6f1\Editor\Unity.exe
-quit
-batchmode
-nographics
-projectPath
C:\Users\User\Trae\Game_project\Trae
-executeMethod
Trae.Editor.BuildScript.BuildAndroid
-logFile
data\logs\current\build_20251002_170259.log
Successfully changed project path to: C:\Users\User\Trae\Game_project\Trae
C:/Users/User/Trae/Game_project/Trae
It looks like another Unity instance is running with this project open.

Multiple Unity instances cannot open the same project.

Project: C:/Users/User/Trae/Game_project/Trae
Fatal Error! It looks like another Unity instance is running with this project open.

Multiple Unity instances cannot open the same project.

Project: C:/Users/User/Trae/Game_project/Trae
Crash!!!
SymInit: Symbol-SearchPath: 'C:/Program Files/Unity/Hub/Editor/6000.2.6f1/Editor/Data/Mono;.;C:\Users\User\Trae\Game_project\Trae;C:\Users\User\Trae\Game_project\Trae\Library\BurstCache\JIT;C:\Program Files\Unity\Hub\Editor\6000.2.6f1\Editor;C:\WINDOWS;C:\WINDOWS\system32;', symOptions: 534, UserName: 'User'
OS-Version: 10.0.0
C:\Program Files\Unity\Hub\Editor\6000.2.6f1\Editor\Unity.exe:Unity.exe (00007FF7B8B80000), size: 290816 (result: 0), SymType: '-deferred-', PDB: '', fileVersion: 6000.2.6.20905
C:\WINDOWS\SYSTEM32\ntdll.dll:ntdll.dll (00007FF987D00000), size: 2527232 (result: 0), SymType: '-deferred-', PDB: '', fileVersion: 10.0.26100.5074
C:\WINDOWS\System32\KERNEL32.DLL:KERNEL32.DLL (00007FF985DA0000), size: 823296 (result: 0), SymType: '-deferred-', PDB: '', fileVersion: 10.0.26100.5074
C:\WINDOWS\System32\KERNELBASE.dll:KERNELBASE.dll (00007FF985380000), size: 4141056 (result: 0), SymType: '-deferred-', PDB: '', fileVersion: 10.0.26100.6584
C:\WINDOWS\System32\USER32.dll:USER32.dll (00007FF9862C0000), size: 1851392 (result: 0), SymType: '-deferred-', PDB: '', fileVersion: 10.0.26100.5074
C:\WINDOWS\System32\win32u.dll:win32u.dll (00007FF985150000), size: 159744 (result: 0), SymType: '-deferred-', PDB: '', fileVersion: 10.0.26100.5074
C:\WINDOWS\System32\GDI32.dll:GDI32.dll (00007FF986290000), size: 176128 (result: 0), SymType: '-deferred-', PDB: '', fileVersion: 10.0.26100.5074
C:\WINDOWS\System32\gdi32full.dll:gdi32full.dll (00007FF9859A0000), size: 1232896 (result: 0), SymType: '-deferred-', PDB: '', fileVersion: 10.0.26100.5074
C:\WINDOWS\System32\msvcp_win.dll:msvcp_win.dll (00007FF985210000), size: 667648 (result: 0), SymType: '-deferred-', PDB: '', fileVersion: 10.0.26100.5074
C:\WINDOWS\System32\ucrtbase.dll:ucrtbase.dll (00007FF985000000), size: 1355776 (result: 0), SymType: '-deferred-', PDB: '', fileVersion: 10.0.26100.5074
C:\WINDOWS\System32\IMM32.DLL:IMM32.DLL (00007FF985BD0000), size: 192512 (result: 0), SymType: '-deferred-', PDB: '', fileVersion: 10.0.26100.4484
C:\Program Files\Unity\Hub\Editor\6000.2.6f1\Editor\Unity.dll:Unity.dll (00007FF8C32D0000), size: 87699456 (result: 0), SymType: '-deferred-', PDB: '', fileVersion: 6000.2.6.20905
C:\WINDOWS\System32\CRYPT32.dll:CRYPT32.dll (00007FF985820000), size: 1536000 (result: 0), SymType: '-deferred-', PDB: '', fileVersion: 10.0.26100.5074
C:\WINDOWS\System32\ADVAPI32.dll:ADVAPI32.dll (00007FF985B10000), size: 737280 (result: 0), SymType: '-deferred-', PDB: '', fileVersion: 10.0.26100.6584
C:\Program Files\Unity\Hub\Editor\6000.2.6f1\Editor\libfbxsdk.dll:libfbxsdk.dll (00007FF8C2B20000), size: 8019968 (result: 0), SymType: '-deferred-', PDB: '', fileVersion: 2020.3.7.0
C:\Program Files\Unity\Hub\Editor\6000.2.6f1\Editor\s3tcompress.dll:s3tcompress.dll (00007FF95D0D0000), size: 180224 (result: 0), SymType: '-deferred-', PDB: ''
C:\Program Files\Unity\Hub\Editor\6000.2.6f1\Editor\etccompress.dll:etccompress.dll (00007FF8C99C0000), size: 5070848 (result: 0), SymType: '-deferred-', PDB: ''
C:\WINDOWS\System32\msvcrt.dll:msvcrt.dll (00007FF9860F0000), size: 692224 (result: 0), SymType: '-deferred-', PDB: '', fileVersion: 7.0.26100.5074
C:\Program Files\Unity\Hub\Editor\6000.2.6f1\Editor\compress_bc7e.dll:compress_bc7e.dll (00007FF8F0C90000), size: 1433600 (result: 0), SymType: '-deferred-', PDB: ''
C:\Program Files\Unity\Hub\Editor\6000.2.6f1\Editor\ispc_texcomp.dll:ispc_texcomp.dll (00007FF8D7BC0000), size: 1826816 (result: 0), SymType: '-deferred-', PDB: ''
C:\Program Files\Unity\Hub\Editor\6000.2.6f1\Editor\FreeImage.dll:FreeImage.dll (0000000180000000), size: 5783552 (result: 0), SymType: '-deferred-', PDB:[Licensing::Client] Successfully resolved entitlement details
[Licensing::Module] License group:
  Id: 15669618400951-UnityPersXXXX
  Product: Unity Personal
  Type: Assigned
  Expiration: Unlimited
[Licensing::Client] Successfully updated license, isAsync: True, time: 0.03
[Licensing::Client] Successfully resolved entitlement details
[Licensing::Module] Licensing Background thread has ended after 0.39s
[Package Manager] Connected to IPC stream "Upm-22408" after 1.1 seconds.
Library Redirect Path: Library/
Failed to convert 2147483648 to a signed 32 bit int in file 'ProjectSettings/ProjectSettings.asset':0
Failed to convert 2684354560 to a signed 32 bit int in file 'ProjectSettings/ProjectSettings.asset':0
[Physics::Module] Selected backend.
[Physics::Module] Name: PhysX
[Physics::Module] Id: 0xf2b8ea05
[Physics::Module] SDK Version: 4.1.2
[Physics::Module] Integration Version: 1.0.0
[Physics::Module] Threading Mode: Multi-Threaded
Refreshing native plugins compatible for Editor in 0.01 ms, found 0 plugins.
Preloading 0 native plugins for Editor in 0.00 ms.
Initialize engine version: 6000.2.6f1 (cc51a95c0300)
[Subsystems] Discovering subsystems at path C:/Program Files/Unity/Hub/Editor/6000.2.6f1/Editor/Data/Resources/UnitySubsystems
[Subsystems] Discovering subsystems at path C:/Users/User/Trae/Game_project/Trae/Assets
Forcing GfxDevice: Null
GfxDevice: creating device client; kGfxThreadingModeNonThreaded
NullGfxDevice:
    Version:  NULL 1.0 [1.0]
    Renderer: Null Device
    Vendor:   Unity Technologies
Initialize mono
Mono path[0] = 'C:/Program Files/Unity/Hub/Editor/6000.2.6f1/Editor/Data/Managed'
Mono path[1] = 'C:/Program Files/Unity/Hub/Editor/6000.2.6f1/Editor/Data/MonoBleedingEdge/lib/mono/unityjit-win32'
Mono config path = 'C:/Program Files/Unity/Hub/Editor/6000.2.6f1/Editor/Data/MonoBleedingEdge/etc'
Using monoOptions --debugger-agent=transport=dt_socket,embedding=1,server=y,suspend=n,address=127.0.0.1:56408
Using cacheserver namespaces - metadata:defaultmetadata, artifacts:defaultartifacts
Using cacheserver namespaces - metadata:defaultmetadata, artifacts:defaultartifacts
ImportWorker Server TCP listen port: 0
AcceleratorClientConnectionCallback - disconnected - :0
Begin MonoManager ReloadAssembly
Registering precompiled unity dll's ...
Register platform support module: C:/Program Files/Unity/Hub/Editor/6000.2.6f1/Editor/Data/PlaybackEngines/WebGLSupport/UnityEditor.WebGL.Extensions.dll
Register platform support module: C:/Program Files/Unity/Hub/Editor/6000.2.6f1/Editor/Data/PlaybackEngines/WindowsStandaloneSupport/UnityEditor.WindowsStandalone.Extensions.dll
[Licensing::Client] Successfully resolved entitlement details
Trying to register platform support module: C:/Program Files/Unity/Hub/Editor/6000.2.6f1/Editor/Data/PlaybackEngines/AndroidPlayer/UnityEditor.Android.Extensions.dll (that doesn't exist). Retrying without overrides.
Platform support module is not available: C:/Program Files/Unity/Hub/Editor/6000.2.6f1/Editor/Data/PlaybackEngines/AndroidPlayer/UnityEditor.Android.Extensions.dll
Registered in 0.014701 seconds.
- Loaded All Assemblies, in  1.213 seconds
Native extension for WindowsStandalone target not found
Native extension for WebGL target not found
Mono: successfully reloaded assembly
- Finished resetting the current domain, in  0.931 seconds
Domain Reload Profiling: 2134ms
	BeginReloadAssembly (433ms)
		ExecutionOrderSort (0ms)
		DisableScriptedObjects (0ms)
		BackupInstance (0ms)
		ReleaseScriptingObjects (0ms)
		CreateAndSetChildDomain (2ms)
	RebuildCommonClasses (120ms)
	RebuildNativeTypeToScriptingClass (33ms)
	initialDomainReloadingComplete (145ms)
	LoadAllAssembliesAndSetupDomain (472ms)
		LoadAssemblies (423ms)
		RebuildTransferFunctionScriptingTraits (0ms)
		AnalyzeDomain (464ms)
			TypeCache.Refresh (459ms)
				TypeCache.ScanAssembly (422ms)
			BuildScriptInfoCaches (0ms)
			ResolveRequiredComponents (1ms)
	FinalizeReload (932ms)
		ReleaseScriptCaches (0ms)
		RebuildScriptCaches (0ms)
		SetupLoadedEditorAssemblies (836ms)
			LogAssemblyErrors (0ms)
			InitializePlatformSupportModulesInManaged (138ms)
			SetLoadedEditorAssemblies (9ms)
			BeforeProcessingInitializeOnLoad (185ms)
			ProcessInitializeOnLoadAttributes (339ms)
			ProcessInitializeOnLoadMethodAttributes (165ms)
			AfterProcessingInitializeOnLoad (0ms)
			EditorAssembliesLoaded (0ms)
		ExecutionOrderSort2 (0ms)
		AwakeInstancesAfterBackupRestoration (0ms)
[Licensing::Client] Successfully resolved entitlement details
Application.AssetDatabase Initial Refresh Start
Package Manager log level set to [2]
[Package Manager] Restoring resolved packages state from cache
[Licensing::Client] Successfully resolved entitlement details
[Package Manager] Registered 36 packages:
  Built-in packages:
    com.unity.multiplayer.center@1.0.0 (location: C:\Users\User\Trae\Game_project\Trae\Library\PackageCache\com.unity.multiplayer.center@f3fb577b3546)
    com.unity.ugui@2.0.0 (location: C:\Users\User\Trae\Game_project\Trae\Library\PackageCache\com.unity.ugui@e375ff18e90f)
    com.unity.modules.accessibility@1.0.0 (location: C:\Program Files\Unity\Hub\Editor\6000.2.6f1\Editor\Data\Resources\PackageManager\BuiltInPackages\com.unity.modules.accessibility)
    com.unity.modules.ai@1.0.0 (location: C:\Program Files\Unity\Hub\Editor\6000.2.6f1\Editor\Data\Resources\PackageManager\BuiltInPackages\com.unity.modules.ai)
    com.unity.modules.androidjni@1.0.0 (location: C:\Program Files\Unity\Hub\Editor\6000.2.6f1\Editor\Data\Resources\PackageManager\BuiltInPackages\com.unity.modules.androidjni)
    com.unity.modules.animation@1.0.0 (location: C:\Program Files\Unity\Hub\Editor\6000.2.6f1\Editor\Data\Resources\PackageManager\BuiltInPackages\com.unity.modules.animation)
    com.unity.modules.assetbundle@1.0.0 (location: C:\Program Files\Unity\Hub\Editor\6000.2.6f1\Editor\Data\Resources\PackageManager\BuiltInPackages\com.unity.modules.assetbundle)
    com.unity.modules.audio@1.0.0 (location: C:\Program Files\Unity\Hub\Editor\6000.2.6f1\Editor\Data\Resources\PackageManager\BuiltInPackages\com.unity.modules.audio)
    com.unity.modules.cloth@1.0.0 (location: C:\Program Files\Unity\Hub\Editor\6000.2.6f1\Editor\Data\Resources\PackageManager\BuiltInPackages\com.unity.modules.cloth)
    com.unity.modules.director@1.0.0 (location: C:\Program Files\Unity\Hub\Editor\6000.2.6f1\Editor\Data\Resources\PackageManager\BuiltInPackages\com.unity.modules.director)
    com.unity.modules.imageconversion@1.0.0 (location: C:\Program Files\Unity\Hub\Editor\6000.2.6f1\Editor\Data\Resources\PackageManager\BuiltInPackages\com.unity.modules.imageconversion)
    com.unity.modules.imgui@1.0.0 (location: C:\Program Files\Unity\Hub\Editor\6000.2.6f1\Editor\Data\Resources\PackageManager\BuiltInPackages\com.unity.modules.imgui)
    com.unity.modules.jsonserialize@1.0.0 (location: C:\Program Files\Unity\Hub\Editor\6000.2.6f1\Editor\Data\Resources\PackageManager\BuiltInPackages\com.unity.modules.jsonserialize)
    com.unity.modules.particlesystem@1.0.0 (location: C:\Program Files\Unity\Hub\Editor\6000.2.6f1\Editor\Data\Resources\PackageManager\BuiltInPackages\com.unity.modules.particlesystem)
    com.unity.modules.physics@1.0.0 (location: C:\Program Files\Unity\Hub\Editor\6000.2.6f1\Editor\Data\Resources\PackageManager\BuiltInPackages\com.unity.modules.physics)
    com.unity.modules.physics2d@1.0.0 (location: C:\Program Files\Unity\Hub\Editor\6000.2.6f1\Editor\Data\Resources\PackageManager\BuiltInPackages\com.unity.modules.physics2d)
    com.unity.modules.screencapture@1.0.0 (location: C:\Program Files\Unity\Hub\Editor\6000.2.6f1\Editor\Data\Resources\PackageManager\BuiltInPackages\com.unity.modules.screencapture)
    com.unity.modules.terrain@1.0.0 (location: C:\Program Files\Unity\Hub\Editor\6000.2.6f1\Editor\Data\Resources\PackageManager\BuiltInPackages\com.unity.modules.terrain)
    com.unity.modules.terrainphysics@1.0.0 (location: C:\Program Files\Unity\Hub\Editor\6000.2.6f1\Editor\Data\Resources\PackageManager\BuiltInPackages\com.unity.modules.terrainphysics)
    com.unity.modules.tilemap@1.0.0 (location: C:\Program Files\Unity\Hub\Editor\6000.2.6f1\Editor\Data\Resources\PackageManager\BuiltInPackages\com.unity.modules.tilemap)
    com.unity.modules.ui@1.0.0 (location: C:\Program Files\Unity\Hub\Editor\6000.2.6f1\Editor\Data\Resources\PackageManager\BuiltInPackages\com.unity.modules.ui)
    com.unity.modules.uielements@1.0.0 (location: C:\Program Files\Unity\Hub\Editor\6000.2.6f1\Editor\Data\Resources\PackageManager\BuiltInPackages\com.unity.modules.uielements)
    com.unity.modules.umbra@1.0.0 (location: C:\Program Files\Unity\Hub\Editor\6000.2.6f1\Editor\Data\Resources\PackageManager\BuiltInPackages\com.unity.modules.umbra)
    com.unity.modules.unityanalytics@1.0.0 (location: C:\Program Files\Unity\Hub\Editor\6000.2.6f1\Editor\Data\Resources\PackageManager\BuiltInPackages\com.unity.modules.unityanalytics)
    com.unity.modules.unitywebrequest@1.0.0 (location: C:\Program Files\Unity\Hub\Editor\6000.2.6f1\Editor\Data\Resources\PackageManager\BuiltInPackages\com.unity.modules.unitywebrequest)
    com.unity.modules.unitywebrequestassetbundle@1.0.0 (location: C:\Program Files\Unity\Hub\Editor\6000.2.6f1\Editor\Data\Resources\PackageManager\BuiltInPackages\com.unity.modules.unitywebrequestassetbundle)
    com.unity.modules.unitywebrequestaudio@1.0.0 (location: C:\Program Files\Unity\Hub\Editor\6000.2.6f1\Editor\Data\Resources\PackageManager\BuiltInPackages\com.unity.modules.unitywebrequestaudio)
    com.unity.modules.unitywebrequesttexture@1.0.0 (location: C:\Program Files\Unity\Hub\Editor\6000.2.6f1\Editor\Data\Resources\PackageManager\BuiltInPackages\com.unity.modules.unitywebrequesttexture)
    com.unity.modules.unitywebrequestwww@1.0.0 (location: C:\Program Files\Unity\Hub\Editor\6000.2.6f1\Editor\Data\Resources\PackageManager\BuiltInPackages\com.unity.modules.unitywebrequestwww)
    com.unity.modules.vehicles@1.0.0 (location: C:\Program Files\Unity\Hub\Editor\6000.2.6f1\Editor\Data\Resources\PackageManager\BuiltInPackages\com.unity.modules.vehicles)
    com.unity.modules.video@1.0.0 (location: C:\Program Files\Unity\Hub\Editor\6000.2.6f1\Editor\Data\Resources\PackageManager\BuiltInPackages\com.unity.modules.video)
    com.unity.modules.vr@1.0.0 (location: C:\Program Files\Unity\Hub\Editor\6000.2.6f1\Editor\Data\Resources\PackageManager\BuiltInPackages\com.unity.modules.vr)
    com.unity.modules.wind@1.0.0 (location: C:\Program Files\Unity\Hub\Editor\6000.2.6f1\Editor\Data\Resources\PackageManager\BuiltInPackages\com.unity.modules.wind)
    com.unity.modules.xr@1.0.0 (location: C:\Program Files\Unity\Hub\Editor\6000.2.6f1\Editor\Data\Resources\PackageManager\BuiltInPackages\com.unity.modules.xr)
    com.unity.modules.subsystems@1.0.0 (location: C:\Program Files\Unity\Hub\Editor\6000.2.6f1\Editor\Data\Resources\PackageManager\BuiltInPackages\com.unity.modules.subsystems)
    com.unity.modules.hierarchycore@1.0.0 (location: C:\Program Files\Unity\Hub\Editor\6000.2.6f1\Editor\Data\Resources\PackageManager\BuiltInPackages\com.unity.modules.hierarchycore)
[Subsystems] No new subsystems found in resolved package list.
[Package Manager] Done registering packages in 0.06 seconds
YAML Parsing error 'Parser Failure at line 7: Expect ':' between key and value within mapping'
YAML Parsing error 'Parser Failure at line 7: Expect ':' between key and value within mapping'
YAML Parsing error 'Parser Failure at line 11: Expect ':' between key and value within mapping'
YAML Parsing error 'Parser Failure at line 7: Expect ':' between key and value within mapping'
YAML Parsing error 'Parser Failure at line 11: Expect ':' between key and value within mapping'
The contents of 'Assets/Scenes/MinimalScene.unity.meta' could not be parsed. Please ensure that this file is a valid YAML formatted file.
The contents of 'Assets/Scripts/SimpleGameManager.cs.meta' could not be parsed. Please ensure that this file is a valid YAML formatted file.
The contents of 'Assets/Scenes/TestScene.unity.meta' could not be parsed. Please ensure that this file is a valid YAML formatted file.
The contents of 'Assets/Scenes/WorkingGameScene.unity.meta' could not be parsed. Please ensure that this file is a valid YAML formatted file.
The contents of 'Assets/Scripts/GameBootstrap.cs.meta' could not be parsed. Please ensure that this file is a valid YAML formatted file.
The .meta file Assets/Scenes/MinimalScene.unity.meta does not have a valid GUID and its corresponding Asset file will be ignored. If this file is not malformed, please add a GUID, or delete the .meta file and it will be recreated correctly
The .meta file Assets/Scenes/TestScene.unity.meta does not have a valid GUID and its corresponding Asset file will be ignored. If this file is not malformed, please add a GUID, or delete the .meta file and it will be recreated correctly
The .meta file Assets/Scenes/WorkingGameScene.unity.meta does not have a valid GUID and its corresponding Asset file will be ignored. If this file is not malformed, please add a GUID, or delete the .meta file and it will be recreated correctly
The .meta file Assets/Scripts/GameBootstrap.cs.meta does not have a valid GUID and its corresponding Asset file will be ignored. If this file is not malformed, please add a GUID, or delete the .meta file and it will be recreated correctly
The .meta file Assets/Scripts/SimpleGameManager.cs.meta does not have a valid GUID and its corresponding Asset file will be ignored. If this file is not malformed, please add a GUID, or delete the .meta file and it will be recreated correctly
Starting: C:\Program Files\Unity\Hub\Editor\6000.2.6f1\Editor\Data\bee_backend.exe --ipc --defer-dag-verification --dagfile="Library/Bee/1900b0aE.dag" --continue-on-failure --profile="Library/Bee/backend1.traceevents" ScriptAssemblies
WorkingDir: C:/Users/User/Trae/Game_project/Trae
DisplayProgressbar: Compiling Scripts
ExitCode: 3 Duration: 0s722ms
[197/206    0s] Csc Library/Bee/artifacts/1900b0aE.dag/Assembly-CSharp.dll (+2 others)
##### CommandLine
"C:\Program Files\Unity\Hub\Editor\6000.2.6f1\Editor\Data\NetCoreRuntime\dotnet.exe" exec "C:/Program Files/Unity/Hub/Editor/6000.2.6f1/Editor/Data/DotNetSdkRoslyn/csc.dll" /nostdlib /noconfig /shared "@Library/Bee/artifacts/1900b0aE.dag/Assembly-CSharp.rsp" "@Library/Bee/artifacts/1900b0aE.dag/Assembly-CSharp.rsp2"
##### Contents of Library\Bee\artifacts\1900b0aE.dag\Assembly-CSharp.rsp
-target:library
-out:"Library/Bee/artifacts/1900b0aE.dag/Assembly-CSharp.dll"
-refout:"Library/Bee/artifacts/1900b0aE.dag/Assembly-CSharp.ref.dll"
-define:UNITY_6000_2_6
-define:UNITY_6000_2
-define:UNITY_6000
-define:UNITY_5_3_OR_NEWER
-define:UNITY_5_4_OR_NEWER
-define:UNITY_5_5_OR_NEWER
-define:UNITY_5_6_OR_NEWER
-define:UNITY_2017_1_OR_NEWER
-define:UNITY_2017_2_OR_NEWER
-define:UNITY_2017_3_OR_NEWER
-define:UNITY_2017_4_OR_NEWER
-define:UNITY_2018_1_OR_NEWER
-define:UNITY_2018_2_OR_NEWER
-define:UNITY_2018_3_OR_NEWER
-define:UNITY_2018_4_OR_NEWER
-define:UNITY_2019_1_OR_NEWER
-define:UNITY_2019_2_OR_NEWER
-define:UNITY_2019_3_OR_NEWER
-define:UNITY_2019_4_OR_NEWER
-define:UNITY_2020_1_OR_NEWER
-define:UNITY_2020_2_OR_NEWER
-define:UNITY_2020_3_OR_NEWER
-define:UNITY_2021_1_OR_NEWER
-define:UNITY_2021_2_OR_NEWER
-define:UNITY_2021_3_OR_NEWER
-define:UNITY_2022_1_OR_NEWER
-define:UNITY_2022_2_OR_NEWER
-define:UNITY_2022_3_OR_NEWER
-define:UNITY_2023_1_OR_NEWER
-define:UNITY_2023_2_OR_NEWER
-define:UNITY_2023_3_OR_NEWER
-define:UNITY_6000_0_OR_NEWER
-define:UNITY_6000_1_OR_NEWER
-define:UNITY_6000_2_OR_NEWER
-define:PLATFORM_ARCH_64
-define:UNITY_64
-define:UNITY_INCLUDE_TESTS
-define:ENABLE_AR
-define:ENABLE_AUDIO
-define:ENABLE_CACHING
-define:ENABLE_CLOTH
-define:ENABLE_EVENT_QUEUE
-define:ENABLE_MICROPHONE
-define:ENABLE_MULTIPLE_DISPLAYS
-define:ENABLE_PHYSICS
-define:ENABLE_TEXTURE_STREAMING
-define:ENABLE_VIRTUALTEXTURING
-define:ENABLE_LZMA
-define:ENABLE_UNITYEVENTS
-define:ENABLE_VR
-define:ENABLE_WEBCAM
-define:ENABLE_UNITYWEBREQUEST
-define:ENABLE_WWW
-define:ENABLE_CLOUD_SERVICES
-define:ENABLE_CLOUD_SERVICES_ADS
-define:ENABLE_CLOUD_SERVICES_USE_WEBREQUEST
-define:ENABLE_UNITY_CONSENT
-define:ENABLE_UNITY_CLOUD_IDENTIFIERS
-define:ENABLE_CLOUD_SERVICES_CRASH_REPORTING
-define:ENABLE_CLOUD_SERVICES_NATIVE_CRASH_REPORTING
-define:ENABLE_CLOUD_SERVICES_PURCHASING
-define:ENABLE_CLOUD_SERVICES_ANALYTICS
-define:ENABLE_CLOUD_SERVICES_BUILD
-define:ENABLE_EDITOR_GAME_SERVICES
-define:ENABLE_UNITY_GAME_SERVICES_ANALYTICS_SUPPORT
-define:ENABLE_CLOUD_LICENSE
-define:ENABLE_EDITOR_HUB_LICENSE
-define:ENABLE_WEBSOCKET_CLIENT
-define:ENABLE_GENERATE_NATIVE_PLUGINS_FOR_ASSEMBLIES_API
-define:ENABLE_DIRECTOR_AUDIO
-define:ENABLE_DIRECTOR_TEXTURE
-define:ENABLE_MANAGED_JOBS
-define:ENABLE_MANAGED_TRANSFORM_JOBS
-define:ENABLE_MANAGED_ANIMATION_JOBS
-define:ENABLE_MANAGED_AUDIO_JOBS
-define:ENABLE_MANAGED_UNITYTLS
-define:INCLUDE_DYNAMIC_GI
-define:ENABLE_SCRIPTING_GC_WBARRIERS
-define:PLATFORM_SUPPORTS_MONO
-define:RENDER_SOFTWARE_CURSOR
-define:ENABLE_MARSHALLING_TESTS
-define:ENABLE_VIDEO
-define:ENABLE_NAVIGATION_OFFMESHLINK_TO_NAVMESHLINK
-define:ENABLE_ACCELERATOR_CLIENT_DEBUGGING
-define:TEXTCORE_1_0_OR_NEWER
-define:EDITOR_ONLY_NAVMESH_BUILDER_DEPRECATED
-define:PLATFORM_STANDALONE_WIN
-define:PLATFORM_STANDALONE
-define:UNITY_STANDALONE_WIN
-define:UNITY_STANDALONE
-define:ENABLE_RUNTIME_GI
-define:ENABLE_MOVIES
-define:ENABLE_NETWORK
-define:ENABLE_NVIDIA
-define:ENABLE_AMD
-define:ENABLE_CRUNCH_TEXTURE_COMPRESSION
-define:ENABLE_CLOUD_SERVICES_ENGINE_DIAGNOSTICS
-define:ENABLE_OUT_OF_PROCESS_CRASH_HANDLER
-define:ENABLE_CLUSTER_SYNC
-define:ENABLE_CLUSTERINPUT
-define:PLATFORM_UPDATES_TIME_OUTSIDE_OF_PLAYER_LOOP
-define:GFXDEVICE_WAITFOREVENT_MESSAGEPUMP
-define:PLATFORM_USES_EXPLICIT_MEMORY_MANAGER_INITIALIZER
-define:PLATFORM_SUPPORTS_WAIT_FOR_PRESENTATION
-define:PLATFORM_SUPPORTS_SPLIT_GRAPHICS_JOBS
-define:ENABLE_MONO
-define:NET_4_6
-define:NET_UNITY_4_8
-define:ENABLE_PROFILER
-define:DEBUG
-define:TRACE
-define:UNITY_ASSERTIONS
-define:UNITY_EDITOR
-define:UNITY_EDITOR_64
-define:UNITY_EDITOR_WIN
-define:ENABLE_UNITY_COLLECTIONS_CHECKS
-define:ENABLE_BURST_AOT
-define:UNITY_TEAM_LICENSE
-define:ENABLE_CUSTOM_RENDER_TEXTURE
-define:ENABLE_DIRECTOR
-define:ENABLE_LOCALIZATION
-define:ENABLE_SPRITES
-define:ENABLE_TERRAIN
-define:ENABLE_TILEMAP
-define:ENABLE_TIMELINE
-define:ENABLE_INPUT_SYSTEM
-define:TEXTCORE_FONT_ENGINE_1_5_OR_NEWER
-define:TEXTCORE_TEXT_ENGINE_1_5_OR_NEWER
-define:CSHARP_7_OR_LATER
-define:CSHARP_7_3_OR_NEWER
-r:"C:/Program Files/Unity/Hub/Editor/6000.2.6f1/Editor/Data/Managed/UnityEngine/UnityEditor.AccessibilityModule.dll"
-r:"C:/Program Files/Unity/Hub/Editor/6000.2.6f1/Editor/Data/Managed/UnityEngine/UnityEditor.AdaptivePerformanceModule.dll"
-r:"C:/Program Files/Unity/Hub/Editor/6000.2.6f1/Editor/Data/Managed/UnityEngine/UnityEditor.BuildProfileModule.dll"
-r:"C:/Program Files/Unity/Hub/Editor/6000.2.6f1/Editor/Data/Managed/UnityEngine/UnityEditor.ClothModule.dll"
-r:"C:/Program Files/Unity/Hub/Editor/6000.2.6f1/Editor/Data/Managed/UnityEngine/UnityEditor.CoreBusinessMetricsModule.dll"
-r:"C:/Program Files/Unity/Hub/Editor/6000.2.6f1/Editor/Data/Managed/UnityEngine/UnityEditor.CoreModule.dll"
-r:"C:/Program Files/Unity/Hub/Editor/6000.2.6f1/Editor/Data/Managed/UnityEngine/UnityEditor.DeviceSimulatorModule.dll"
-r:"C:/Program Files/Unity/Hub/Editor/6000.2.6f1/Editor/Data/Managed/UnityEngine/UnityEditor.DiagnosticsModule.dll"
-r:"C:/Program Files/Unity/Hub/Editor/6000.2.6f1/Editor/Data/Managed/UnityEngine/UnityEditor.dll"
-r:"C:/Program Files/Unity/Hub/Editor/6000.2.6f1/Editor/Data/Managed/UnityEngine/UnityEditor.EditorToolbarModule.dll"
-r:"C:/Program Files/Unity/Hub/Editor/6000.2.6f1/Editor/Data/Managed/UnityEngine/UnityEditor.EmbreeModule.dll"
-r:"C:/Program Files/Unity/Hub/Editor/6000.2.6f1/Editor/Data/Managed/UnityEngine/UnityEditor.GIModule.dll"
-r:"C:/Program Files/Unity/Hub/Editor/6000.2.6f1/Editor/Data/Managed/UnityEngine/UnityEditor.GraphicsStateCollectionSerializerModule.dll"
-r:"C:/Program Files/Unity/Hub/Editor/6000.2.6f1/Editor/Data/Managed/UnityEngine/UnityEditor.GraphViewModule.dll"
-r:"C:/Program Files/Unity/Hub/Editor/6000.2.6f1/Editor/Data/Managed/UnityEngine/UnityEditor.GridAndSnapModule.dll"
-r:"C:/Program Files/Unity/Hub/Editor/6000.2.6f1/Editor/Data/Managed/UnityEngine/UnityEditor.GridModule.dll"
-r:"C:/Program Files/Unity/Hub/Editor/6000.2.6f1/Editor/Data/Managed/UnityEngine/UnityEditor.InAppPurchasingModule.dll"
-r:"C:/Program Files/Unity/Hub/Editor/6000.2.6f1/Editor/Data/Managed/UnityEngine/UnityEditor.LevelPlayModule.dll"
-r:"C:/Program Files/Unity/Hub/Editor/6000.2.6f1/Editor/Data/Managed/UnityEngine/UnityEditor.MultiplayerModule.dll"
-r:"C:/Program Files/Unity/Hub/Editor/6000.2.6f1/Editor/Data/Managed/UnityEngine/UnityEditor.Physics2DModule.dll"
-r:"C:/Program Files/Unity/Hub/Editor/6000.2.6f1/Editor/Data/Managed/UnityEngine/UnityEditor.PhysicsModule.dll"
-r:"C:/Program Files/Unity/Hub/Editor/6000.2.6f1/Editor/Data/Managed/UnityEngine/UnityEditor.PresetsUIModule.dll"
-r:"C:/Program Files/Unity/Hub/Editor/6000.2.6f1/Editor/Data/Managed/UnityEngine/UnityEditor.PropertiesModule.dll"
-r:"C:/Program Files/Unity/Hub/Editor/6000.2.6f1/Editor/Data/Managed/UnityEngine/UnityEditor.QuickSearchModule.dll"
-r:"C:/Program Files/Unity/Hub/Editor/6000.2.6f1/Editor/Data/Managed/UnityEngine/UnityEditor.SafeModeModule.dll"
-r:"C:/Program Files/Unity/Hub/Editor/6000.2.6f1/Editor/Data/Managed/UnityEngine/UnityEditor.SceneTemplateModule.dll"
-r:"C:/Program Files/Unity/Hub/Editor/6000.2.6f1/Editor/Data/Managed/UnityEngine/UnityEditor.SceneViewModule.dll"
-r:"C:/Program Files/Unity/Hub/Editor/6000.2.6f1/Editor/Data/Managed/UnityEngine/UnityEditor.ShaderFoundryModule.dll"
-r:"C:/Program Files/Unity/Hub/Editor/6000.2.6f1/Editor/Data/Managed/UnityEngine/UnityEditor.SketchUpModule.dll"
-r:"C:/Program Files/Unity/Hub/Editor/6000.2.6f1/Editor/Data/Managed/UnityEngine/UnityEditor.SpriteMaskModule.dll"
-r:"C:/Program Files/Unity/Hub/Editor/6000.2.6f1/Editor/Data/Managed/UnityEngine/UnityEditor.SpriteShapeModule.dll"
-r:"C:/Program Files/Unity/Hub/Editor/6000.2.6f1/Editor/Data/Managed/UnityEngine/UnityEditor.SubstanceModule.dll"
-r:"C:/Program Files/Unity/Hub/Editor/6000.2.6f1/Editor/Data/Managed/UnityEngine/UnityEditor.TerrainModule.dll"
-r:"C:/Program Files/Unity/Hub/Editor/6000.2.6f1/Editor/Data/Managed/UnityEngine/UnityEditor.TextCoreFontEngineModule.dll"
-r:"C:/Program Files/Unity/Hub/Editor/6000.2.6f1/Editor/Data/Managed/UnityEngine/UnityEditor.TextCoreTextEngineModule.dll"
-r:"C:/Program Files/Unity/Hub/Editor/6000.2.6f1/Editor/Data/Managed/UnityEngine/UnityEditor.TextRenderingModule.dll"
-r:"C:/Program Files/Unity/Hub/Editor/6000.2.6f1/Editor/Data/Managed/UnityEngine/UnityEditor.TilemapModule.dll"
-r:"C:/Program Files/Unity/Hub/Editor/6000.2.6f1/Editor/Data/Managed/UnityEngine/UnityEditor.TreeModule.dll"
-r:"C:/Program Files/Unity/Hub/Editor/6000.2.6f1/Editor/Data/Managed/UnityEngine/UnityEditor.UIAutomationModule.dll"
-r:"C:/Program Files/Unity/Hub/Editor/6000.2.6f1/Editor/Data/Managed/UnityEngine/UnityEditor.UIBuilderModule.dll"
-r:"C:/Program Files/Unity/Hub/Editor/6000.2.6f1/Editor/Data/Managed/UnityEngine/UnityEditor.UIElementsModule.dll"
-r:"C:/Program Files/Unity/Hub/Editor/6000.2.6f1/Editor/Data/Managed/UnityEngine/UnityEditor.UIElementsSamplesModule.dll"
-r:"C:/Program Files/Unity/Hub/Editor/6000.2.6f1/Editor/Data/Managed/UnityEngine/UnityEditor.UmbraModule.dll"
-r:"C:/Program Files/Unity/Hub/Editor/6000.2.6f1/Editor/Data/Managed/UnityEngine/UnityEditor.UnityConnectModule.dll"
-r:"C:/Program Files/Unity/Hub/Editor/6000.2.6f1/Editor/Data/Managed/UnityEngine/UnityEditor.VFXModule.dll"
-r:"C:/Program Files/Unity/Hub/Editor/6000.2.6f1/Editor/Data/Managed/UnityEngine/UnityEditor.VideoModule.dll"
-r:"C:/Program Files/Unity/Hub/Editor/6000.2.6f1/Editor/Data/Managed/UnityEngine/UnityEditor.XRModule.dll"
-r:"C:/Program Files/Unity/Hub/Editor/6000.2.6f1/Editor/Data/Managed/UnityEngine/UnityEngine.AccessibilityModule.dll"
-r:"C:/Program Files/Unity/Hub/Editor/6000.2.6f1/Editor/Data/Managed/UnityEngine/UnityEngine.AIModule.dll"
-r:"C:/Program Files/Unity/Hub/Editor/6000.2.6f1/Editor/Data/Managed/UnityEngine/UnityEngine.AndroidJNIModule.dll"
-r:"C:/Program Files/Unity/Hub/Editor/6000.2.6f1/Editor/Data/Managed/UnityEngine/UnityEngine.AnimationModule.dll"
-r:"C:/Program Files/Unity/Hub/Editor/6000.2.6f1/Editor/Data/Managed/UnityEngine/UnityEngine.ARModule.dll"
-r:"C:/Program Files/Unity/Hub/Editor/6000.2.6f1/Editor/Data/Managed/UnityEngine/UnityEngine.AssetBundleModule.dll"
-r:"C:/Program Files/Unity/Hub/Editor/6000.2.6f1/Editor/Data/Managed/UnityEngine/UnityEngine.AudioModule.dll"
-r:"C:/Program Files/Unity/Hub/Editor/6000.2.6f1/Editor/Data/Managed/UnityEngine/UnityEngine.ClothModule.dll"
-r:"C:/Program Files/Unity/Hub/Editor/6000.2.6f1/Editor/Data/Managed/UnityEngine/UnityEngine.ClusterInputModule.dll"
-r:"C:/Program Files/Unity/Hub/Editor/6000.2.6f1/Editor/Data/Managed/UnityEngine/UnityEngine.ClusterRendererModule.dll"
-r:"C:/Program Files/Unity/Hub/Editor/6000.2.6f1/Editor/Data/Managed/UnityEngine/UnityEngine.ContentLoadModule.dll"
-r:"C:/Program Files/Unity/Hub/Editor/6000.2.6f1/Editor/Data/Managed/UnityEngine/UnityEngine.CoreModule.dll"
-r:"C:/Program Files/Unity/Hub/Editor/6000.2.6f1/Editor/Data/Managed/UnityEngine/UnityEngine.CrashReportingModule.dll"
-r:"C:/Program Files/Unity/Hub/Editor/6000.2.6f1/Editor/Data/Managed/UnityEngine/UnityEngine.DirectorModule.dll"
-r:"C:/Program Files/Unity/Hub/Editor/6000.2.6f1/Editor/Data/Managed/UnityEngine/UnityEngine.dll"
-r:"C:/Program Files/Unity/Hub/Editor/6000.2.6f1/Editor/Data/Managed/UnityEngine/UnityEngine.DSPGraphModule.dll"
-r:"C:/Program Files/Unity/Hub/Editor/6000.2.6f1/Editor/Data/Managed/UnityEngine/UnityEngine.GameCenterModule.dll"
-r:"C:/Program Files/Unity/Hub/Editor/6000.2.6f1/Editor/Data/Managed/UnityEngine/UnityEngine.GIModule.dll"
-r:"C:/Program Files/Unity/Hub/Editor/6000.2.6f1/Editor/Data/Managed/UnityEngine/UnityEngine.GraphicsStateCollectionSerializerModule.dll"
-r:"C:/Program Files/Unity/Hub/Editor/6000.2.6f1/Editor/Data/Managed/UnityEngine/UnityEngine.GridModule.dll"
-r:"C:/Program Files/Unity/Hub/Editor/6000.2.6f1/Editor/Data/Managed/UnityEngine/UnityEngine.HierarchyCoreModule.dll"
-r:"C:/Program Files/Unity/Hub/Editor/6000.2.6f1/Editor/Data/Managed/UnityEngine/UnityEngine.HotReloadModule.dll"
-r:"C:/Program Files/Unity/Hub/Editor/6000.2.6f1/Editor/Data/Managed/UnityEngine/UnityEngine.IdentifiersModule.dll"
-r:"C:/Program Files/Unity/Hub/Editor/6000.2.6f1/Editor/Data/Managed/UnityEngine/UnityEngine.ImageConversionModule.dll"
-r:"C:/Program Files/Unity/Hub/Editor/6000.2.6f1/Editor/Data/Managed/UnityEngine/UnityEngine.IMGUIModule.dll"
-r:"C:/Program Files/Unity/Hub/Editor/6000.2.6f1/Editor/Data/Managed/UnityEngine/UnityEngine.InputForUIModule.dll"
-r:"C:/Program Files/Unity/Hub/Editor/6000.2.6f1/Editor/Data/Managed/UnityEngine/UnityEngine.InputLegacyModule.dll"
-r:"C:/Program Files/Unity/Hub/Editor/6000.2.6f1/Editor/Data/Managed/UnityEngine/UnityEngine.InputModule.dll"
-r:"C:/Program Files/Unity/Hub/Editor/6000.2.6f1/Editor/Data/Managed/UnityEngine/UnityEngine.InsightsModule.dll"
-r:"C:/Program Files/Unity/Hub/Editor/6000.2.6f1/Editor/Data/Managed/UnityEngine/UnityEngine.JSONSerializeModule.dll"
-r:"C:/Program Files/Unity/Hub/Editor/6000.2.6f1/Editor/Data/Managed/UnityEngine/UnityEngine.LocalizationModule.dll"
-r:"C:/Program Files/Unity/Hub/Editor/6000.2.6f1/Editor/Data/Managed/UnityEngine/UnityEngine.MarshallingModule.dll"
-r:"C:/Program Files/Unity/Hub/Editor/6000.2.6f1/Editor/Data/Managed/UnityEngine/UnityEngine.MultiplayerModule.dll"
-r:"C:/Program Files/Unity/Hub/Editor/6000.2.6f1/Editor/Data/Managed/UnityEngine/UnityEngine.ParticleSystemModule.dll"
-r:"C:/Program Files/Unity/Hub/Editor/6000.2.6f1/Editor/Data/Managed/UnityEngine/UnityEngine.PerformanceReportingModule.dll"
-r:"C:/Program Files/Unity/Hub/Editor/6000.2.6f1/Editor/Data/Managed/UnityEngine/UnityEngine.Physics2DModule.dll"
-r:"C:/Program Files/Unity/Hub/Editor/6000.2.6f1/Editor/Data/Managed/UnityEngine/UnityEngine.PhysicsModule.dll"
-r:"C:/Program Files/Unity/Hub/Editor/6000.2.6f1/Editor/Data/Managed/UnityEngine/UnityEngine.PropertiesModule.dll"
-r:"C:/Program Files/Unity/Hub/Editor/6000.2.6f1/Editor/Data/Managed/UnityEngine/UnityEngine.RuntimeInitializeOnLoadManagerInitializerModule.dll"
-r:"C:/Program Files/Unity/Hub/Editor/6000.2.6f1/Editor/Data/Managed/UnityEngine/UnityEngine.ScreenCaptureModule.dll"
-r:"C:/Program Files/Unity/Hub/Editor/6000.2.6f1/Editor/Data/Managed/UnityEngine/UnityEngine.ShaderVariantAnalyticsModule.dll"
-r:"C:/Program Files/Unity/Hub/Editor/6000.2.6f1/Editor/Data/Managed/UnityEngine/UnityEngine.SharedInternalsModule.dll"
-r:"C:/Program Files/Unity/Hub/Editor/6000.2.6f1/Editor/Data/Managed/UnityEngine/UnityEngine.SpriteMaskModule.dll"
-r:"C:/Program Files/Unity/Hub/Editor/6000.2.6f1/Editor/Data/Managed/UnityEngine/UnityEngine.SpriteShapeModule.dll"
-r:"C:/Program Files/Unity/Hub/Editor/6000.2.6f1/Editor/Data/Managed/UnityEngine/UnityEngine.StreamingModule.dll"
-r:"C:/Program Files/Unity/Hub/Editor/6000.2.6f1/Editor/Data/Managed/UnityEngine/UnityEngine.SubstanceModule.dll"
-r:"C:/Program Files/Unity/Hub/Editor/6000.2.6f1/Editor/Data/Managed/UnityEngine/UnityEngine.SubsystemsModule.dll"
-r:"C:/Program Files/Unity/Hub/Editor/6000.2.6f1/Editor/Data/Managed/UnityEngine/UnityEngine.TerrainModule.dll"
-r:"C:/Program Files/Unity/Hub/Editor/6000.2.6f1/Editor/Data/Managed/UnityEngine/UnityEngine.TerrainPhysicsModule.dll"
-r:"C:/Program Files/Unity/Hub/Editor/6000.2.6f1/Editor/Data/Managed/UnityEngine/UnityEngine.TextCoreFontEngineModule.dll"
-r:"C:/Program Files/Unity/Hub/Editor/6000.2.6f1/Editor/Data/Managed/UnityEngine/UnityEngine.TextCoreTextEngineModule.dll"
-r:"C:/Program Files/Unity/Hub/Editor/6000.2.6f1/Editor/Data/Managed/UnityEngine/UnityEngine.TextRenderingModule.dll"
-r:"C:/Program Files/Unity/Hub/Editor/6000.2.6f1/Editor/Data/Managed/UnityEngine/UnityEngine.TilemapModule.dll"
-r:"C:/Program Files/Unity/Hub/Editor/6000.2.6f1/Editor/Data/Managed/UnityEngine/UnityEngine.TLSModule.dll"
-r:"C:/Program Files/Unity/Hub/Editor/6000.2.6f1/Editor/Data/Managed/UnityEngine/UnityEngine.UIElementsModule.dll"
-r:"C:/Program Files/Unity/Hub/Editor/6000.2.6f1/Editor/Data/Managed/UnityEngine/UnityEngine.UIModule.dll"
-r:"C:/Program Files/Unity/Hub/Editor/6000.2.6f1/Editor/Data/Managed/UnityEngine/UnityEngine.UmbraModule.dll"
-r:"C:/Program Files/Unity/Hub/Editor/6000.2.6f1/Editor/Data/Managed/UnityEngine/UnityEngine.UnityAnalyticsCommonModule.dll"
-r:"C:/Program Files/Unity/Hub/Editor/6000.2.6f1/Editor/Data/Managed/UnityEngine/UnityEngine.UnityAnalyticsModule.dll"
-r:"C:/Program Files/Unity/Hub/Editor/6000.2.6f1/Editor/Data/Managed/UnityEngine/UnityEngine.UnityConnectModule.dll"
-r:"C:/Program Files/Unity/Hub/Editor/6000.2.6f1/Editor/Data/Managed/UnityEngine/UnityEngine.UnityConsentModule.dll"
-r:"C:/Program Files/Unity/Hub/Editor/6000.2.6f1/Editor/Data/Managed/UnityEngine/UnityEngine.UnityCurlModule.dll"
-r:"C:/Program Files/Unity/Hub/Editor/6000.2.6f1/Editor/Data/Managed/UnityEngine/UnityEngine.UnityTestProtocolModule.dll"
-r:"C:/Program Files/Unity/Hub/Editor/6000.2.6f1/Editor/Data/Managed/UnityEngine/UnityEngine.UnityWebRequestAssetBundleModule.dll"
-r:"C:/Program Files/Unity/Hub/Editor/6000.2.6f1/Editor/Data/Managed/UnityEngine/UnityEngine.UnityWebRequestAudioModule.dll"
-r:"C:/Program Files/Unity/Hub/Editor/6000.2.6f1/Editor/Data/Managed/UnityEngine/UnityEngine.UnityWebRequestModule.dll"
-r:"C:/Program Files/Unity/Hub/Editor/6000.2.6f1/Editor/Data/Managed/UnityEngine/UnityEngine.UnityWebRequestTextureModule.dll"
-r:"C:/Program Files/Unity/Hub/Editor/6000.2.6f1/Editor/Data/Managed/UnityEngine/UnityEngine.UnityWebRequestWWWModule.dll"
-r:"C:/Program Files/Unity/Hub/Editor/6000.2.6f1/Editor/Data/Managed/UnityEngine/UnityEngine.VehiclesModule.dll"
-r:"C:/Program Files/Unity/Hub/Editor/6000.2.6f1/Editor/Data/Managed/UnityEngine/UnityEngine.VFXModule.dll"
-r:"C:/Program Files/Unity/Hub/Editor/6000.2.6f1/Editor/Data/Managed/UnityEngine/UnityEngine.VideoModule.dll"
-r:"C:/Program Files/Unity/Hub/Editor/6000.2.6f1/Editor/Data/Managed/UnityEngine/UnityEngine.VirtualTexturingModule.dll"
-r:"C:/Program Files/Unity/Hub/Editor/6000.2.6f1/Editor/Data/Managed/UnityEngine/UnityEngine.VRModule.dll"
-r:"C:/Program Files/Unity/Hub/Editor/6000.2.6f1/Editor/Data/Managed/UnityEngine/UnityEngine.WindModule.dll"
-r:"C:/Program Files/Unity/Hub/Editor/6000.2.6f1/Editor/Data/Managed/UnityEngine/UnityEngine.XRModule.dll"
-r:"C:/Program Files/Unity/Hub/Editor/6000.2.6f1/Editor/Data/UnityReferenceAssemblies/unity-4.8-api/Facades/Microsoft.Win32.Primitives.dll"
-r:"C:/Program Files/Unity/Hub/Editor/6000.2.6f1/Editor/Data/UnityReferenceAssemblies/unity-4.8-api/Facades/netstandard.dll"
-r:"C:/Program Files/Unity/Hub/Editor/6000.2.6f1/Editor/Data/UnityReferenceAssemblies/unity-4.8-api/Facades/System.AppContext.dll"
-r:"C:/Program Files/Unity/Hub/Editor/6000.2.6f1/Editor/Data/UnityReferenceAssemblies/unity-4.8-api/Facades/System.Buffers.dll"
-r:"C:/Program Files/Unity/Hub/Editor/6000.2.6f1/Editor/Data/UnityReferenceAssemblies/unity-4.8-api/Facades/System.Collections.Concurrent.dll"
-r:"C:/Program Files/Unity/Hub/Editor/6000.2.6f1/Editor/Data/UnityReferenceAssemblies/unity-4.8-api/Facades/System.Collections.dll"
-r:"C:/Program Files/Unity/Hub/Editor/6000.2.6f1/Editor/Data/UnityReferenceAssemblies/unity-4.8-api/Facades/System.Collections.NonGeneric.dll"
-r:"C:/Program Files/Unity/Hub/Editor/6000.2.6f1/Editor/Data/UnityReferenceAssemblies/unity-4.8-api/Facades/System.Collections.Specialized.dll"
-r:"C:/Program Files/Unity/Hub/Editor/6000.2.6f1/Editor/Data/UnityReferenceAssemblies/unity-4.8-api/Facades/System.ComponentModel.Annotations.dll"
-r:"C:/Program Files/Unity/Hub/Editor/6000.2.6f1/Editor/Data/UnityReferenceAssemblies/unity-4.8-api/Facades/System.ComponentModel.dll"
-r:"C:/Program Files/Unity/Hub/Editor/6000.2.6f1/Editor/Data/UnityReferenceAssemblies/unity-4.8-api/Facades/System.ComponentModel.EventBasedAsync.dll"
-r:"C:/Program Files/Unity/Hub/Editor/6000.2.6f1/Editor/Data/UnityReferenceAssemblies/unity-4.8-api/Facades/System.ComponentModel.Primitives.dll"
-r:"C:/Program Files/Unity/Hub/Editor/6000.2.6f1/Editor/Data/UnityReferenceAssemblies/unity-4.8-api/Facades/System.ComponentModel.TypeConverter.dll"
-r:"C:/Program Files/Unity/Hub/Editor/6000.2.6f1/Editor/Data/UnityReferenceAssemblies/unity-4.8-api/Facades/System.Console.dll"
-r:"C:/Program Files/Unity/Hub/Editor/6000.2.6f1/Editor/Data/UnityReferenceAssemblies/unity-4.8-api/Facades/System.Data.Common.dll"
-r:"C:/Program Files/Unity/Hub/Editor/6000.2.6f1/Editor/Data/UnityReferenceAssemblies/unity-4.8-api/Facades/System.Diagnostics.Contracts.dll"
-r:"C:/Program Files/Unity/Hub/Editor/6000.2.6f1/Editor/Data/UnityReferenceAssemblies/unity-4.8-api/Facades/System.Diagnostics.Debug.dll"
-r:"C:/Program Files/Unity/Hub/Editor/6000.2.6f1/Editor/Data/UnityReferenceAssemblies/unity-4.8-api/Facades/System.Diagnostics.FileVersionInfo.dll"
-r:"C:/Program Files/Unity/Hub/Editor/6000.2.6f1/Editor/Data/UnityReferenceAssemblies/unity-4.8-api/Facades/System.Diagnostics.Process.dll"
-r:"C:/Program Files/Unity/Hub/Editor/6000.2.6f1/Editor/Data/UnityReferenceAssemblies/unity-4.8-api/Facades/System.Diagnostics.StackTrace.dll"
-r:"C:/Program Files/Unity/Hub/Editor/6000.2.6f1/Editor/Data/UnityReferenceAssemblies/unity-4.8-api/Facades/System.Diagnostics.TextWriterTraceListener.dll"
-r:"C:/Program Files/Unity/Hub/Editor/6000.2.6f1/Editor/Data/UnityReferenceAssemblies/unity-4.8-api/Facades/System.Diagnostics.Tools.dll"
-r:"C:/Program Files/Unity/Hub/Editor/6000.2.6f1/Editor/Data/UnityReferenceAssemblies/unity-4.8-api/Facades/System.Diagnostics.TraceSource.dll"
-r:"C:/Program Files/Unity/Hub/Editor/6000.2.6f1/Editor/Data/UnityReferenceAssemblies/unity-4.8-api/Facades/System.Drawing.Primitives.dll"
-r:"C:/Program Files/Unity/Hub/Editor/6000.2.6f1/Editor/Data/UnityReferenceAssemblies/unity-4.8-api/Facades/System.Dynamic.Runtime.dll"
-r:"C:/Program Files/Unity/Hub/Editor/6000.2.6f1/Editor/Data/UnityReferenceAssemblies/unity-4.8-api/Facades/System.Globalization.Calendars.dll"
-r:"C:/Program Files/Unity/Hub/Editor/6000.2.6f1/Editor/Data/UnityReferenceAssemblies/unity-4.8-api/Facades/System.Globalization.dll"
-r:"C:/Program Files/Unity/Hub/Editor/6000.2.6f1/Editor/Data/UnityReferenceAssemblies/unity-4.8-api/Facades/System.Globalization.Extensions.dll"
-r:"C:/Program Files/Unity/Hub/Editor/6000.2.6f1/Editor/Data/UnityReferenceAssemblies/unity-4.8-api/Facades/System.IO.Compression.ZipFile.dll"
-r:"C:/Program Files/Unity/Hub/Editor/6000.2.6f1/Editor/Data/UnityReferenceAssemblies/unity-4.8-api/Facades/System.IO.dll"
-r:"C:/Program Files/Unity/Hub/Editor/6000.2.6f1/Editor/Data/UnityReferenceAssemblies/unity-4.8-api/Facades/System.IO.FileSystem.dll"
-r:"C:/Program Files/Unity/Hub/Editor/6000.2.6f1/Editor/Data/UnityReferenceAssemblies/unity-4.8-api/Facades/System.IO.FileSystem.DriveInfo.dll"
-r:"C:/Program Files/Unity/Hub/Editor/6000.2.6f1/Editor/Data/UnityReferenceAssemblies/unity-4.8-api/Facades/System.IO.FileSystem.Primitives.dll"
-r:"C:/Program Files/Unity/Hub/Editor/6000.2.6f1/Editor/Data/UnityReferenceAssemblies/unity-4.8-api/Facades/System.IO.FileSystem.Watcher.dll"
-r:"C:/Program Files/Unity/Hub/Editor/6000.2.6f1/Editor/Data/UnityReferenceAssemblies/unity-4.8-api/Facades/System.IO.IsolatedStorage.dll"
-r:"C:/Program Files/Unity/Hub/Editor/6000.2.6f1/Editor/Data/UnityReferenceAssemblies/unity-4.8-api/Facades/System.IO.MemoryMappedFiles.dll"
-r:"C:/Program Files/Unity/Hub/Editor/6000.2.6f1/Editor/Data/UnityReferenceAssemblies/unity-4.8-api/Facades/System.IO.Pipes.dll"
-r:"C:/Program Files/Unity/Hub/Editor/6000.2.6f1/Editor/Data/UnityReferenceAssemblies/unity-4.8-api/Facades/System.IO.UnmanagedMemoryStream.dll"
-r:"C:/Program Files/Unity/Hub/Editor/6000.2.6f1/Editor/Data/UnityReferenceAssemblies/unity-4.8-api/Facades/System.Linq.dll"
-r:"C:/Program Files/Unity/Hub/Editor/6000.2.6f1/Editor/Data/UnityReferenceAssemblies/unity-4.8-api/Facades/System.Linq.Expressions.dll"
-r:"C:/Program Files/Unity/Hub/Editor/6000.2.6f1/Editor/Data/UnityReferenceAssemblies/unity-4.8-api/Facades/System.Linq.Parallel.dll"
-r:"C:/Program Files/Unity/Hub/Editor/6000.2.6f1/Editor/Data/UnityReferenceAssemblies/unity-4.8-api/Facades/System.Linq.Queryable.dll"
-r:"C:/Program Files/Unity/Hub/Editor/6000.2.6f1/Editor/Data/UnityReferenceAssemblies/unity-4.8-api/Facades/System.Memory.dll"
-r:"C:/Program Files/Unity/Hub/Editor/6000.2.6f1/Editor/Data/UnityReferenceAssemblies/unity-4.8-api/Facades/System.Net.Http.Rtc.dll"
-r:"C:/Program Files/Unity/Hub/Editor/6000.2.6f1/Editor/Data/UnityReferenceAssemblies/unity-4.8-api/Facades/System.Net.NameResolution.dll"
-r:"C:/Program Files/Unity/Hub/Editor/6000.2.6f1/Editor/Data/UnityReferenceAssemblies/unity-4.8-api/Facades/System.Net.NetworkInformation.dll"
-r:"C:/Program Files/Unity/Hub/Editor/6000.2.6f1/Editor/Data/UnityReferenceAssemblies/unity-4.8-api/Facades/System.Net.Ping.dll"
-r:"C:/Program Files/Unity/Hub/Editor/6000.2.6f1/Editor/Data/UnityReferenceAssemblies/unity-4.8-api/Facades/System.Net.Primitives.dll"
-r:"C:/Program Files/Unity/Hub/Editor/6000.2.6f1/Editor/Data/UnityReferenceAssemblies/unity-4.8-api/Facades/System.Net.Requests.dll"
-r:"C:/Program Files/Unity/Hub/Editor/6000.2.6f1/Editor/Data/UnityReferenceAssemblies/unity-4.8-api/Facades/System.Net.Security.dll"
-r:"C:/Program Files/Unity/Hub/Editor/6000.2.6f1/Editor/Data/UnityReferenceAssemblies/unity-4.8-api/Facades/System.Net.Sockets.dll"
-r:"C:/Program Files/Unity/Hub/Editor/6000.2.6f1/Editor/Data/UnityReferenceAssemblies/unity-4.8-api/Facades/System.Net.WebHeaderCollection.dll"
-r:"C:/Program Files/Unity/Hub/Editor/6000.2.6f1/Editor/Data/UnityReferenceAssemblies/unity-4.8-api/Facades/System.Net.WebSockets.Client.dll"
-r:"C:/Program Files/Unity/Hub/Editor/6000.2.6f1/Editor/Data/UnityReferenceAssemblies/unity-4.8-api/Facades/System.Net.WebSockets.dll"
-r:"C:/Program Files/Unity/Hub/Editor/6000.2.6f1/Editor/Data/UnityReferenceAssemblies/unity-4.8-api/Facades/System.ObjectModel.dll"
-r:"C:/Program Files/Unity/Hub/Editor/6000.2.6f1/Editor/Data/UnityReferenceAssemblies/unity-4.8-api/Facades/System.Reflection.DispatchProxy.dll"
-r:"C:/Program Files/Unity/Hub/Editor/6000.2.6f1/Editor/Data/UnityReferenceAssemblies/unity-4.8-api/Facades/System.Reflection.dll"
-r:"C:/Program Files/Unity/Hub/Editor/6000.2.6f1/Editor/Data/UnityReferenceAssemblies/unity-4.8-api/Facades/System.Reflection.Emit.dll"
-r:"C:/Program Files/Unity/Hub/Editor/6000.2.6f1/Editor/Data/UnityReferenceAssemblies/unity-4.8-api/Facades/System.Reflection.Emit.ILGeneration.dll"
-r:"C:/Program Files/Unity/Hub/Editor/6000.2.6f1/Editor/Data/UnityReferenceAssemblies/unity-4.8-api/Facades/System.Reflection.Emit.Lightweight.dll"
-r:"C:/Program Files/Unity/Hub/Editor/6000.2.6f1/Editor/Data/UnityReferenceAssemblies/unity-4.8-api/Facades/System.Reflection.Extensions.dll"
-r:"C:/Program Files/Unity/Hub/Editor/6000.2.6f1/Editor/Data/UnityReferenceAssemblies/unity-4.8-api/Facades/System.Reflection.Primitives.dll"
-r:"C:/Program Files/Unity/Hub/Editor/6000.2.6f1/Editor/Data/UnityReferenceAssemblies/unity-4.8-api/Facades/System.Resources.Reader.dll"
-r:"C:/Program Files/Unity/Hub/Editor/6000.2.6f1/Editor/Data/UnityReferenceAssemblies/unity-4.8-api/Facades/System.Resources.ResourceManager.dll"
-r:"C:/Program Files/Unity/Hub/Editor/6000.2.6f1/Editor/Data/UnityReferenceAssemblies/unity-4.8-api/Facades/System.Resources.Writer.dll"
-r:"C:/Program Files/Unity/Hub/Editor/6000.2.6f1/Editor/Data/UnityReferenceAssemblies/unity-4.8-api/Facades/System.Runtime.CompilerServices.VisualC.dll"
-r:"C:/Program Files/Unity/Hub/Editor/6000.2.6f1/Editor/Data/UnityReferenceAssemblies/unity-4.8-api/Facades/System.Runtime.dll"
-r:"C:/Program Files/Unity/Hub/Editor/6000.2.6f1/Editor/Data/UnityReferenceAssemblies/unity-4.8-api/Facades/System.Runtime.Extensions.dll"
-r:"C:/Program Files/Unity/Hub/Editor/6000.2.6f1/Editor/Data/UnityReferenceAssemblies/unity-4.8-api/Facades/System.Runtime.Handles.dll"
-r:"C:/Program Files/Unity/Hub/Editor/6000.2.6f1/Editor/Data/UnityReferenceAssemblies/unity-4.8-api/Facades/System.Runtime.InteropServices.dll"
-r:"C:/Program Files/Unity/Hub/Editor/6000.2.6f1/Editor/Data/UnityReferenceAssemblies/unity-4.8-api/Facades/System.Runtime.InteropServices.RuntimeInformation.dll"
-r:"C:/Program Files/Unity/Hub/Editor/6000.2.6f1/Editor/Data/UnityReferenceAssemblies/unity-4.8-api/Facades/System.Runtime.InteropServices.WindowsRuntime.dll"
-r:"C:/Program Files/Unity/Hub/Editor/6000.2.6f1/Editor/Data/UnityReferenceAssemblies/unity-4.8-api/Facades/System.Runtime.Numerics.dll"
-r:"C:/Program Files/Unity/Hub/Editor/6000.2.6f1/Editor/Data/UnityReferenceAssemblies/unity-4.8-api/Facades/System.Runtime.Serialization.Formatters.dll"
-r:"C:/Program Files/Unity/Hub/Editor/6000.2.6f1/Editor/Data/UnityReferenceAssemblies/unity-4.8-api/Facades/System.Runtime.Serialization.Json.dll"
-r:"C:/Program Files/Unity/Hub/Editor/6000.2.6f1/Editor/Data/UnityReferenceAssemblies/unity-4.8-api/Facades/System.Runtime.Serialization.Primitives.dll"
-r:"C:/Program Files/Unity/Hub/Editor/6000.2.6f1/Editor/Data/UnityReferenceAssemblies/unity-4.8-api/Facades/System.Runtime.Serialization.Xml.dll"
-r:"C:/Program Files/Unity/Hub/Editor/6000.2.6f1/Editor/Data/UnityReferenceAssemblies/unity-4.8-api/Facades/System.Security.Claims.dll"
-r:"C:/Program Files/Unity/Hub/Editor/6000.2.6f1/Editor/Data/UnityReferenceAssemblies/unity-4.8-api/Facades/System.Security.Cryptography.Algorithms.dll"
-r:"C:/Program Files/Unity/Hub/Editor/6000.2.6f1/Editor/Data/UnityReferenceAssemblies/unity-4.8-api/Facades/System.Security.Cryptography.Csp.dll"
-r:"C:/Program Files/Unity/Hub/Editor/6000.2.6f1/Editor/Data/UnityReferenceAssemblies/unity-4.8-api/Facades/System.Security.Cryptography.Encoding.dll"
-r:"C:/Program Files/Unity/Hub/Editor/6000.2.6f1/Editor/Data/UnityReferenceAssemblies/unity-4.8-api/Facades/System.Security.Cryptography.Primitives.dll"
-r:"C:/Program Files/Unity/Hub/Editor/6000.2.6f1/Editor/Data/UnityReferenceAssemblies/unity-4.8-api/Facades/System.Security.Cryptography.X509Certificates.dll"
-r:"C:/Program Files/Unity/Hub/Editor/6000.2.6f1/Editor/Data/UnityReferenceAssemblies/unity-4.8-api/Facades/System.Security.Principal.dll"
-r:"C:/Program Files/Unity/Hub/Editor/6000.2.6f1/Editor/Data/UnityReferenceAssemblies/unity-4.8-api/Facades/System.Security.SecureString.dll"
-r:"C:/Program Files/Unity/Hub/Editor/6000.2.6f1/Editor/Data/UnityReferenceAssemblies/unity-4.8-api/Facades/System.ServiceModel.Duplex.dll"
-r:"C:/Program Files/Unity/Hub/Editor/6000.2.6f1/Editor/Data/UnityReferenceAssemblies/unity-4.8-api/Facades/System.ServiceModel.Http.dll"
-r:"C:/Program Files/Unity/Hub/Editor/6000.2.6f1/Editor/Data/UnityReferenceAssemblies/unity-4.8-api/Facades/System.ServiceModel.NetTcp.dll"
-r:"C:/Program Files/Unity/Hub/Editor/6000.2.6f1/Editor/Data/UnityReferenceAssemblies/unity-4.8-api/Facades/System.ServiceModel.Primitives.dll"
-r:"C:/Program Files/Unity/Hub/Editor/6000.2.6f1/Editor/Data/UnityReferenceAssemblies/unity-4.8-api/Facades/System.ServiceModel.Security.dll"
-r:"C:/Program Files/Unity/Hub/Editor/6000.2.6f1/Editor/Data/UnityReferenceAssemblies/unity-4.8-api/Facades/System.Text.Encoding.dll"
-r:"C:/Program Files/Unity/Hub/Editor/6000.2.6f1/Editor/Data/UnityReferenceAssemblies/unity-4.8-api/Facades/System.Text.Encoding.Extensions.dll"
-r:"C:/Program Files/Unity/Hub/Editor/6000.2.6f1/Editor/Data/UnityReferenceAssemblies/unity-4.8-api/Facades/System.Text.RegularExpressions.dll"
-r:"C:/Program Files/Unity/Hub/Editor/6000.2.6f1/Editor/Data/UnityReferenceAssemblies/unity-4.8-api/Facades/System.Threading.dll"
-r:"C:/Program Files/Unity/Hub/Editor/6000.2.6f1/Editor/Data/UnityReferenceAssemblies/unity-4.8-api/Facades/System.Threading.Overlapped.dll"
-r:"C:/Program Files/Unity/Hub/Editor/6000.2.6f1/Editor/Data/UnityReferenceAssemblies/unity-4.8-api/Facades/System.Threading.Tasks.dll"
-r:"C:/Program Files/Unity/Hub/Editor/6000.2.6f1/Editor/Data/UnityReferenceAssemblies/unity-4.8-api/Facades/System.Threading.Tasks.Extensions.dll"
-r:"C:/Program Files/Unity/Hub/Editor/6000.2.6f1/Editor/Data/UnityReferenceAssemblies/unity-4.8-api/Facades/System.Threading.Tasks.Parallel.dll"
-r:"C:/Program Files/Unity/Hub/Editor/6000.2.6f1/Editor/Data/UnityReferenceAssemblies/unity-4.8-api/Facades/System.Threading.Thread.dll"
-r:"C:/Program Files/Unity/Hub/Editor/6000.2.6f1/Editor/Data/UnityReferenceAssemblies/unity-4.8-api/Facades/System.Threading.ThreadPool.dll"
-r:"C:/Program Files/Unity/Hub/Editor/6000.2.6f1/Editor/Data/UnityReferenceAssemblies/unity-4.8-api/Facades/System.Threading.Timer.dll"
-r:"C:/Program Files/Unity/Hub/Editor/6000.2.6f1/Editor/Data/UnityReferenceAssemblies/unity-4.8-api/Facades/System.ValueTuple.dll"
-r:"C:/Program Files/Unity/Hub/Editor/6000.2.6f1/Editor/Data/UnityReferenceAssemblies/unity-4.8-api/Facades/System.Xml.ReaderWriter.dll"
-r:"C:/Program Files/Unity/Hub/Editor/6000.2.6f1/Editor/Data/UnityReferenceAssemblies/unity-4.8-api/Facades/System.Xml.XDocument.dll"
-r:"C:/Program Files/Unity/Hub/Editor/6000.2.6f1/Editor/Data/UnityReferenceAssemblies/unity-4.8-api/Facades/System.Xml.XmlDocument.dll"
-r:"C:/Program Files/Unity/Hub/Editor/6000.2.6f1/Editor/Data/UnityReferenceAssemblies/unity-4.8-api/Facades/System.Xml.XmlSerializer.dll"
-r:"C:/Program Files/Unity/Hub/Editor/6000.2.6f1/Editor/Data/UnityReferenceAssemblies/unity-4.8-api/Facades/System.Xml.XPath.dll"
-r:"C:/Program Files/Unity/Hub/Editor/6000.2.6f1/Editor/Data/UnityReferenceAssemblies/unity-4.8-api/Facades/System.Xml.XPath.XDocument.dll"
-r:"C:/Program Files/Unity/Hub/Editor/6000.2.6f1/Editor/Data/UnityReferenceAssemblies/unity-4.8-api/Microsoft.CSharp.dll"
-r:"C:/Program Files/Unity/Hub/Editor/6000.2.6f1/Editor/Data/UnityReferenceAssemblies/unity-4.8-api/mscorlib.dll"
-r:"C:/Program Files/Unity/Hub/Editor/6000.2.6f1/Editor/Data/UnityReferenceAssemblies/unity-4.8-api/System.ComponentModel.Composition.dll"
-r:"C:/Program Files/Unity/Hub/Editor/6000.2.6f1/Editor/Data/UnityReferenceAssemblies/unity-4.8-api/System.Core.dll"
-r:"C:/Program Files/Unity/Hub/Editor/6000.2.6f1/Editor/Data/UnityReferenceAssemblies/unity-4.8-api/System.Data.DataSetExtensions.dll"
-r:"C:/Program Files/Unity/Hub/Editor/6000.2.6f1/Editor/Data/UnityReferenceAssemblies/unity-4.8-api/System.Data.dll"
-r:"C:/Program Files/Unity/Hub/Editor/6000.2.6f1/Editor/Data/UnityReferenceAssemblies/unity-4.8-api/System.dll"
-r:"C:/Program Files/Unity/Hub/Editor/6000.2.6f1/Editor/Data/UnityReferenceAssemblies/unity-4.8-api/System.Drawing.dll"
-r:"C:/Program Files/Unity/Hub/Editor/6000.2.6f1/Editor/Data/UnityReferenceAssemblies/unity-4.8-api/System.IO.Compression.dll"
-r:"C:/Program Files/Unity/Hub/Editor/6000.2.6f1/Editor/Data/UnityReferenceAssemblies/unity-4.8-api/System.IO.Compression.FileSystem.dll"
-r:"C:/Program Files/Unity/Hub/Editor/6000.2.6f1/Editor/Data/UnityReferenceAssemblies/unity-4.8-api/System.Net.Http.dll"
-r:"C:/Program Files/Unity/Hub/Editor/6000.2.6f1/Editor/Data/UnityReferenceAssemblies/unity-4.8-api/System.Numerics.dll"
-r:"C:/Program Files/Unity/Hub/Editor/6000.2.6f1/Editor/Data/UnityReferenceAssemblies/unity-4.8-api/System.Numerics.Vectors.dll"
-r:"C:/Program Files/Unity/Hub/Editor/6000.2.6f1/Editor/Data/UnityReferenceAssemblies/unity-4.8-api/System.Runtime.Serialization.dll"
-r:"C:/Program Files/Unity/Hub/Editor/6000.2.6f1/Editor/Data/UnityReferenceAssemblies/unity-4.8-api/System.Transactions.dll"
-r:"C:/Program Files/Unity/Hub/Editor/6000.2.6f1/Editor/Data/UnityReferenceAssemblies/unity-4.8-api/System.Xml.dll"
-r:"C:/Program Files/Unity/Hub/Editor/6000.2.6f1/Editor/Data/UnityReferenceAssemblies/unity-4.8-api/System.Xml.Linq.dll"
-r:"Library/Bee/artifacts/1900b0aE.dag/Unity.Multiplayer.Center.Common.ref.dll"
-r:"Library/Bee/artifacts/1900b0aE.dag/Unity.Multiplayer.Center.Editor.ref.dll"
-r:"Library/Bee/artifacts/1900b0aE.dag/Unity.TextMeshPro.Editor.ref.dll"
-r:"Library/Bee/artifacts/1900b0aE.dag/Unity.TextMeshPro.ref.dll"
-r:"Library/Bee/artifacts/1900b0aE.dag/UnityEditor.UI.ref.dll"
-r:"Library/Bee/artifacts/1900b0aE.dag/UnityEngine.UI.ref.dll"
-analyzer:"C:/Program Files/Unity/Hub/Editor/6000.2.6f1/Editor/Data/Tools/Unity.SourceGenerators/Unity.Properties.SourceGenerator.dll"
-analyzer:"C:/Program Files/Unity/Hub/Editor/6000.2.6f1/Editor/Data/Tools/Unity.SourceGenerators/Unity.SourceGenerators.dll"
-analyzer:"C:/Program Files/Unity/Hub/Editor/6000.2.6f1/Editor/Data/Tools/Unity.SourceGenerators/Unity.UIToolkit.SourceGenerator.dll"
"Assets/Scripts/AudioTestValidator.cs"
"Assets/Scripts/GameManager.cs"
"Assets/Scripts/TestRunner.cs"
"Assets/Scripts/UITestValidator.cs"
"Assets/Trae/Scripts/Audio/AudioManager.cs"
"Assets/Trae/Scripts/Audio/IAudioManager.cs"
"Assets/Trae/Scripts/Core/GameManager.cs"
"Assets/Trae/Scripts/Core/GameSceneManager.cs"
"Assets/Trae/Scripts/Core/IPlayerPositionCalculator.cs"
"Assets/Trae/Scripts/Core/ITouchProcessor.cs"
"Assets/Trae/Scripts/Core/PlayerPositionCalculator.cs"
"Assets/Trae/Scripts/Core/TouchProcessor.cs"
"Assets/Trae/Scripts/Data/DataManager.cs"
"Assets/Trae/Scripts/Data/IDataManager.cs"
"Assets/Trae/Scripts/Gameplay/HaiDoonGameManager.cs"
"Assets/Trae/Scripts/Gameplay/IGameManager.cs"
"Assets/Trae/Scripts/UI/GameplayController.cs"
"Assets/Trae/Scripts/UI/MainMenuController.cs"
-langversion:9.0
/deterministic
/optimize+
/debug:portable
/nologo
/RuntimeMetadataVersion:v4.0.30319
/nowarn:0169
/nowarn:0649
/nowarn:0282
/nowarn:1701
/nowarn:1702
/utf8output
/preferreduilang:en-US
/additionalfile:"Library/Bee/artifacts/1900b0aE.dag/Assembly-CSharp.UnityAdditionalFile.txt"
##### Custom Environment Variables
DOTNET_MULTILEVEL_LOOKUP=0
##### ExitCode
1
##### Output
Assets\Trae\Scripts\UI\GameplayController.cs(7,12): error CS0234: The type or namespace name 'Input' does not exist in the namespace 'Trae' (are you missing an assembly reference?)

Assets\Trae\Scripts\UI\GameplayController.cs(22,34): error CS0246: The type or namespace name 'TouchProcessor' could not be found (are you missing a using directive or an assembly reference?)
[198/206    0s] Csc Library/Bee/artifacts/1900b0aE.dag/Trae.Tests.dll (+2 others)
##### CommandLine
"C:\Program Files\Unity\Hub\Editor\6000.2.6f1\Editor\Data\NetCoreRuntime\dotnet.exe" exec "C:/Program Files/Unity/Hub/Editor/6000.2.6f1/Editor/Data/DotNetSdkRoslyn/csc.dll" /nostdlib /noconfig /shared "@Library/Bee/artifacts/1900b0aE.dag/Trae.Tests.rsp" "@Library/Bee/artifacts/1900b0aE.dag/Trae.Tests.rsp2"
##### Contents of Library\Bee\artifacts\1900b0aE.dag\Trae.Tests.rsp
-target:library
-out:"Library/Bee/artifacts/1900b0aE.dag/Trae.Tests.dll"
-refout:"Library/Bee/artifacts/1900b0aE.dag/Trae.Tests.ref.dll"
-define:UNITY_6000_2_6
-define:UNITY_6000_2
-define:UNITY_6000
-define:UNITY_5_3_OR_NEWER
-define:UNITY_5_4_OR_NEWER
-define:UNITY_5_5_OR_NEWER
-define:UNITY_5_6_OR_NEWER
-define:UNITY_2017_1_OR_NEWER
-define:UNITY_2017_2_OR_NEWER
-define:UNITY_2017_3_OR_NEWER
-define:UNITY_2017_4_OR_NEWER
-define:UNITY_2018_1_OR_NEWER
-define:UNITY_2018_2_OR_NEWER
-define:UNITY_2018_3_OR_NEWER
-define:UNITY_2018_4_OR_NEWER
-define:UNITY_2019_1_OR_NEWER
-define:UNITY_2019_2_OR_NEWER
-define:UNITY_2019_3_OR_NEWER
-define:UNITY_2019_4_OR_NEWER
-define:UNITY_2020_1_OR_NEWER
-define:UNITY_2020_2_OR_NEWER
-define:UNITY_2020_3_OR_NEWER
-define:UNITY_2021_1_OR_NEWER
-define:UNITY_2021_2_OR_NEWER
-define:UNITY_2021_3_OR_NEWER
-define:UNITY_2022_1_OR_NEWER
-define:UNITY_2022_2_OR_NEWER
-define:UNITY_2022_3_OR_NEWER
-define:UNITY_2023_1_OR_NEWER
-define:UNITY_2023_2_OR_NEWER
-define:UNITY_2023_3_OR_NEWER
-define:UNITY_6000_0_OR_NEWER
-define:UNITY_6000_1_OR_NEWER
-define:UNITY_6000_2_OR_NEWER
-define:PLATFORM_ARCH_64
-define:UNITY_64
-define:UNITY_INCLUDE_TESTS
-define:ENABLE_AR
-define:ENABLE_AUDIO
-define:ENABLE_CACHING
-define:ENABLE_CLOTH
-define:ENABLE_EVENT_QUEUE
-define:ENABLE_MICROPHONE
-define:ENABLE_MULTIPLE_DISPLAYS
-define:ENABLE_PHYSICS
-define:ENABLE_TEXTURE_STREAMING
-define:ENABLE_VIRTUALTEXTURING
-define:ENABLE_LZMA
-define:ENABLE_UNITYEVENTS
-define:ENABLE_VR
-define:ENABLE_WEBCAM
-define:ENABLE_UNITYWEBREQUEST
-define:ENABLE_WWW
-define:ENABLE_CLOUD_SERVICES
-define:ENABLE_CLOUD_SERVICES_ADS
-define:ENABLE_CLOUD_SERVICES_USE_WEBREQUEST
-define:ENABLE_UNITY_CONSENT
-define:ENABLE_UNITY_CLOUD_IDENTIFIERS
-define:ENABLE_CLOUD_SERVICES_CRASH_REPORTING
-define:ENABLE_CLOUD_SERVICES_NATIVE_CRASH_REPORTING
-define:ENABLE_CLOUD_SERVICES_PURCHASING
-define:ENABLE_CLOUD_SERVICES_ANALYTICS
-define:ENABLE_CLOUD_SERVICES_BUILD
-define:ENABLE_EDITOR_GAME_SERVICES
-define:ENABLE_UNITY_GAME_SERVICES_ANALYTICS_SUPPORT
-define:ENABLE_CLOUD_LICENSE
-define:ENABLE_EDITOR_HUB_LICENSE
-define:ENABLE_WEBSOCKET_CLIENT
-define:ENABLE_GENERATE_NATIVE_PLUGINS_FOR_ASSEMBLIES_API
-define:ENABLE_DIRECTOR_AUDIO
-define:ENABLE_DIRECTOR_TEXTURE
-define:ENABLE_MANAGED_JOBS
-define:ENABLE_MANAGED_TRANSFORM_JOBS
-define:ENABLE_MANAGED_ANIMATION_JOBS
-define:ENABLE_MANAGED_AUDIO_JOBS
-define:ENABLE_MANAGED_UNITYTLS
-define:INCLUDE_DYNAMIC_GI
-define:ENABLE_SCRIPTING_GC_WBARRIERS
-define:PLATFORM_SUPPORTS_MONO
-define:RENDER_SOFTWARE_CURSOR
-define:ENABLE_MARSHALLING_TESTS
-define:ENABLE_VIDEO
-define:ENABLE_NAVIGATION_OFFMESHLINK_TO_NAVMESHLINK
-define:ENABLE_ACCELERATOR_CLIENT_DEBUGGING
-define:TEXTCORE_1_0_OR_NEWER
-define:EDITOR_ONLY_NAVMESH_BUILDER_DEPRECATED
-define:PLATFORM_STANDALONE_WIN
-define:PLATFORM_STANDALONE
-define:UNITY_STANDALONE_WIN
-define:UNITY_STANDALONE
-define:ENABLE_RUNTIME_GI
-define:ENABLE_MOVIES
-define:ENABLE_NETWORK
-define:ENABLE_NVIDIA
-define:ENABLE_AMD
-define:ENABLE_CRUNCH_TEXTURE_COMPRESSION
-define:ENABLE_CLOUD_SERVICES_ENGINE_DIAGNOSTICS
-define:ENABLE_OUT_OF_PROCESS_CRASH_HANDLER
-define:ENABLE_CLUSTER_SYNC
-define:ENABLE_CLUSTERINPUT
-define:PLATFORM_UPDATES_TIME_OUTSIDE_OF_PLAYER_LOOP
-define:GFXDEVICE_WAITFOREVENT_MESSAGEPUMP
-define:PLATFORM_USES_EXPLICIT_MEMORY_MANAGER_INITIALIZER
-define:PLATFORM_SUPPORTS_WAIT_FOR_PRESENTATION
-define:PLATFORM_SUPPORTS_SPLIT_GRAPHICS_JOBS
-define:ENABLE_MONO
-define:NET_4_6
-define:NET_UNITY_4_8
-define:ENABLE_PROFILER
-define:DEBUG
-define:TRACE
-define:UNITY_ASSERTIONS
-define:UNITY_EDITOR
-define:UNITY_EDITOR_64
-define:UNITY_EDITOR_WIN
-define:ENABLE_UNITY_COLLECTIONS_CHECKS
-define:ENABLE_BURST_AOT
-define:UNITY_TEAM_LICENSE
-define:ENABLE_CUSTOM_RENDER_TEXTURE
-define:ENABLE_DIRECTOR
-define:ENABLE_LOCALIZATION
-define:ENABLE_SPRITES
-define:ENABLE_TERRAIN
-define:ENABLE_TILEMAP
-define:ENABLE_TIMELINE
-define:ENABLE_INPUT_SYSTEM
-define:TEXTCORE_FONT_ENGINE_1_5_OR_NEWER
-define:TEXTCORE_TEXT_ENGINE_1_5_OR_NEWER
-define:CSHARP_7_OR_LATER
-define:CSHARP_7_3_OR_NEWER
-r:"C:/Program Files/Unity/Hub/Editor/6000.2.6f1/Editor/Data/Managed/UnityEngine/UnityEditor.AccessibilityModule.dll"
-r:"C:/Program Files/Unity/Hub/Editor/6000.2.6f1/Editor/Data/Managed/UnityEngine/UnityEditor.AdaptivePerformanceModule.dll"
-r:"C:/Program Files/Unity/Hub/Editor/6000.2.6f1/Editor/Data/Managed/UnityEngine/UnityEditor.BuildProfileModule.dll"
-r:"C:/Program Files/Unity/Hub/Editor/6000.2.6f1/Editor/Data/Managed/UnityEngine/UnityEditor.ClothModule.dll"
-r:"C:/Program Files/Unity/Hub/Editor/6000.2.6f1/Editor/Data/Managed/UnityEngine/UnityEditor.CoreBusinessMetricsModule.dll"
-r:"C:/Program Files/Unity/Hub/Editor/6000.2.6f1/Editor/Data/Managed/UnityEngine/UnityEditor.CoreModule.dll"
-r:"C:/Program Files/Unity/Hub/Editor/6000.2.6f1/Editor/Data/Managed/UnityEngine/UnityEditor.DeviceSimulatorModule.dll"
-r:"C:/Program Files/Unity/Hub/Editor/6000.2.6f1/Editor/Data/Managed/UnityEngine/UnityEditor.DiagnosticsModule.dll"
-r:"C:/Program Files/Unity/Hub/Editor/6000.2.6f1/Editor/Data/Managed/UnityEngine/UnityEditor.dll"
-r:"C:/Program Files/Unity/Hub/Editor/6000.2.6f1/Editor/Data/Managed/UnityEngine/UnityEditor.EditorToolbarModule.dll"
-r:"C:/Program Files/Unity/Hub/Editor/6000.2.6f1/Editor/Data/Managed/UnityEngine/UnityEditor.EmbreeModule.dll"
-r:"C:/Program Files/Unity/Hub/Editor/6000.2.6f1/Editor/Data/Managed/UnityEngine/UnityEditor.GIModule.dll"
-r:"C:/Program Files/Unity/Hub/Editor/6000.2.6f1/Editor/Data/Managed/UnityEngine/UnityEditor.GraphicsStateCollectionSerializerModule.dll"
-r:"C:/Program Files/Unity/Hub/Editor/6000.2.6f1/Editor/Data/Managed/UnityEngine/UnityEditor.GraphViewModule.dll"
-r:"C:/Program Files/Unity/Hub/Editor/6000.2.6f1/Editor/Data/Managed/UnityEngine/UnityEditor.GridAndSnapModule.dll"
-r:"C:/Program Files/Unity/Hub/Editor/6000.2.6f1/Editor/Data/Managed/UnityEngine/UnityEditor.GridModule.dll"
-r:"C:/Program Files/Unity/Hub/Editor/6000.2.6f1/Editor/Data/Managed/UnityEngine/UnityEditor.InAppPurchasingModule.dll"
-r:"C:/Program Files/Unity/Hub/Editor/6000.2.6f1/Editor/Data/Managed/UnityEngine/UnityEditor.LevelPlayModule.dll"
-r:"C:/Program Files/Unity/Hub/Editor/6000.2.6f1/Editor/Data/Managed/UnityEngine/UnityEditor.MultiplayerModule.dll"
-r:"C:/Program Files/Unity/Hub/Editor/6000.2.6f1/Editor/Data/Managed/UnityEngine/UnityEditor.Physics2DModule.dll"
-r:"C:/Program Files/Unity/Hub/Editor/6000.2.6f1/Editor/Data/Managed/UnityEngine/UnityEditor.PhysicsModule.dll"
-r:"C:/Program Files/Unity/Hub/Editor/6000.2.6f1/Editor/Data/Managed/UnityEngine/UnityEditor.PresetsUIModule.dll"
-r:"C:/Program Files/Unity/Hub/Editor/6000.2.6f1/Editor/Data/Managed/UnityEngine/UnityEditor.PropertiesModule.dll"
-r:"C:/Program Files/Unity/Hub/Editor/6000.2.6f1/Editor/Data/Managed/UnityEngine/UnityEditor.QuickSearchModule.dll"
-r:"C:/Program Files/Unity/Hub/Editor/6000.2.6f1/Editor/Data/Managed/UnityEngine/UnityEditor.SafeModeModule.dll"
-r:"C:/Program Files/Unity/Hub/Editor/6000.2.6f1/Editor/Data/Managed/UnityEngine/UnityEditor.SceneTemplateModule.dll"
-r:"C:/Program Files/Unity/Hub/Editor/6000.2.6f1/Editor/Data/Managed/UnityEngine/UnityEditor.SceneViewModule.dll"
-r:"C:/Program Files/Unity/Hub/Editor/6000.2.6f1/Editor/Data/Managed/UnityEngine/UnityEditor.ShaderFoundryModule.dll"
-r:"C:/Program Files/Unity/Hub/Editor/6000.2.6f1/Editor/Data/Managed/UnityEngine/UnityEditor.SketchUpModule.dll"
-r:"C:/Program Files/Unity/Hub/Editor/6000.2.6f1/Editor/Data/Managed/UnityEngine/UnityEditor.SpriteMaskModule.dll"
-r:"C:/Program Files/Unity/Hub/Editor/6000.2.6f1/Editor/Data/Managed/UnityEngine/UnityEditor.SpriteShapeModule.dll"
-r:"C:/Program Files/Unity/Hub/Editor/6000.2.6f1/Editor/Data/Managed/UnityEngine/UnityEditor.SubstanceModule.dll"
-r:"C:/Program Files/Unity/Hub/Editor/6000.2.6f1/Editor/Data/Managed/UnityEngine/UnityEditor.TerrainModule.dll"
-r:"C:/Program Files/Unity/Hub/Editor/6000.2.6f1/Editor/Data/Managed/UnityEngine/UnityEditor.TextCoreFontEngineModule.dll"
-r:"C:/Program Files/Unity/Hub/Editor/6000.2.6f1/Editor/Data/Managed/UnityEngine/UnityEditor.TextCoreTextEngineModule.dll"
-r:"C:/Program Files/Unity/Hub/Editor/6000.2.6f1/Editor/Data/Managed/UnityEngine/UnityEditor.TextRenderingModule.dll"
-r:"C:/Program Files/Unity/Hub/Editor/6000.2.6f1/Editor/Data/Managed/UnityEngine/UnityEditor.TilemapModule.dll"
-r:"C:/Program Files/Unity/Hub/Editor/6000.2.6f1/Editor/Data/Managed/UnityEngine/UnityEditor.TreeModule.dll"
-r:"C:/Program Files/Unity/Hub/Editor/6000.2.6f1/Editor/Data/Managed/UnityEngine/UnityEditor.UIAutomationModule.dll"
-r:"C:/Program Files/Unity/Hub/Editor/6000.2.6f1/Editor/Data/Managed/UnityEngine/UnityEditor.UIBuilderModule.dll"
-r:"C:/Program Files/Unity/Hub/Editor/6000.2.6f1/Editor/Data/Managed/UnityEngine/UnityEditor.UIElementsModule.dll"
-r:"C:/Program Files/Unity/Hub/Editor/6000.2.6f1/Editor/Data/Managed/UnityEngine/UnityEditor.UIElementsSamplesModule.dll"
-r:"C:/Program Files/Unity/Hub/Editor/6000.2.6f1/Editor/Data/Managed/UnityEngine/UnityEditor.UmbraModule.dll"
-r:"C:/Program Files/Unity/Hub/Editor/6000.2.6f1/Editor/Data/Managed/UnityEngine/UnityEditor.UnityConnectModule.dll"
-r:"C:/Program Files/Unity/Hub/Editor/6000.2.6f1/Editor/Data/Managed/UnityEngine/UnityEditor.VFXModule.dll"
-r:"C:/Program Files/Unity/Hub/Editor/6000.2.6f1/Editor/Data/Managed/UnityEngine/UnityEditor.VideoModule.dll"
-r:"C:/Program Files/Unity/Hub/Editor/6000.2.6f1/Editor/Data/Managed/UnityEngine/UnityEditor.XRModule.dll"
-r:"C:/Program Files/Unity/Hub/Editor/6000.2.6f1/Editor/Data/Managed/UnityEngine/UnityEngine.AccessibilityModule.dll"
-r:"C:/Program Files/Unity/Hub/Editor/6000.2.6f1/Editor/Data/Managed/UnityEngine/UnityEngine.AIModule.dll"
-r:"C:/Program Files/Unity/Hub/Editor/6000.2.6f1/Editor/Data/Managed/UnityEngine/UnityEngine.AndroidJNIModule.dll"
-r:"C:/Program Files/Unity/Hub/Editor/6000.2.6f1/Editor/Data/Managed/UnityEngine/UnityEngine.AnimationModule.dll"
-r:"C:/Program Files/Unity/Hub/Editor/6000.2.6f1/Editor/Data/Managed/UnityEngine/UnityEngine.ARModule.dll"
-r:"C:/Program Files/Unity/Hub/Editor/6000.2.6f1/Editor/Data/Managed/UnityEngine/UnityEngine.AssetBundleModule.dll"
-r:"C:/Program Files/Unity/Hub/Editor/6000.2.6f1/Editor/Data/Managed/UnityEngine/UnityEngine.AudioModule.dll"
-r:"C:/Program Files/Unity/Hub/Editor/6000.2.6f1/Editor/Data/Managed/UnityEngine/UnityEngine.ClothModule.dll"
-r:"C:/Program Files/Unity/Hub/Editor/6000.2.6f1/Editor/Data/Managed/UnityEngine/UnityEngine.ClusterInputModule.dll"
-r:"C:/Program Files/Unity/Hub/Editor/6000.2.6f1/Editor/Data/Managed/UnityEngine/UnityEngine.ClusterRendererModule.dll"
-r:"C:/Program Files/Unity/Hub/Editor/6000.2.6f1/Editor/Data/Managed/UnityEngine/UnityEngine.ContentLoadModule.dll"
-r:"C:/Program Files/Unity/Hub/Editor/6000.2.6f1/Editor/Data/Managed/UnityEngine/UnityEngine.CoreModule.dll"
-r:"C:/Program Files/Unity/Hub/Editor/6000.2.6f1/Editor/Data/Managed/UnityEngine/UnityEngine.CrashReportingModule.dll"
-r:"C:/Program Files/Unity/Hub/Editor/6000.2.6f1/Editor/Data/Managed/UnityEngine/UnityEngine.DirectorModule.dll"
-r:"C:/Program Files/Unity/Hub/Editor/6000.2.6f1/Editor/Data/Managed/UnityEngine/UnityEngine.dll"
-r:"C:/Program Files/Unity/Hub/Editor/6000.2.6f1/Editor/Data/Managed/UnityEngine/UnityEngine.DSPGraphModule.dll"
-r:"C:/Program Files/Unity/Hub/Editor/6000.2.6f1/Editor/Data/Managed/UnityEngine/UnityEngine.GameCenterModule.dll"
-r:"C:/Program Files/Unity/Hub/Editor/6000.2.6f1/Editor/Data/Managed/UnityEngine/UnityEngine.GIModule.dll"
-r:"C:/Program Files/Unity/Hub/Editor/6000.2.6f1/Editor/Data/Managed/UnityEngine/UnityEngine.GraphicsStateCollectionSerializerModule.dll"
-r:"C:/Program Files/Unity/Hub/Editor/6000.2.6f1/Editor/Data/Managed/UnityEngine/UnityEngine.GridModule.dll"
-r:"C:/Program Files/Unity/Hub/Editor/6000.2.6f1/Editor/Data/Managed/UnityEngine/UnityEngine.HierarchyCoreModule.dll"
-r:"C:/Program Files/Unity/Hub/Editor/6000.2.6f1/Editor/Data/Managed/UnityEngine/UnityEngine.HotReloadModule.dll"
-r:"C:/Program Files/Unity/Hub/Editor/6000.2.6f1/Editor/Data/Managed/UnityEngine/UnityEngine.IdentifiersModule.dll"
-r:"C:/Program Files/Unity/Hub/Editor/6000.2.6f1/Editor/Data/Managed/UnityEngine/UnityEngine.ImageConversionModule.dll"
-r:"C:/Program Files/Unity/Hub/Editor/6000.2.6f1/Editor/Data/Managed/UnityEngine/UnityEngine.IMGUIModule.dll"
-r:"C:/Program Files/Unity/Hub/Editor/6000.2.6f1/Editor/Data/Managed/UnityEngine/UnityEngine.InputForUIModule.dll"
-r:"C:/Program Files/Unity/Hub/Editor/6000.2.6f1/Editor/Data/Managed/UnityEngine/UnityEngine.InputLegacyModule.dll"
-r:"C:/Program Files/Unity/Hub/Editor/6000.2.6f1/Editor/Data/Managed/UnityEngine/UnityEngine.InputModule.dll"
-r:"C:/Program Files/Unity/Hub/Editor/6000.2.6f1/Editor/Data/Managed/UnityEngine/UnityEngine.InsightsModule.dll"
-r:"C:/Program Files/Unity/Hub/Editor/6000.2.6f1/Editor/Data/Managed/UnityEngine/UnityEngine.JSONSerializeModule.dll"
-r:"C:/Program Files/Unity/Hub/Editor/6000.2.6f1/Editor/Data/Managed/UnityEngine/UnityEngine.LocalizationModule.dll"
-r:"C:/Program Files/Unity/Hub/Editor/6000.2.6f1/Editor/Data/Managed/UnityEngine/UnityEngine.MarshallingModule.dll"
-r:"C:/Program Files/Unity/Hub/Editor/6000.2.6f1/Editor/Data/Managed/UnityEngine/UnityEngine.MultiplayerModule.dll"
-r:"C:/Program Files/Unity/Hub/Editor/6000.2.6f1/Editor/Data/Managed/UnityEngine/UnityEngine.ParticleSystemModule.dll"
-r:"C:/Program Files/Unity/Hub/Editor/6000.2.6f1/Editor/Data/Managed/UnityEngine/UnityEngine.PerformanceReportingModule.dll"
-r:"C:/Program Files/Unity/Hub/Editor/6000.2.6f1/Editor/Data/Managed/UnityEngine/UnityEngine.Physics2DModule.dll"
-r:"C:/Program Files/Unity/Hub/Editor/6000.2.6f1/Editor/Data/Managed/UnityEngine/UnityEngine.PhysicsModule.dll"
-r:"C:/Program Files/Unity/Hub/Editor/6000.2.6f1/Editor/Data/Managed/UnityEngine/UnityEngine.PropertiesModule.dll"
-r:"C:/Program Files/Unity/Hub/Editor/6000.2.6f1/Editor/Data/Managed/UnityEngine/UnityEngine.RuntimeInitializeOnLoadManagerInitializerModule.dll"
-r:"C:/Program Files/Unity/Hub/Editor/6000.2.6f1/Editor/Data/Managed/UnityEngine/UnityEngine.ScreenCaptureModule.dll"
-r:"C:/Program Files/Unity/Hub/Editor/6000.2.6f1/Editor/Data/Managed/UnityEngine/UnityEngine.ShaderVariantAnalyticsModule.dll"
-r:"C:/Program Files/Unity/Hub/Editor/6000.2.6f1/Editor/Data/Managed/UnityEngine/UnityEngine.SharedInternalsModule.dll"
-r:"C:/Program Files/Unity/Hub/Editor/6000.2.6f1/Editor/Data/Managed/UnityEngine/UnityEngine.SpriteMaskModule.dll"
-r:"C:/Program Files/Unity/Hub/Editor/6000.2.6f1/Editor/Data/Managed/UnityEngine/UnityEngine.SpriteShapeModule.dll"
-r:"C:/Program Files/Unity/Hub/Editor/6000.2.6f1/Editor/Data/Managed/UnityEngine/UnityEngine.StreamingModule.dll"
-r:"C:/Program Files/Unity/Hub/Editor/6000.2.6f1/Editor/Data/Managed/UnityEngine/UnityEngine.SubstanceModule.dll"
-r:"C:/Program Files/Unity/Hub/Editor/6000.2.6f1/Editor/Data/Managed/UnityEngine/UnityEngine.SubsystemsModule.dll"
-r:"C:/Program Files/Unity/Hub/Editor/6000.2.6f1/Editor/Data/Managed/UnityEngine/UnityEngine.TerrainModule.dll"
-r:"C:/Program Files/Unity/Hub/Editor/6000.2.6f1/Editor/Data/Managed/UnityEngine/UnityEngine.TerrainPhysicsModule.dll"
-r:"C:/Program Files/Unity/Hub/Editor/6000.2.6f1/Editor/Data/Managed/UnityEngine/UnityEngine.TextCoreFontEngineModule.dll"
-r:"C:/Program Files/Unity/Hub/Editor/6000.2.6f1/Editor/Data/Managed/UnityEngine/UnityEngine.TextCoreTextEngineModule.dll"
-r:"C:/Program Files/Unity/Hub/Editor/6000.2.6f1/Editor/Data/Managed/UnityEngine/UnityEngine.TextRenderingModule.dll"
-r:"C:/Program Files/Unity/Hub/Editor/6000.2.6f1/Editor/Data/Managed/UnityEngine/UnityEngine.TilemapModule.dll"
-r:"C:/Program Files/Unity/Hub/Editor/6000.2.6f1/Editor/Data/Managed/UnityEngine/UnityEngine.TLSModule.dll"
-r:"C:/Program Files/Unity/Hub/Editor/6000.2.6f1/Editor/Data/Managed/UnityEngine/UnityEngine.UIElementsModule.dll"
-r:"C:/Program Files/Unity/Hub/Editor/6000.2.6f1/Editor/Data/Managed/UnityEngine/UnityEngine.UIModule.dll"
-r:"C:/Program Files/Unity/Hub/Editor/6000.2.6f1/Editor/Data/Managed/UnityEngine/UnityEngine.UmbraModule.dll"
-r:"C:/Program Files/Unity/Hub/Editor/6000.2.6f1/Editor/Data/Managed/UnityEngine/UnityEngine.UnityAnalyticsCommonModule.dll"
-r:"C:/Program Files/Unity/Hub/Editor/6000.2.6f1/Editor/Data/Managed/UnityEngine/UnityEngine.UnityAnalyticsModule.dll"
-r:"C:/Program Files/Unity/Hub/Editor/6000.2.6f1/Editor/Data/Managed/UnityEngine/UnityEngine.UnityConnectModule.dll"
-r:"C:/Program Files/Unity/Hub/Editor/6000.2.6f1/Editor/Data/Managed/UnityEngine/UnityEngine.UnityConsentModule.dll"
-r:"C:/Program Files/Unity/Hub/Editor/6000.2.6f1/Editor/Data/Managed/UnityEngine/UnityEngine.UnityCurlModule.dll"
-r:"C:/Program Files/Unity/Hub/Editor/6000.2.6f1/Editor/Data/Managed/UnityEngine/UnityEngine.UnityTestProtocolModule.dll"
-r:"C:/Program Files/Unity/Hub/Editor/6000.2.6f1/Editor/Data/Managed/UnityEngine/UnityEngine.UnityWebRequestAssetBundleModule.dll"
-r:"C:/Program Files/Unity/Hub/Editor/6000.2.6f1/Editor/Data/Managed/UnityEngine/UnityEngine.UnityWebRequestAudioModule.dll"
-r:"C:/Program Files/Unity/Hub/Editor/6000.2.6f1/Editor/Data/Managed/UnityEngine/UnityEngine.UnityWebRequestModule.dll"
-r:"C:/Program Files/Unity/Hub/Editor/6000.2.6f1/Editor/Data/Managed/UnityEngine/UnityEngine.UnityWebRequestTextureModule.dll"
-r:"C:/Program Files/Unity/Hub/Editor/6000.2.6f1/Editor/Data/Managed/UnityEngine/UnityEngine.UnityWebRequestWWWModule.dll"
-r:"C:/Program Files/Unity/Hub/Editor/6000.2.6f1/Editor/Data/Managed/UnityEngine/UnityEngine.VehiclesModule.dll"
-r:"C:/Program Files/Unity/Hub/Editor/6000.2.6f1/Editor/Data/Managed/UnityEngine/UnityEngine.VFXModule.dll"
-r:"C:/Program Files/Unity/Hub/Editor/6000.2.6f1/Editor/Data/Managed/UnityEngine/UnityEngine.VideoModule.dll"
-r:"C:/Program Files/Unity/Hub/Editor/6000.2.6f1/Editor/Data/Managed/UnityEngine/UnityEngine.VirtualTexturingModule.dll"
-r:"C:/Program Files/Unity/Hub/Editor/6000.2.6f1/Editor/Data/Managed/UnityEngine/UnityEngine.VRModule.dll"
-r:"C:/Program Files/Unity/Hub/Editor/6000.2.6f1/Editor/Data/Managed/UnityEngine/UnityEngine.WindModule.dll"
-r:"C:/Program Files/Unity/Hub/Editor/6000.2.6f1/Editor/Data/Managed/UnityEngine/UnityEngine.XRModule.dll"
-r:"C:/Program Files/Unity/Hub/Editor/6000.2.6f1/Editor/Data/UnityReferenceAssemblies/unity-4.8-api/Facades/Microsoft.Win32.Primitives.dll"
-r:"C:/Program Files/Unity/Hub/Editor/6000.2.6f1/Editor/Data/UnityReferenceAssemblies/unity-4.8-api/Facades/netstandard.dll"
-r:"C:/Program Files/Unity/Hub/Editor/6000.2.6f1/Editor/Data/UnityReferenceAssemblies/unity-4.8-api/Facades/System.AppContext.dll"
-r:"C:/Program Files/Unity/Hub/Editor/6000.2.6f1/Editor/Data/UnityReferenceAssemblies/unity-4.8-api/Facades/System.Buffers.dll"
-r:"C:/Program Files/Unity/Hub/Editor/6000.2.6f1/Editor/Data/UnityReferenceAssemblies/unity-4.8-api/Facades/System.Collections.Concurrent.dll"
-r:"C:/Program Files/Unity/Hub/Editor/6000.2.6f1/Editor/Data/UnityReferenceAssemblies/unity-4.8-api/Facades/System.Collections.dll"
-r:"C:/Program Files/Unity/Hub/Editor/6000.2.6f1/Editor/Data/UnityReferenceAssemblies/unity-4.8-api/Facades/System.Collections.NonGeneric.dll"
-r:"C:/Program Files/Unity/Hub/Editor/6000.2.6f1/Editor/Data/UnityReferenceAssemblies/unity-4.8-api/Facades/System.Collections.Specialized.dll"
-r:"C:/Program Files/Unity/Hub/Editor/6000.2.6f1/Editor/Data/UnityReferenceAssemblies/unity-4.8-api/Facades/System.ComponentModel.Annotations.dll"
-r:"C:/Program Files/Unity/Hub/Editor/6000.2.6f1/Editor/Data/UnityReferenceAssemblies/unity-4.8-api/Facades/System.ComponentModel.dll"
-r:"C:/Program Files/Unity/Hub/Editor/6000.2.6f1/Editor/Data/UnityReferenceAssemblies/unity-4.8-api/Facades/System.ComponentModel.EventBasedAsync.dll"
-r:"C:/Program Files/Unity/Hub/Editor/6000.2.6f1/Editor/Data/UnityReferenceAssemblies/unity-4.8-api/Facades/System.ComponentModel.Primitives.dll"
-r:"C:/Program Files/Unity/Hub/Editor/6000.2.6f1/Editor/Data/UnityReferenceAssemblies/unity-4.8-api/Facades/System.ComponentModel.TypeConverter.dll"
-r:"C:/Program Files/Unity/Hub/Editor/6000.2.6f1/Editor/Data/UnityReferenceAssemblies/unity-4.8-api/Facades/System.Console.dll"
-r:"C:/Program Files/Unity/Hub/Editor/6000.2.6f1/Editor/Data/UnityReferenceAssemblies/unity-4.8-api/Facades/System.Data.Common.dll"
-r:"C:/Program Files/Unity/Hub/Editor/6000.2.6f1/Editor/Data/UnityReferenceAssemblies/unity-4.8-api/Facades/System.Diagnostics.Contracts.dll"
-r:"C:/Program Files/Unity/Hub/Editor/6000.2.6f1/Editor/Data/UnityReferenceAssemblies/unity-4.8-api/Facades/System.Diagnostics.Debug.dll"
-r:"C:/Program Files/Unity/Hub/Editor/6000.2.6f1/Editor/Data/UnityReferenceAssemblies/unity-4.8-api/Facades/System.Diagnostics.FileVersionInfo.dll"
-r:"C:/Program Files/Unity/Hub/Editor/6000.2.6f1/Editor/Data/UnityReferenceAssemblies/unity-4.8-api/Facades/System.Diagnostics.Process.dll"
-r:"C:/Program Files/Unity/Hub/Editor/6000.2.6f1/Editor/Data/UnityReferenceAssemblies/unity-4.8-api/Facades/System.Diagnostics.StackTrace.dll"
-r:"C:/Program Files/Unity/Hub/Editor/6000.2.6f1/Editor/Data/UnityReferenceAssemblies/unity-4.8-api/Facades/System.Diagnostics.TextWriterTraceListener.dll"
-r:"C:/Program Files/Unity/Hub/Editor/6000.2.6f1/Editor/Data/UnityReferenceAssemblies/unity-4.8-api/Facades/System.Diagnostics.Tools.dll"
-r:"C:/Program Files/Unity/Hub/Editor/6000.2.6f1/Editor/Data/UnityReferenceAssemblies/unity-4.8-api/Facades/System.Diagnostics.TraceSource.dll"
-r:"C:/Program Files/Unity/Hub/Editor/6000.2.6f1/Editor/Data/UnityReferenceAssemblies/unity-4.8-api/Facades/System.Drawing.Primitives.dll"
-r:"C:/Program Files/Unity/Hub/Editor/6000.2.6f1/Editor/Data/UnityReferenceAssemblies/unity-4.8-api/Facades/System.Dynamic.Runtime.dll"
-r:"C:/Program Files/Unity/Hub/Editor/6000.2.6f1/Editor/Data/UnityReferenceAssemblies/unity-4.8-api/Facades/System.Globalization.Calendars.dll"
-r:"C:/Program Files/Unity/Hub/Editor/6000.2.6f1/Editor/Data/UnityReferenceAssemblies/unity-4.8-api/Facades/System.Globalization.dll"
-r:"C:/Program Files/Unity/Hub/Editor/6000.2.6f1/Editor/Data/UnityReferenceAssemblies/unity-4.8-api/Facades/System.Globalization.Extensions.dll"
-r:"C:/Program Files/Unity/Hub/Editor/6000.2.6f1/Editor/Data/UnityReferenceAssemblies/unity-4.8-api/Facades/System.IO.Compression.ZipFile.dll"
-r:"C:/Program Files/Unity/Hub/Editor/6000.2.6f1/Editor/Data/UnityReferenceAssemblies/unity-4.8-api/Facades/System.IO.dll"
-r:"C:/Program Files/Unity/Hub/Editor/6000.2.6f1/Editor/Data/UnityReferenceAssemblies/unity-4.8-api/Facades/System.IO.FileSystem.dll"
-r:"C:/Program Files/Unity/Hub/Editor/6000.2.6f1/Editor/Data/UnityReferenceAssemblies/unity-4.8-api/Facades/System.IO.FileSystem.DriveInfo.dll"
-r:"C:/Program Files/Unity/Hub/Editor/6000.2.6f1/Editor/Data/UnityReferenceAssemblies/unity-4.8-api/Facades/System.IO.FileSystem.Primitives.dll"
-r:"C:/Program Files/Unity/Hub/Editor/6000.2.6f1/Editor/Data/UnityReferenceAssemblies/unity-4.8-api/Facades/System.IO.FileSystem.Watcher.dll"
-r:"C:/Program Files/Unity/Hub/Editor/6000.2.6f1/Editor/Data/UnityReferenceAssemblies/unity-4.8-api/Facades/System.IO.IsolatedStorage.dll"
-r:"C:/Program Files/Unity/Hub/Editor/6000.2.6f1/Editor/Data/UnityReferenceAssemblies/unity-4.8-api/Facades/System.IO.MemoryMappedFiles.dll"
-r:"C:/Program Files/Unity/Hub/Editor/6000.2.6f1/Editor/Data/UnityReferenceAssemblies/unity-4.8-api/Facades/System.IO.Pipes.dll"
-r:"C:/Program Files/Unity/Hub/Editor/6000.2.6f1/Editor/Data/UnityReferenceAssemblies/unity-4.8-api/Facades/System.IO.UnmanagedMemoryStream.dll"
-r:"C:/Program Files/Unity/Hub/Editor/6000.2.6f1/Editor/Data/UnityReferenceAssemblies/unity-4.8-api/Facades/System.Linq.dll"
-r:"C:/Program Files/Unity/Hub/Editor/6000.2.6f1/Editor/Data/UnityReferenceAssemblies/unity-4.8-api/Facades/System.Linq.Expressions.dll"
-r:"C:/Program Files/Unity/Hub/Editor/6000.2.6f1/Editor/Data/UnityReferenceAssemblies/unity-4.8-api/Facades/System.Linq.Parallel.dll"
-r:"C:/Program Files/Unity/Hub/Editor/6000.2.6f1/Editor/Data/UnityReferenceAssemblies/unity-4.8-api/Facades/System.Linq.Queryable.dll"
-r:"C:/Program Files/Unity/Hub/Editor/6000.2.6f1/Editor/Data/UnityReferenceAssemblies/unity-4.8-api/Facades/System.Memory.dll"
-r:"C:/Program Files/Unity/Hub/Editor/6000.2.6f1/Editor/Data/UnityReferenceAssemblies/unity-4.8-api/Facades/System.Net.Http.Rtc.dll"
-r:"C:/Program Files/Unity/Hub/Editor/6000.2.6f1/Editor/Data/UnityReferenceAssemblies/unity-4.8-api/Facades/System.Net.NameResolution.dll"
-r:"C:/Program Files/Unity/Hub/Editor/6000.2.6f1/Editor/Data/UnityReferenceAssemblies/unity-4.8-api/Facades/System.Net.NetworkInformation.dll"
-r:"C:/Program Files/Unity/Hub/Editor/6000.2.6f1/Editor/Data/UnityReferenceAssemblies/unity-4.8-api/Facades/System.Net.Ping.dll"
-r:"C:/Program Files/Unity/Hub/Editor/6000.2.6f1/Editor/Data/UnityReferenceAssemblies/unity-4.8-api/Facades/System.Net.Primitives.dll"
-r:"C:/Program Files/Unity/Hub/Editor/6000.2.6f1/Editor/Data/UnityReferenceAssemblies/unity-4.8-api/Facades/System.Net.Requests.dll"
-r:"C:/Program Files/Unity/Hub/Editor/6000.2.6f1/Editor/Data/UnityReferenceAssemblies/unity-4.8-api/Facades/System.Net.Security.dll"
-r:"C:/Program Files/Unity/Hub/Editor/6000.2.6f1/Editor/Data/UnityReferenceAssemblies/unity-4.8-api/Facades/System.Net.Sockets.dll"
-r:"C:/Program Files/Unity/Hub/Editor/6000.2.6f1/Editor/Data/UnityReferenceAssemblies/unity-4.8-api/Facades/System.Net.WebHeaderCollection.dll"
-r:"C:/Program Files/Unity/Hub/Editor/6000.2.6f1/Editor/Data/UnityReferenceAssemblies/unity-4.8-api/Facades/System.Net.WebSockets.Client.dll"
-r:"C:/Program Files/Unity/Hub/Editor/6000.2.6f1/Editor/Data/UnityReferenceAssemblies/unity-4.8-api/Facades/System.Net.WebSockets.dll"
-r:"C:/Program Files/Unity/Hub/Editor/6000.2.6f1/Editor/Data/UnityReferenceAssemblies/unity-4.8-api/Facades/System.ObjectModel.dll"
-r:"C:/Program Files/Unity/Hub/Editor/6000.2.6f1/Editor/Data/UnityReferenceAssemblies/unity-4.8-api/Facades/System.Reflection.DispatchProxy.dll"
-r:"C:/Program Files/Unity/Hub/Editor/6000.2.6f1/Editor/Data/UnityReferenceAssemblies/unity-4.8-api/Facades/System.Reflection.dll"
-r:"C:/Program Files/Unity/Hub/Editor/6000.2.6f1/Editor/Data/UnityReferenceAssemblies/unity-4.8-api/Facades/System.Reflection.Emit.dll"
-r:"C:/Program Files/Unity/Hub/Editor/6000.2.6f1/Editor/Data/UnityReferenceAssemblies/unity-4.8-api/Facades/System.Reflection.Emit.ILGeneration.dll"
-r:"C:/Program Files/Unity/Hub/Editor/6000.2.6f1/Editor/Data/UnityReferenceAssemblies/unity-4.8-api/Facades/System.Reflection.Emit.Lightweight.dll"
-r:"C:/Program Files/Unity/Hub/Editor/6000.2.6f1/Editor/Data/UnityReferenceAssemblies/unity-4.8-api/Facades/System.Reflection.Extensions.dll"
-r:"C:/Program Files/Unity/Hub/Editor/6000.2.6f1/Editor/Data/UnityReferenceAssemblies/unity-4.8-api/Facades/System.Reflection.Primitives.dll"
-r:"C:/Program Files/Unity/Hub/Editor/6000.2.6f1/Editor/Data/UnityReferenceAssemblies/unity-4.8-api/Facades/System.Resources.Reader.dll"
-r:"C:/Program Files/Unity/Hub/Editor/6000.2.6f1/Editor/Data/UnityReferenceAssemblies/unity-4.8-api/Facades/System.Resources.ResourceManager.dll"
-r:"C:/Program Files/Unity/Hub/Editor/6000.2.6f1/Editor/Data/UnityReferenceAssemblies/unity-4.8-api/Facades/System.Resources.Writer.dll"
-r:"C:/Program Files/Unity/Hub/Editor/6000.2.6f1/Editor/Data/UnityReferenceAssemblies/unity-4.8-api/Facades/System.Runtime.CompilerServices.VisualC.dll"
-r:"C:/Program Files/Unity/Hub/Editor/6000.2.6f1/Editor/Data/UnityReferenceAssemblies/unity-4.8-api/Facades/System.Runtime.dll"
-r:"C:/Program Files/Unity/Hub/Editor/6000.2.6f1/Editor/Data/UnityReferenceAssemblies/unity-4.8-api/Facades/System.Runtime.Extensions.dll"
-r:"C:/Program Files/Unity/Hub/Editor/6000.2.6f1/Editor/Data/UnityReferenceAssemblies/unity-4.8-api/Facades/System.Runtime.Handles.dll"
-r:"C:/Program Files/Unity/Hub/Editor/6000.2.6f1/Editor/Data/UnityReferenceAssemblies/unity-4.8-api/Facades/System.Runtime.InteropServices.dll"
-r:"C:/Program Files/Unity/Hub/Editor/6000.2.6f1/Editor/Data/UnityReferenceAssemblies/unity-4.8-api/Facades/System.Runtime.InteropServices.RuntimeInformation.dll"
-r:"C:/Program Files/Unity/Hub/Editor/6000.2.6f1/Editor/Data/UnityReferenceAssemblies/unity-4.8-api/Facades/System.Runtime.InteropServices.WindowsRuntime.dll"
-r:"C:/Program Files/Unity/Hub/Editor/6000.2.6f1/Editor/Data/UnityReferenceAssemblies/unity-4.8-api/Facades/System.Runtime.Numerics.dll"
-r:"C:/Program Files/Unity/Hub/Editor/6000.2.6f1/Editor/Data/UnityReferenceAssemblies/unity-4.8-api/Facades/System.Runtime.Serialization.Formatters.dll"
-r:"C:/Program Files/Unity/Hub/Editor/6000.2.6f1/Editor/Data/UnityReferenceAssemblies/unity-4.8-api/Facades/System.Runtime.Serialization.Json.dll"
-r:"C:/Program Files/Unity/Hub/Editor/6000.2.6f1/Editor/Data/UnityReferenceAssemblies/unity-4.8-api/Facades/System.Runtime.Serialization.Primitives.dll"
-r:"C:/Program Files/Unity/Hub/Editor/6000.2.6f1/Editor/Data/UnityReferenceAssemblies/unity-4.8-api/Facades/System.Runtime.Serialization.Xml.dll"
-r:"C:/Program Files/Unity/Hub/Editor/6000.2.6f1/Editor/Data/UnityReferenceAssemblies/unity-4.8-api/Facades/System.Security.Claims.dll"
-r:"C:/Program Files/Unity/Hub/Editor/6000.2.6f1/Editor/Data/UnityReferenceAssemblies/unity-4.8-api/Facades/System.Security.Cryptography.Algorithms.dll"
-r:"C:/Program Files/Unity/Hub/Editor/6000.2.6f1/Editor/Data/UnityReferenceAssemblies/unity-4.8-api/Facades/System.Security.Cryptography.Csp.dll"
-r:"C:/Program Files/Unity/Hub/Editor/6000.2.6f1/Editor/Data/UnityReferenceAssemblies/unity-4.8-api/Facades/System.Security.Cryptography.Encoding.dll"
-r:"C:/Program Files/Unity/Hub/Editor/6000.2.6f1/Editor/Data/UnityReferenceAssemblies/unity-4.8-api/Facades/System.Security.Cryptography.Primitives.dll"
-r:"C:/Program Files/Unity/Hub/Editor/6000.2.6f1/Editor/Data/UnityReferenceAssemblies/unity-4.8-api/Facades/System.Security.Cryptography.X509Certificates.dll"
-r:"C:/Program Files/Unity/Hub/Editor/6000.2.6f1/Editor/Data/UnityReferenceAssemblies/unity-4.8-api/Facades/System.Security.Principal.dll"
-r:"C:/Program Files/Unity/Hub/Editor/6000.2.6f1/Editor/Data/UnityReferenceAssemblies/unity-4.8-api/Facades/System.Security.SecureString.dll"
-r:"C:/Program Files/Unity/Hub/Editor/6000.2.6f1/Editor/Data/UnityReferenceAssemblies/unity-4.8-api/Facades/System.ServiceModel.Duplex.dll"
-r:"C:/Program Files/Unity/Hub/Editor/6000.2.6f1/Editor/Data/UnityReferenceAssemblies/unity-4.8-api/Facades/System.ServiceModel.Http.dll"
-r:"C:/Program Files/Unity/Hub/Editor/6000.2.6f1/Editor/Data/UnityReferenceAssemblies/unity-4.8-api/Facades/System.ServiceModel.NetTcp.dll"
-r:"C:/Program Files/Unity/Hub/Editor/6000.2.6f1/Editor/Data/UnityReferenceAssemblies/unity-4.8-api/Facades/System.ServiceModel.Primitives.dll"
-r:"C:/Program Files/Unity/Hub/Editor/6000.2.6f1/Editor/Data/UnityReferenceAssemblies/unity-4.8-api/Facades/System.ServiceModel.Security.dll"
-r:"C:/Program Files/Unity/Hub/Editor/6000.2.6f1/Editor/Data/UnityReferenceAssemblies/unity-4.8-api/Facades/System.Text.Encoding.dll"
-r:"C:/Program Files/Unity/Hub/Editor/6000.2.6f1/Editor/Data/UnityReferenceAssemblies/unity-4.8-api/Facades/System.Text.Encoding.Extensions.dll"
-r:"C:/Program Files/Unity/Hub/Editor/6000.2.6f1/Editor/Data/UnityReferenceAssemblies/unity-4.8-api/Facades/System.Text.RegularExpressions.dll"
-r:"C:/Program Files/Unity/Hub/Editor/6000.2.6f1/Editor/Data/UnityReferenceAssemblies/unity-4.8-api/Facades/System.Threading.dll"
-r:"C:/Program Files/Unity/Hub/Editor/6000.2.6f1/Editor/Data/UnityReferenceAssemblies/unity-4.8-api/Facades/System.Threading.Overlapped.dll"
-r:"C:/Program Files/Unity/Hub/Editor/6000.2.6f1/Editor/Data/UnityReferenceAssemblies/unity-4.8-api/Facades/System.Threading.Tasks.dll"
-r:"C:/Program Files/Unity/Hub/Editor/6000.2.6f1/Editor/Data/UnityReferenceAssemblies/unity-4.8-api/Facades/System.Threading.Tasks.Extensions.dll"
-r:"C:/Program Files/Unity/Hub/Editor/6000.2.6f1/Editor/Data/UnityReferenceAssemblies/unity-4.8-api/Facades/System.Threading.Tasks.Parallel.dll"
-r:"C:/Program Files/Unity/Hub/Editor/6000.2.6f1/Editor/Data/UnityReferenceAssemblies/unity-4.8-api/Facades/System.Threading.Thread.dll"
-r:"C:/Program Files/Unity/Hub/Editor/6000.2.6f1/Editor/Data/UnityReferenceAssemblies/unity-4.8-api/Facades/System.Threading.ThreadPool.dll"
-r:"C:/Program Files/Unity/Hub/Editor/6000.2.6f1/Editor/Data/UnityReferenceAssemblies/unity-4.8-api/Facades/System.Threading.Timer.dll"
-r:"C:/Program Files/Unity/Hub/Editor/6000.2.6f1/Editor/Data/UnityReferenceAssemblies/unity-4.8-api/Facades/System.ValueTuple.dll"
-r:"C:/Program Files/Unity/Hub/Editor/6000.2.6f1/Editor/Data/UnityReferenceAssemblies/unity-4.8-api/Facades/System.Xml.ReaderWriter.dll"
-r:"C:/Program Files/Unity/Hub/Editor/6000.2.6f1/Editor/Data/UnityReferenceAssemblies/unity-4.8-api/Facades/System.Xml.XDocument.dll"
-r:"C:/Program Files/Unity/Hub/Editor/6000.2.6f1/Editor/Data/UnityReferenceAssemblies/unity-4.8-api/Facades/System.Xml.XmlDocument.dll"
-r:"C:/Program Files/Unity/Hub/Editor/6000.2.6f1/Editor/Data/UnityReferenceAssemblies/unity-4.8-api/Facades/System.Xml.XmlSerializer.dll"
-r:"C:/Program Files/Unity/Hub/Editor/6000.2.6f1/Editor/Data/UnityReferenceAssemblies/unity-4.8-api/Facades/System.Xml.XPath.dll"
-r:"C:/Program Files/Unity/Hub/Editor/6000.2.6f1/Editor/Data/UnityReferenceAssemblies/unity-4.8-api/Facades/System.Xml.XPath.XDocument.dll"
-r:"C:/Program Files/Unity/Hub/Editor/6000.2.6f1/Editor/Data/UnityReferenceAssemblies/unity-4.8-api/Microsoft.CSharp.dll"
-r:"C:/Program Files/Unity/Hub/Editor/6000.2.6f1/Editor/Data/UnityReferenceAssemblies/unity-4.8-api/mscorlib.dll"
-r:"C:/Program Files/Unity/Hub/Editor/6000.2.6f1/Editor/Data/UnityReferenceAssemblies/unity-4.8-api/System.ComponentModel.Composition.dll"
-r:"C:/Program Files/Unity/Hub/Editor/6000.2.6f1/Editor/Data/UnityReferenceAssemblies/unity-4.8-api/System.Core.dll"
-r:"C:/Program Files/Unity/Hub/Editor/6000.2.6f1/Editor/Data/UnityReferenceAssemblies/unity-4.8-api/System.Data.DataSetExtensions.dll"
-r:"C:/Program Files/Unity/Hub/Editor/6000.2.6f1/Editor/Data/UnityReferenceAssemblies/unity-4.8-api/System.Data.dll"
-r:"C:/Program Files/Unity/Hub/Editor/6000.2.6f1/Editor/Data/UnityReferenceAssemblies/unity-4.8-api/System.dll"
-r:"C:/Program Files/Unity/Hub/Editor/6000.2.6f1/Editor/Data/UnityReferenceAssemblies/unity-4.8-api/System.Drawing.dll"
-r:"C:/Program Files/Unity/Hub/Editor/6000.2.6f1/Editor/Data/UnityReferenceAssemblies/unity-4.8-api/System.IO.Compression.dll"
-r:"C:/Program Files/Unity/Hub/Editor/6000.2.6f1/Editor/Data/UnityReferenceAssemblies/unity-4.8-api/System.IO.Compression.FileSystem.dll"
-r:"C:/Program Files/Unity/Hub/Editor/6000.2.6f1/Editor/Data/UnityReferenceAssemblies/unity-4.8-api/System.Net.Http.dll"
-r:"C:/Program Files/Unity/Hub/Editor/6000.2.6f1/Editor/Data/UnityReferenceAssemblies/unity-4.8-api/System.Numerics.dll"
-r:"C:/Program Files/Unity/Hub/Editor/6000.2.6f1/Editor/Data/UnityReferenceAssemblies/unity-4.8-api/System.Numerics.Vectors.dll"
-r:"C:/Program Files/Unity/Hub/Editor/6000.2.6f1/Editor/Data/UnityReferenceAssemblies/unity-4.8-api/System.Runtime.Serialization.dll"
-r:"C:/Program Files/Unity/Hub/Editor/6000.2.6f1/Editor/Data/UnityReferenceAssemblies/unity-4.8-api/System.Transactions.dll"
-r:"C:/Program Files/Unity/Hub/Editor/6000.2.6f1/Editor/Data/UnityReferenceAssemblies/unity-4.8-api/System.Xml.dll"
-r:"C:/Program Files/Unity/Hub/Editor/6000.2.6f1/Editor/Data/UnityReferenceAssemblies/unity-4.8-api/System.Xml.Linq.dll"
-r:"Library/Bee/artifacts/1900b0aE.dag/UnityEditor.UI.ref.dll"
-r:"Library/Bee/artifacts/1900b0aE.dag/UnityEngine.UI.ref.dll"
-analyzer:"C:/Program Files/Unity/Hub/Editor/6000.2.6f1/Editor/Data/Tools/Unity.SourceGenerators/Unity.Properties.SourceGenerator.dll"
-analyzer:"C:/Program Files/Unity/Hub/Editor/6000.2.6f1/Editor/Data/Tools/Unity.SourceGenerators/Unity.SourceGenerators.dll"
-analyzer:"C:/Program Files/Unity/Hub/Editor/6000.2.6f1/Editor/Data/Tools/Unity.SourceGenerators/Unity.UIToolkit.SourceGenerator.dll"
"Assets/Trae/Scripts/Tests/EditMode/DataManagerTests.cs"
"Assets/Trae/Scripts/Tests/EditMode/HaiDoonGameManagerTests.cs"
"Assets/Trae/Scripts/Tests/PlayMode/GameplayIntegrationTests.cs"
"Assets/Trae/Scripts/Tests/PlayMode/UIIntegrationTests.cs"
-langversion:9.0
/deterministic
/optimize+
/debug:portable
/nologo
/RuntimeMetadataVersion:v4.0.30319
/nowarn:0169
/nowarn:0649
/nowarn:0282
/nowarn:1701
/nowarn:1702
/utf8output
/preferreduilang:en-US
/additionalfile:"Library/Bee/artifacts/1900b0aE.dag/Trae.Tests.UnityAdditionalFile.txt"
##### Custom Environment Variables
DOTNET_MULTILEVEL_LOOKUP=0
##### ExitCode
1
##### Output
Assets\Trae\Scripts\Tests\EditMode\DataManagerTests.cs(2,7): error CS0246: The type or namespace name 'NUnit' could not be found (are you missing a using directive or an assembly reference?)

Assets\Trae\Scripts\Tests\EditMode\DataManagerTests.cs(5,12): error CS0234: The type or namespace name 'Data' does not exist in the namespace 'Trae' (are you missing an assembly reference?)

Assets\Trae\Scripts\Tests\EditMode\HaiDoonGameManagerTests.cs(3,7): error CS0246: The type or namespace name 'NUnit' could not be found (are you missing a using directive or an assembly reference?)

Assets\Trae\Scripts\Tests\EditMode\HaiDoonGameManagerTests.cs(6,12): error CS0234: The type or namespace name 'Core' does not exist in the namespace 'Trae' (are you missing an assembly reference?)

Assets\Trae\Scripts\Tests\EditMode\HaiDoonGameManagerTests.cs(7,12): error CS0234: The type or namespace name 'Audio' does not exist in the namespace 'Trae' (are you missing an assembly reference?)

Assets\Trae\Scripts\Tests\EditMode\HaiDoonGameManagerTests.cs(8,12): error CS0234: The type or namespace name 'Input' does not exist in the namespace 'Trae' (are you missing an assembly reference?)

Assets\Trae\Scripts\Tests\PlayMode\GameplayIntegrationTests.cs(2,7): error CS0246: The type or namespace name 'NUnit' could not be found (are you missing a using directive or an assembly reference?)

Assets\Trae\Scripts\Tests\PlayMode\GameplayIntegrationTests.cs(6,12): error CS0234: The type or namespace name 'Core' does not exist in the namespace 'Trae' (are you missing an assembly reference?)

Assets\Trae\Scripts\Tests\PlayMode\GameplayIntegrationTests.cs(7,12): error CS0234: The type or namespace name 'Audio' does not exist in the namespace 'Trae' (are you missing an assembly reference?)

Assets\Trae\Scripts\Tests\PlayMode\GameplayIntegrationTests.cs(8,12): error CS0234: The type or namespace name 'Input' does not exist in the namespace 'Trae' (are you missing an assembly reference?)

Assets\Trae\Scripts\Tests\PlayMode\GameplayIntegrationTests.cs(9,12): error CS0234: The type or namespace name 'Data' does not exist in the namespace 'Trae' (are you missing an assembly reference?)

Assets\Trae\Scripts\Tests\PlayMode\UIIntegrationTests.cs(2,7): error CS0246: The type or namespace name 'NUnit' could not be found (are you missing a using directive or an assembly reference?)

Assets\Trae\Scripts\Tests\PlayMode\UIIntegrationTests.cs(6,12): error CS0234: The type or namespace name 'UI' does not exist in the namespace 'Trae' (are you missing an assembly reference?)

Assets\Trae\Scripts\Tests\PlayMode\UIIntegrationTests.cs(7,12): error CS0234: The type or namespace name 'Core' does not exist in the namespace 'Trae' (are you missing an assembly reference?)

Assets\Trae\Scripts\Tests\PlayMode\UIIntegrationTests.cs(8,12): error CS0234: The type or namespace name 'Audio' does not exist in the namespace 'Trae' (are you missing an assembly reference?)

Assets\Trae\Scripts\Tests\PlayMode\UIIntegrationTests.cs(9,12): error CS0234: The type or namespace name 'Input' does not exist in the namespace 'Trae' (are you missing an assembly reference?)

Assets\Trae\Scripts\Tests\EditMode\DataManagerTests.cs(14,17): error CS0246: The type or namespace name 'DataManager' could not be found (are you missing a using directive or an assembly reference?)

Assets\Trae\Scripts\Tests\EditMode\HaiDoonGameManagerTests.cs(17,17): error CS0246: The type or namespace name 'HaiDoonGameManager' could not be found (are you missing a using directive or an assembly reference?)

Assets\Trae\Scripts\Tests\EditMode\HaiDoonGameManagerTests.cs(428,39): error CS0246: The type or namespace name 'ITouchProcessor' could not be found (are you missing a using directive or an assembly reference?)

Assets\Trae\Scripts\Tests\EditMode\HaiDoonGameManagerTests.cs(406,37): error CS0246: The type or namespace name 'IAudioManager' could not be found (are you missing a using directive or an assembly reference?)

Assets\Trae\Scripts\Tests\EditMode\DataManagerTests.cs(17,10): error CS0246: The type or namespace name 'SetUpAttribute' could not be found (are you missing a using directive or an assembly reference?)

Assets\Trae\Scripts\Tests\EditMode\DataManagerTests.cs(17,10): error CS0246: The type or namespace name 'SetUp' could not be found (are you missing a using directive or an assembly reference?)

Assets\Trae\Scripts\Tests\EditMode\HaiDoonGameManagerTests.cs(22,10): error CS0246: The type or namespace name 'SetUpAttribute' could not be found (are you missing a using directive or an assembly reference?)

Assets\Trae\Scripts\Tests\EditMode\HaiDoonGameManagerTests.cs(22,10): error CS0246: The type or namespace name 'SetUp' could not be found (are you missing a using directive or an assembly reference?)

Assets\Trae\Scripts\Tests\EditMode\DataManagerTests.cs(28,10): error CS0246: The type or namespace name 'TearDownAttribute' could not be found (are you missing a using directive or an assembly reference?)

Assets\Trae\Scripts\Tests\EditMode\DataManagerTests.cs(28,10): error CS0246: The type or namespace name 'TearDown' could not be found (are you missing a using directive or an assembly reference?)

Assets\Trae\Scripts\Tests\EditMode\HaiDoonGameManagerTests.cs(40,10): error CS0246: The type or namespace name 'TearDownAttribute' could not be found (are you missing a using directive or an assembly reference?)

Assets\Trae\Scripts\Tests\EditMode\HaiDoonGameManagerTests.cs(40,10): error CS0246: The type or namespace name 'TearDown' could not be found (are you missing a using directive or an assembly reference?)

Assets\Trae\Scripts\Tests\EditMode\DataManagerTests.cs(43,10): error CS0246: The type or namespace name 'TestAttribute' could not be found (are you missing a using directive or an assembly reference?)

Assets\Trae\Scripts\Tests\EditMode\DataManagerTests.cs(43,10): error CS0246: The type or namespace name 'Test' could not be found (are you missing a using directive or an assembly reference?)

Assets\Trae\Scripts\Tests\PlayMode\GameplayIntegrationTests.cs(19,17): error CS0246: The type or namespace name 'HaiDoonGameManager' could not be found (are you missing a using directive or an assembly reference?)

Assets\Trae\Scripts\Tests\EditMode\HaiDoonGameManagerTests.cs(54,10): error CS0246: The type or namespace name 'TestAttribute' could not be found (are you missing a using directive or an assembly reference?)

Assets\Trae\Scripts\Tests\EditMode\HaiDoonGameManagerTests.cs(54,10): error CS0246: The type or namespace name 'Test' could not be found (are you missing a using directive or an assembly reference?)

Assets\Trae\Scripts\Tests\EditMode\DataManagerTests.cs(60,10): error CS0246: The type or namespace name 'TestAttribute' could not be found (are you missing a using directive or an assembly reference?)

Assets\Trae\Scripts\Tests\EditMode\DataManagerTests.cs(60,10): error CS0246: The type or namespace name 'Test' could not be found (are you missing a using directive or an assembly reference?)

Assets\Trae\Scripts\Tests\PlayMode\GameplayIntegrationTests.cs(20,17): error CS0246: The type or namespace name 'AudioManager' could not be found (are you missing a using directive or an assembly reference?)

Assets\Trae\Scripts\Tests\EditMode\HaiDoonGameManagerTests.cs(61,10): error CS0246: The type or namespace name 'TestAttribute' could not be found (are you missing a using directive or an assembly reference?)

Assets\Trae\Scripts\Tests\EditMode\HaiDoonGameManagerTests.cs(61,10): error CS0246: The type or namespace name 'Test' could not be found (are you missing a using directive or an assembly reference?)

Assets\Trae\Scripts\Tests\EditMode\DataManagerTests.cs(72,10): error CS0246: The type or namespace name 'TestAttribute' could not be found (are you missing a using directive or an assembly reference?)

Assets\Trae\Scripts\Tests\EditMode\DataManagerTests.cs(72,10): error CS0246: The type or namespace name 'Test' could not be found (are you missing a using directive or an assembly reference?)

Assets\Trae\Scripts\Tests\EditMode\HaiDoonGameManagerTests.cs(83,10): error CS0246: The type or namespace name 'TestAttribute' could not be found (are you missing a using directive or an assembly reference?)

Assets\Trae\Scripts\Tests\EditMode\HaiDoonGameManagerTests.cs(83,10): error CS0246: The type or namespace name 'Test' could not be found (are you missing a using directive or an assembly reference?)

Assets\Trae\Scripts\Tests\PlayMode\GameplayIntegrationTests.cs(21,17): error CS0246: The type or namespace name 'TouchProcessor' could not be found (are you missing a using directive or an assembly reference?)

Assets\Trae\Scripts\Tests\EditMode\DataManagerTests.cs(85,10): error CS0246: The type or namespace name 'TestAttribute' could not be found (are you missing a using directive or an assembly reference?)

Assets\Trae\Scripts\Tests\EditMode\DataManagerTests.cs(85,10): error CS0246: The type or namespace name 'Test' could not be found (are you missing a using directive or an assembly reference?)

Assets\Trae\Scripts\Tests\EditMode\HaiDoonGameManagerTests.cs(96,10): error CS0246: The type or namespace name 'TestAttribute' could not be found (are you missing a using directive or an assembly reference?)

Assets\Trae\Scripts\Tests\EditMode\HaiDoonGameManagerTests.cs(96,10): error CS0246: The type or namespace name 'Test' could not be found (are you missing a using directive or an assembly reference?)

Assets\Trae\Scripts\Tests\PlayMode\GameplayIntegrationTests.cs(22,17): error CS0246: The type or namespace name 'DataManager' could not be found (are you missing a using directive or an assembly reference?)

Assets\Trae\Scripts\Tests\EditMode\DataManagerTests.cs(99,10): error CS0246: The type or namespace name 'TestAttribute' could not be found (are you missing a using directive or an assembly reference?)

Assets\Trae\Scripts\Tests\EditMode\DataManagerTests.cs(99,10): error CS0246: The type or namespace name 'Test' could not be found (are you missing a using directive or an assembly reference?)

Assets\Trae\Scripts\Tests\EditMode\HaiDoonGameManagerTests.cs(110,10): error CS0246: The type or namespace name 'TestAttribute' could not be found (are you missing a using directive or an assembly reference?)

Assets\Trae\Scripts\Tests\EditMode\HaiDoonGameManagerTests.cs(110,10): error CS0246: The type or namespace name 'Test' could not be found (are you missing a using directive or an assembly reference?)

Assets\Trae\Scripts\Tests\EditMode\DataManagerTests.cs(113,10): error CS0246: The type or namespace name 'TestAttribute' could not be found (are you missing a using directive or an assembly reference?)

Assets\Trae\Scripts\Tests\EditMode\DataManagerTests.cs(113,10): error CS0246: The type or namespace name 'Test' could not be found (are you missing a using directive or an assembly reference?)

Assets\Trae\Scripts\Tests\EditMode\HaiDoonGameManagerTests.cs(123,10): error CS0246: The type or namespace name 'TestAttribute' could not be found (are you missing a using directive or an assembly reference?)

Assets\Trae\Scripts\Tests\EditMode\HaiDoonGameManagerTests.cs(123,10): error CS0246: The type or namespace name 'Test' could not be found (are you missing a using directive or an assembly reference?)

Assets\Trae\Scripts\Tests\EditMode\DataManagerTests.cs(133,10): error CS0246: The type or namespace name 'TestAttribute' could not be found (are you missing a using directive or an assembly reference?)

Assets\Trae\Scripts\Tests\EditMode\DataManagerTests.cs(133,10): error CS0246: The type or namespace name 'Test' could not be found (are you missing a using directive or an assembly reference?)

Assets\Trae\Scripts\Tests\EditMode\DataManagerTests.cs(149,10): error CS0246: The type or namespace name 'TestAttribute' could not be found (are you missing a using directive or an assembly reference?)

Assets\Trae\Scripts\Tests\EditMode\DataManagerTests.cs(149,10): error CS0246: The type or namespace name 'Test' could not be found (are you missing a using directive or an assembly reference?)

Assets\Trae\Scripts\Tests\PlayMode\GameplayIntegrationTests.cs(24,10): error CS0246: The type or namespace name 'SetUpAttribute' could not be found (are you missing a using directive or an assembly reference?)

Assets\Trae\Scripts\Tests\PlayMode\GameplayIntegrationTests.cs(24,10): error CS0246: The type or namespace name 'SetUp' could not be found (are you missing a using directive or an assembly reference?)

Assets\Trae\Scripts\Tests\EditMode\HaiDoonGameManagerTests.cs(142,10): error CS0246: The type or namespace name 'TestAttribute' could not be found (are you missing a using directive or an assembly reference?)

Assets\Trae\Scripts\Tests\EditMode\HaiDoonGameManagerTests.cs(142,10): error CS0246: The type or namespace name 'Test' could not be found (are you missing a using directive or an assembly reference?)

Assets\Trae\Scripts\Tests\EditMode\DataManagerTests.cs(159,10): error CS0246: The type or namespace name 'TestAttribute' could not be found (are you missing a using directive or an assembly reference?)

Assets\Trae\Scripts\Tests\EditMode\DataManagerTests.cs(159,10): error CS0246: The type or namespace name 'Test' could not be found (are you missing a using directive or an assembly reference?)

Assets\Trae\Scripts\Tests\PlayMode\UIIntegrationTests.cs(20,17): error CS0246: The type or namespace name 'MainMenuController' could not be found (are you missing a using directive or an assembly reference?)

Assets\Trae\Scripts\Tests\EditMode\HaiDoonGameManagerTests.cs(149,10): error CS0246: The type or namespace name 'TestAttribute' could not be found (are you missing a using directive or an assembly reference?)

Assets\Trae\Scripts\Tests\EditMode\HaiDoonGameManagerTests.cs(149,10): error CS0246: The type or namespace name 'Test' could not be found (are you missing a using directive or an assembly reference?)

Assets\Trae\Scripts\Tests\PlayMode\GameplayIntegrationTests.cs(43,10): error CS0246: The type or namespace name 'TearDownAttribute' could not be found (are you missing a using directive or an assembly reference?)

Assets\Trae\Scripts\Tests\PlayMode\GameplayIntegrationTests.cs(43,10): error CS0246: The type or namespace name 'TearDown' could not be found (are you missing a using directive or an assembly reference?)

Assets\Trae\Scripts\Tests\EditMode\DataManagerTests.cs(174,10): error CS0246: The type or namespace name 'TestAttribute' could not be found (are you missing a using directive or an assembly reference?)

Assets\Trae\Scripts\Tests\EditMode\DataManagerTests.cs(174,10): error CS0246: The type or namespace name 'Test' could not be found (are you missing a using directive or an assembly reference?)

Assets\Trae\Scripts\Tests\PlayMode\UIIntegrationTests.cs(21,17): error CS0246: The type or namespace name 'GameplayController' could not be found (are you missing a using directive or an assembly reference?)

Assets\Trae\Scripts\Tests\EditMode\HaiDoonGameManagerTests.cs(163,10): error CS0246: The type or namespace name 'TestAttribute' could not be found (are you missing a using directive or an assembly reference?)

Assets\Trae\Scripts\Tests\EditMode\HaiDoonGameManagerTests.cs(163,10): error CS0246: The type or namespace name 'Test' could not be found (are you missing a using directive or an assembly reference?)

Assets\Trae\Scripts\Tests\EditMode\DataManagerTests.cs(193,10): error CS0246: The type or namespace name 'TestAttribute' could not be found (are you missing a using directive or an assembly reference?)

Assets\Trae\Scripts\Tests\EditMode\DataManagerTests.cs(193,10): error CS0246: The type or namespace name 'Test' could not be found (are you missing a using directive or an assembly reference?)

Assets\Trae\Scripts\Tests\PlayMode\UIIntegrationTests.cs(22,17): error CS0246: The type or namespace name 'HaiDoonGameManager' could not be found (are you missing a using directive or an assembly reference?)

Assets\Trae\Scripts\Tests\PlayMode\GameplayIntegrationTests.cs(57,10): error CS0246: The type or namespace name 'UnityTestAttribute' could not be found (are you missing a using directive or an assembly reference?)

Assets\Trae\Scripts\Tests\PlayMode\GameplayIntegrationTests.cs(57,10): error CS0246: The type or namespace name 'UnityTest' could not be found (are you missing a using directive or an assembly reference?)

Assets\Trae\Scripts\Tests\EditMode\DataManagerTests.cs(206,10): error CS0246: The type or namespace name 'TestAttribute' could not be found (are you missing a using directive or an assembly reference?)

Assets\Trae\Scripts\Tests\EditMode\DataManagerTests.cs(206,10): error CS0246: The type or namespace name 'Test' could not be found (are you missing a using directive or an assembly reference?)

Assets\Trae\Scripts\Tests\PlayMode\UIIntegrationTests.cs(23,17): error CS0246: The type or namespace name 'AudioManager' could not be found (are you missing a using directive or an assembly reference?)

Assets\Trae\Scripts\Tests\EditMode\HaiDoonGameManagerTests.cs(177,10): error CS0246: The type or namespace name 'TestAttribute' could not be found (are you missing a using directive or an assembly reference?)

Assets\Trae\Scripts\Tests\EditMode\HaiDoonGameManagerTests.cs(177,10): error CS0246: The type or namespace name 'Test' could not be found (are you missing a using directive or an assembly reference?)

Assets\Trae\Scripts\Tests\EditMode\DataManagerTests.cs(219,10): error CS0246: The type or namespace name 'TestAttribute' could not be found (are you missing a using directive or an assembly reference?)

Assets\Trae\Scripts\Tests\EditMode\DataManagerTests.cs(219,10): error CS0246: The type or namespace name 'Test' could not be found (are you missing a using directive or an assembly reference?)

Assets\Trae\Scripts\Tests\PlayMode\UIIntegrationTests.cs(24,17): error CS0246: The type or namespace name 'TouchProcessor' could not be found (are you missing a using directive or an assembly reference?)

Assets\Trae\Scripts\Tests\PlayMode\GameplayIntegrationTests.cs(94,10): error CS0246: The type or namespace name 'UnityTestAttribute' could not be found (are you missing a using directive or an assembly reference?)

Assets\Trae\Scripts\Tests\PlayMode\GameplayIntegrationTests.cs(94,10): error CS0246: The type or namespace name 'UnityTest' could not be found (are you missing a using directive or an assembly reference?)

Assets\Trae\Scripts\Tests\EditMode\HaiDoonGameManagerTests.cs(209,10): error CS0246: The type or namespace name 'TestAttribute' could not be found (are you missing a using directive or an assembly reference?)

Assets\Trae\Scripts\Tests\EditMode\HaiDoonGameManagerTests.cs(209,10): error CS0246: The type or namespace name 'Test' could not be found (are you missing a using directive or an assembly reference?)

Assets\Trae\Scripts\Tests\EditMode\DataManagerTests.cs(236,10): error CS0246: The type or namespace name 'TestAttribute' could not be found (are you missing a using directive or an assembly reference?)

Assets\Trae\Scripts\Tests\EditMode\DataManagerTests.cs(236,10): error CS0246: The type or namespace name 'Test' could not be found (are you missing a using directive or an assembly reference?)

Assets\Trae\Scripts\Tests\PlayMode\UIIntegrationTests.cs(26,10): error CS0246: The type or namespace name 'SetUpAttribute' could not be found (are you missing a using directive or an assembly reference?)

Assets\Trae\Scripts\Tests\PlayMode\UIIntegrationTests.cs(26,10): error CS0246: The type or namespace name 'SetUp' could not be found (are you missing a using directive or an assembly reference?)

Assets\Trae\Scripts\Tests\PlayMode\GameplayIntegrationTests.cs(116,10): error CS0246: The type or namespace name 'UnityTestAttribute' could not be found (are you missing a using directive or an assembly reference?)

Assets\Trae\Scripts\Tests\PlayMode\GameplayIntegrationTests.cs(116,10): error CS0246: The type or namespace name 'UnityTest' could not be found (are you missing a using directive or an assembly reference?)

Assets\Trae\Scripts\Tests\EditMode\DataManagerTests.cs(253,10): error CS0246: The type or namespace name 'TestAttribute' could not be found (are you missing a using directive or an assembly reference?)

Assets\Trae\Scripts\Tests\EditMode\DataManagerTests.cs(253,10): error CS0246: The type or namespace name 'Test' could not be found (are you missing a using directive or an assembly reference?)

Assets\Trae\Scripts\Tests\EditMode\HaiDoonGameManagerTests.cs(232,10): error CS0246: The type or namespace name 'TestAttribute' could not be found (are you missing a using directive or an assembly reference?)

Assets\Trae\Scripts\Tests\EditMode\HaiDoonGameManagerTests.cs(232,10): error CS0246: The type or namespace name 'Test' could not be found (are you missing a using directive or an assembly reference?)

Assets\Trae\Scripts\Tests\PlayMode\UIIntegrationTests.cs(51,10): error CS0246: The type or namespace name 'TearDownAttribute' could not be found (are you missing a using directive or an assembly reference?)

Assets\Trae\Scripts\Tests\PlayMode\UIIntegrationTests.cs(51,10): error CS0246: The type or namespace name 'TearDown' could not be found (are you missing a using directive or an assembly reference?)

Assets\Trae\Scripts\Tests\PlayMode\GameplayIntegrationTests.cs(148,10): error CS0246: The type or namespace name 'UnityTestAttribute' could not be found (are you missing a using directive or an assembly reference?)

Assets\Trae\Scripts\Tests\PlayMode\GameplayIntegrationTests.cs(148,10): error CS0246: The type or namespace name 'UnityTest' could not be found (are you missing a using directive or an assembly reference?)

Assets\Trae\Scripts\Tests\EditMode\DataManagerTests.cs(272,10): error CS0246: The type or namespace name 'TestAttribute' could not be found (are you missing a using directive or an assembly reference?)

Assets\Trae\Scripts\Tests\EditMode\DataManagerTests.cs(272,10): error CS0246: The type or namespace name 'Test' could not be found (are you missing a using directive or an assembly reference?)

Assets\Trae\Scripts\Tests\PlayMode\UIIntegrationTests.cs(65,10): error CS0246: The type or namespace name 'UnityTestAttribute' could not be found (are you missing a using directive or an assembly reference?)

Assets\Trae\Scripts\Tests\PlayMode\UIIntegrationTests.cs(65,10): error CS0246: The type or namespace name 'UnityTest' could not be found (are you missing a using directive or an assembly reference?)

Assets\Trae\Scripts\Tests\EditMode\HaiDoonGameManagerTests.cs(251,10): error CS0246: The type or namespace name 'TestAttribute' could not be found (are you missing a using directive or an assembly reference?)

Assets\Trae\Scripts\Tests\EditMode\HaiDoonGameManagerTests.cs(251,10): error CS0246: The type or namespace name 'Test' could not be found (are you missing a using directive or an assembly reference?)

Assets\Trae\Scripts\Tests\PlayMode\GameplayIntegrationTests.cs(192,10): error CS0246: The type or namespace name 'UnityTestAttribute' could not be found (are you missing a using directive or an assembly reference?)

Assets\Trae\Scripts\Tests\PlayMode\GameplayIntegrationTests.cs(192,10): error CS0246: The type or namespace name 'UnityTest' could not be found (are you missing a using directive or an assembly reference?)

Assets\Trae\Scripts\Tests\EditMode\DataManagerTests.cs(292,10): error CS0246: The type or namespace name 'TestAttribute' could not be found (are you missing a using directive or an assembly reference?)

Assets\Trae\Scripts\Tests\EditMode\DataManagerTests.cs(292,10): error CS0246: The type or namespace name 'Test' could not be found (are you missing a using directive or an assembly reference?)

Assets\Trae\Scripts\Tests\PlayMode\UIIntegrationTests.cs(87,10): error CS0246: The type or namespace name 'UnityTestAttribute' could not be found (are you missing a using directive or an assembly reference?)

Assets\Trae\Scripts\Tests\PlayMode\UIIntegrationTests.cs(87,10): error CS0246: The type or namespace name 'UnityTest' could not be found (are you missing a using directive or an assembly reference?)

Assets\Trae\Scripts\Tests\PlayMode\GameplayIntegrationTests.cs(217,10): error CS0246: The type or namespace name 'UnityTestAttribute' could not be found (are you missing a using directive or an assembly reference?)

Assets\Trae\Scripts\Tests\PlayMode\GameplayIntegrationTests.cs(217,10): error CS0246: The type or namespace name 'UnityTest' could not be found (are you missing a using directive or an assembly reference?)

Assets\Trae\Scripts\Tests\EditMode\HaiDoonGameManagerTests.cs(268,10): error CS0246: The type or namespace name 'TestAttribute' could not be found (are you missing a using directive or an assembly reference?)

Assets\Trae\Scripts\Tests\EditMode\HaiDoonGameManagerTests.cs(268,10): error CS0246: The type or namespace name 'Test' could not be found (are you missing a using directive or an assembly reference?)

Assets\Trae\Scripts\Tests\EditMode\DataManagerTests.cs(302,10): error CS0246: The type or namespace name 'TestAttribute' could not be found (are you missing a using directive or an assembly reference?)

Assets\Trae\Scripts\Tests\EditMode\DataManagerTests.cs(302,10): error CS0246: The type or namespace name 'Test' could not be found (are you missing a using directive or an assembly reference?)

Assets\Trae\Scripts\Tests\PlayMode\UIIntegrationTests.cs(111,10): error CS0246: The type or namespace name 'UnityTestAttribute' could not be found (are you missing a using directive or an assembly reference?)

Assets\Trae\Scripts\Tests\PlayMode\UIIntegrationTests.cs(111,10): error CS0246: The type or namespace name 'UnityTest' could not be found (are you missing a using directive or an assembly reference?)

Assets\Trae\Scripts\Tests\EditMode\DataManagerTests.cs(315,10): error CS0246: The type or namespace name 'TestAttribute' could not be found (are you missing a using directive or an assembly reference?)

Assets\Trae\Scripts\Tests\EditMode\DataManagerTests.cs(315,10): error CS0246: The type or namespace name 'Test' could not be found (are you missing a using directive or an assembly reference?)

Assets\Trae\Scripts\Tests\EditMode\HaiDoonGameManagerTests.cs(285,10): error CS0246: The type or namespace name 'TestAttribute' could not be found (are you missing a using directive or an assembly reference?)

Assets\Trae\Scripts\Tests\EditMode\HaiDoonGameManagerTests.cs(285,10): error CS0246: The type or namespace name 'Test' could not be found (are you missing a using directive or an assembly reference?)

Assets\Trae\Scripts\Tests\PlayMode\GameplayIntegrationTests.cs(238,10): error CS0246: The type or namespace name 'UnityTestAttribute' could not be found (are you missing a using directive or an assembly reference?)

Assets\Trae\Scripts\Tests\PlayMode\GameplayIntegrationTests.cs(238,10): error CS0246: The type or namespace name 'UnityTest' could not be found (are you missing a using directive or an assembly reference?)

Assets\Trae\Scripts\Tests\EditMode\DataManagerTests.cs(334,10): error CS0246: The type or namespace name 'TestAttribute' could not be found (are you missing a using directive or an assembly reference?)

Assets\Trae\Scripts\Tests\EditMode\DataManagerTests.cs(334,10): error CS0246: The type or namespace name 'Test' could not be found (are you missing a using directive or an assembly reference?)

Assets\Trae\Scripts\Tests\PlayMode\GameplayIntegrationTests.cs(263,10): error CS0246: The type or namespace name 'UnityTestAttribute' could not be found (are you missing a using directive or an assembly reference?)

Assets\Trae\Scripts\Tests\PlayMode\GameplayIntegrationTests.cs(263,10): error CS0246: The type or namespace name 'UnityTest' could not be found (are you missing a using directive or an assembly reference?)

Assets\Trae\Scripts\Tests\EditMode\HaiDoonGameManagerTests.cs(303,10): error CS0246: The type or namespace name 'TestAttribute' could not be found (are you missing a using directive or an assembly reference?)

Assets\Trae\Scripts\Tests\EditMode\HaiDoonGameManagerTests.cs(303,10): error CS0246: The type or namespace name 'Test' could not be found (are you missing a using directive or an assembly reference?)

Assets\Trae\Scripts\Tests\PlayMode\UIIntegrationTests.cs(135,10): error CS0246: The type or namespace name 'UnityTestAttribute' could not be found (are you missing a using directive or an assembly reference?)

Assets\Trae\Scripts\Tests\PlayMode\UIIntegrationTests.cs(135,10): error CS0246: The type or namespace name 'UnityTest' could not be found (are you missing a using directive or an assembly reference?)

Assets\Trae\Scripts\Tests\EditMode\DataManagerTests.cs(351,10): error CS0246: The type or namespace name 'TestAttribute' could not be found (are you missing a using directive or an assembly reference?)

Assets\Trae\Scripts\Tests\EditMode\DataManagerTests.cs(351,10): error CS0246: The type or namespace name 'Test' could not be found (are you missing a using directive or an assembly reference?)

Assets\Trae\Scripts\Tests\PlayMode\GameplayIntegrationTests.cs(294,10): error CS0246: The type or namespace name 'UnityTestAttribute' could not be found (are you missing a using directive or an assembly reference?)

Assets\Trae\Scripts\Tests\PlayMode\GameplayIntegrationTests.cs(294,10): error CS0246: The type or namespace name 'UnityTest' could not be found (are you missing a using directive or an assembly reference?)

Assets\Trae\Scripts\Tests\EditMode\HaiDoonGameManagerTests.cs(327,10): error CS0246: The type or namespace name 'TestAttribute' could not be found (are you missing a using directive or an assembly reference?)

Assets\Trae\Scripts\Tests\EditMode\HaiDoonGameManagerTests.cs(327,10): error CS0246: The type or namespace name 'Test' could not be found (are you missing a using directive or an assembly reference?)

Assets\Trae\Scripts\Tests\EditMode\DataManagerTests.cs(370,10): error CS0246: The type or namespace name 'TestAttribute' could not be found (are you missing a using directive or an assembly reference?)

Assets\Trae\Scripts\Tests\EditMode\DataManagerTests.cs(370,10): error CS0246: The type or namespace name 'Test' could not be found (are you missing a using directive or an assembly reference?)

Assets\Trae\Scripts\Tests\PlayMode\GameplayIntegrationTests.cs(316,10): error CS0246: The type or namespace name 'UnityTestAttribute' could not be found (are you missing a using directive or an assembly reference?)

Assets\Trae\Scripts\Tests\PlayMode\GameplayIntegrationTests.cs(316,10): error CS0246: The type or namespace name 'UnityTest' could not be found (are you missing a using directive or an assembly reference?)

Assets\Trae\Scripts\Tests\PlayMode\UIIntegrationTests.cs(168,10): error CS0246: The type or namespace name 'UnityTestAttribute' could not be found (are you missing a using directive or an assembly reference?)

Assets\Trae\Scripts\Tests\PlayMode\UIIntegrationTests.cs(168,10): error CS0246: The type or namespace name 'UnityTest' could not be found (are you missing a using directive or an assembly reference?)

Assets\Trae\Scripts\Tests\EditMode\HaiDoonGameManagerTests.cs(354,10): error CS0246: The type or namespace name 'TestAttribute' could not be found (are you missing a using directive or an assembly reference?)

Assets\Trae\Scripts\Tests\EditMode\HaiDoonGameManagerTests.cs(354,10): error CS0246: The type or namespace name 'Test' could not be found (are you missing a using directive or an assembly reference?)

Assets\Trae\Scripts\Tests\EditMode\DataManagerTests.cs(387,10): error CS0246: The type or namespace name 'TestAttribute' could not be found (are you missing a using directive or an assembly reference?)

Assets\Trae\Scripts\Tests\EditMode\DataManagerTests.cs(387,10): error CS0246: The type or namespace name 'Test' could not be found (are you missing a using directive or an assembly reference?)

Assets\Trae\Scripts\Tests\PlayMode\UIIntegrationTests.cs(192,10): error CS0246: The type or namespace name 'UnityTestAttribute' could not be found (are you missing a using directive or an assembly reference?)

Assets\Trae\Scripts\Tests\PlayMode\UIIntegrationTests.cs(192,10): error CS0246: The type or namespace name 'UnityTest' could not be found (are you missing a using directive or an assembly reference?)

Assets\Trae\Scripts\Tests\PlayMode\GameplayIntegrationTests.cs(348,10): error CS0246: The type or namespace name 'UnityTestAttribute' could not be found (are you missing a using directive or an assembly reference?)

Assets\Trae\Scripts\Tests\PlayMode\GameplayIntegrationTests.cs(348,10): error CS0246: The type or namespace name 'UnityTest' could not be found (are you missing a using directive or an assembly reference?)

Assets\Trae\Scripts\Tests\EditMode\HaiDoonGameManagerTests.cs(371,10): error CS0246: The type or namespace name 'TestAttribute' could not be found (are you missing a using directive or an assembly reference?)

Assets\Trae\Scripts\Tests\EditMode\HaiDoonGameManagerTests.cs(371,10): error CS0246: The type or namespace name 'Test' could not be found (are you missing a using directive or an assembly reference?)

Assets\Trae\Scripts\Tests\EditMode\DataManagerTests.cs(411,10): error CS0246: The type or namespace name 'TestAttribute' could not be found (are you missing a using directive or an assembly reference?)

Assets\Trae\Scripts\Tests\EditMode\DataManagerTests.cs(411,10): error CS0246: The type or namespace name 'Test' could not be found (are you missing a using directive or an assembly reference?)

Assets\Trae\Scripts\Tests\PlayMode\UIIntegrationTests.cs(218,10): error CS0246: The type or namespace name 'UnityTestAttribute' could not be found (are you missing a using directive or an assembly reference?)

Assets\Trae\Scripts\Tests\PlayMode\UIIntegrationTests.cs(218,10): error CS0246: The type or namespace name 'UnityTest' could not be found (are you missing a using directive or an assembly reference?)

Assets\Trae\Scripts\Tests\EditMode\HaiDoonGameManagerTests.cs(384,10): error CS0246: The type or namespace name 'TestAttribute' could not be found (are you missing a using directive or an assembly reference?)

Assets\Trae\Scripts\Tests\EditMode\HaiDoonGameManagerTests.cs(384,10): error CS0246: The type or namespace name 'Test' could not be found (are you missing a using directive or an assembly reference?)

Assets\Trae\Scripts\Tests\PlayMode\UIIntegrationTests.cs(241,10): error CS0246: The type or namespace name 'UnityTestAttribute' could not be found (are you missing a using directive or an assembly reference?)

Assets\Trae\Scripts\Tests\PlayMode\UIIntegrationTests.cs(241,10): error CS0246: The type or namespace name 'UnityTest' could not be found (are you missing a using directive or an assembly reference?)

Assets\Trae\Scripts\Tests\PlayMode\UIIntegrationTests.cs(276,10): error CS0246: The type or namespace name 'UnityTestAttribute' could not be found (are you missing a using directive or an assembly reference?)

Assets\Trae\Scripts\Tests\PlayMode\UIIntegrationTests.cs(276,10): error CS0246: The type or namespace name 'UnityTest' could not be found (are you missing a using directive or an assembly reference?)

Assets\Trae\Scripts\Tests\PlayMode\UIIntegrationTests.cs(296,10): error CS0246: The type or namespace name 'UnityTestAttribute' could not be found (are you missing a using directive or an assembly reference?)

Assets\Trae\Scripts\Tests\PlayMode\UIIntegrationTests.cs(296,10): error CS0246: The type or namespace name 'UnityTest' could not be found (are you missing a using directive or an assembly reference?)

Assets\Trae\Scripts\Tests\PlayMode\UIIntegrationTests.cs(322,10): error CS0246: The type or namespace name 'UnityTestAttribute' could not be found (are you missing a using directive or an assembly reference?)

Assets\Trae\Scripts\Tests\PlayMode\UIIntegrationTests.cs(322,10): error CS0246: The type or namespace name 'UnityTest' could not be found (are you missing a using directive or an assembly reference?)
*** Tundra build failed (0.61 seconds), 2 items updated, 206 evaluated
## Script Compilation Error for: Csc Library/Bee/artifacts/1900b0aE.dag/Assembly-CSharp.dll (+2 others)
## CmdLine: "C:\Program Files\Unity\Hub\Editor\6000.2.6f1\Editor\Data\NetCoreRuntime\dotnet.exe" exec "C:/Program Files/Unity/Hub/Editor/6000.2.6f1/Editor/Data/DotNetSdkRoslyn/csc.dll" /nostdlib /noconfig /shared "@Library/Bee/artifacts/1900b0aE.dag/Assembly-CSharp.rsp" "@Library/Bee/artifacts/1900b0aE.dag/Assembly-CSharp.rsp2"
## Output:
Assets\Trae\Scripts\UI\GameplayController.cs(7,12): error CS0234: The type or namespace name 'Input' does not exist in the namespace 'Trae' (are you missing an assembly reference?)
Assets\Trae\Scripts\UI\GameplayController.cs(22,34): error CS0246: The type or namespace name 'TouchProcessor' could not be found (are you missing a using directive or an assembly reference?)

## Script Compilation Error for: Csc Library/Bee/artifacts/1900b0aE.dag/Trae.Tests.dll (+2 others)
## CmdLine: "C:\Program Files\Unity\Hub\Editor\6000.2.6f1\Editor\Data\NetCoreRuntime\dotnet.exe" exec "C:/Program Files/Unity/Hub/Editor/6000.2.6f1/Editor/Data/DotNetSdkRoslyn/csc.dll" /nostdlib /noconfig /shared "@Library/Bee/artifacts/1900b0aE.dag/Trae.Tests.rsp" "@Library/Bee/artifacts/1900b0aE.dag/Trae.Tests.rsp2"
## Output:
Assets\Trae\Scripts\Tests\EditMode\DataManagerTests.cs(2,7): error CS0246: The type or namespace name 'NUnit' could not be found (are you missing a using directive or an assembly reference?)
Assets\Trae\Scripts\Tests\EditMode\DataManagerTests.cs(5,12): error CS0234: The type or namespace name 'Data' does not exist in the namespace 'Trae' (are you missing an assembly reference?)
Assets\Trae\Scripts\Tests\EditMode\HaiDoonGameManagerTests.cs(3,7): error CS0246: The type or namespace name 'NUnit' could not be found (are you missing a using directive or an assembly reference?)
Assets\Trae\Scripts\Tests\EditMode\HaiDoonGameManagerTests.cs(6,12): error CS0234: The type or namespace name 'Core' does not exist in the namespace 'Trae' (are you missing an assembly reference?)
Assets\Trae\Scripts\Tests\EditMode\HaiDoonGameManagerTests.cs(7,12): error CS0234: The type or namespace name 'Audio' does not exist in the namespace 'Trae' (are you missing an assembly reference?)
Assets\Trae\Scripts\Tests\EditMode\HaiDoonGameManagerTests.cs(8,12): error CS0234: The type or namespace name 'Input' does not exist in the namespace 'Trae' (are you missing an assembly reference?)
Assets\Trae\Scripts\Tests\PlayMode\GameplayIntegrationTests.cs(2,7): error CS0246: The type or namespace name 'NUnit' could not be found (are you missing a using directive or an assembly reference?)
Assets\Trae\Scripts\Tests\PlayMode\GameplayIntegrationTests.cs(6,12): error CS0234: The type or namespace name 'Core' does not exist in the namespace 'Trae' (are you missing an assembly reference?)
Assets\Trae\Scripts\Tests\PlayMode\GameplayIntegrationTests.cs(7,12): error CS0234: The type or namespace name 'Audio' does not exist in the namespace 'Trae' (are you missing an assembly reference?)
Assets\Trae\Scripts\Tests\PlayMode\GameplayIntegrationTests.cs(8,12): error CS0234: The type or namespace name 'Input' does not exist in the namespace 'Trae' (are you missing an assembly reference?)
Assets\Trae\Scripts\Tests\PlayMode\GameplayIntegrationTests.cs(9,12): error CS0234: The type or namespace name 'Data' does not exist in the namespace 'Trae' (are you missing an assembly reference?)
Assets\Trae\Scripts\Tests\PlayMode\UIIntegrationTests.cs(2,7): error CS0246: The type or namespace name 'NUnit' could not be found (are you missing a using directive or an assembly reference?)
Assets\Trae\Scripts\Tests\PlayMode\UIIntegrationTests.cs(6,12): error CS0234: The type or namespace name 'UI' does not exist in the namespace 'Trae' (are you missing an assembly reference?)
Assets\Trae\Scripts\Tests\PlayMode\UIIntegrationTests.cs(7,12): error CS0234: The type or namespace name 'Core' does not exist in the namespace 'Trae' (are you missing an assembly reference?)
Assets\Trae\Scripts\Tests\PlayMode\UIIntegrationTests.cs(8,12): error CS0234: The type or namespace name 'Audio' does not exist in the namespace 'Trae' (are you missing an assembly reference?)
Assets\Trae\Scripts\Tests\PlayMode\UIIntegrationTests.cs(9,12): error CS0234: The type or namespace name 'Input' does not exist in the namespace 'Trae' (are you missing an assembly reference?)
Assets\Trae\Scripts\Tests\EditMode\DataManagerTests.cs(14,17): error CS0246: The type or namespace name 'DataManager' could not be found (are you missing a using directive or an assembly reference?)
Assets\Trae\Scripts\Tests\EditMode\HaiDoonGameManagerTests.cs(17,17): error CS0246: The type or namespace name 'HaiDoonGameManager' could not be found (are you missing a using directive or an assembly reference?)
Assets\Trae\Scripts\Tests\EditMode\HaiDoonGameManagerTests.cs(428,39): error CS0246: The type or namespace name 'ITouchProcessor' could not be found (are you missing a using directive or an assembly reference?)
Assets\Trae\Scripts\Tests\EditMode\HaiDoonGameManagerTests.cs(406,37): error CS0246: The type or namespace name 'IAudioManager' could not be found (are you missing a using directive or an assembly reference?)
Assets\Trae\Scripts\Tests\EditMode\DataManagerTests.cs(17,10): error CS0246: The type or namespace name 'SetUpAttribute' could not be found (are you missing a using directive or an assembly reference?)
Assets\Trae\Scripts\Tests\EditMode\DataManagerTests.cs(17,10): error CS0246: The type or namespace name 'SetUp' could not be found (are you missing a using directive or an assembly reference?)
Assets\Trae\Scripts\Tests\EditMode\HaiDoonGameManagerTests.cs(22,10): error CS0246: The type or namespace name 'SetUpAttribute' could not be found (are you missing a using directive or an assembly reference?)
Assets\Trae\Scripts\Tests\EditMode\HaiDoonGameManagerTests.cs(22,10): error CS0246: The type or namespace name 'SetUp' could not be found (are you missing a using directive or an assembly reference?)
Assets\Trae\Scripts\Tests\EditMode\DataManagerTests.cs(28,10): error CS0246: The type or namespace name 'TearDownAttribute' could not be found (are you missing a using directive or an assembly reference?)
Assets\Trae\Scripts\Tests\EditMode\DataManagerTests.cs(28,10): error CS0246: The type or namespace name 'TearDown' could not be found (are you missing a using directive or an assembly reference?)
Assets\Trae\Scripts\Tests\EditMode\HaiDoonGameManagerTests.cs(40,10): error CS0246: The type or namespace name 'TearDownAttribute' could not be found (are you missing a using directive or an assembly reference?)
Assets\Trae\Scripts\Tests\EditMode\HaiDoonGameManagerTests.cs(40,10): error CS0246: The type or namespace name 'TearDown' could not be found (are you missing a using directive or an assembly reference?)
Assets\Trae\Scripts\Tests\EditMode\DataManagerTests.cs(43,10): error CS0246: The type or namespace name 'TestAttribute' could not be found (are you missing a using directive or an assembly reference?)
Assets\Trae\Scripts\Tests\EditMode\DataManagerTests.cs(43,10): error CS0246: The type or namespace name 'Test' could not be found (are you missing a using directive or an assembly reference?)
Assets\Trae\Scripts\Tests\PlayMode\GameplayIntegrationTests.cs(19,17): error CS0246: The type or namespace name 'HaiDoonGameManager' could not be found (are you missing a using directive or an assembly reference?)
Assets\Trae\Scripts\Tests\EditMode\HaiDoonGameManagerTests.cs(54,10): error CS0246: The type or namespace name 'TestAttribute' could not be found (are you missing a using directive or an assembly reference?)
Assets\Trae\Scripts\Tests\EditMode\HaiDoonGameManagerTests.cs(54,10): error CS0246: The type or namespace name 'Test' could not be found (are you missing a using directive or an assembly reference?)
Assets\Trae\Scripts\Tests\EditMode\DataManagerTests.cs(60,10): error CS0246: The type or namespace name 'TestAttribute' could not be found (are you missing a using directive or an assembly reference?)
Assets\Trae\Scripts\Tests\EditMode\DataManagerTests.cs(60,10): error CS0246: The type or namespace name 'Test' could not be found (are you missing a using directive or an assembly reference?)
Assets\Trae\Scripts\Tests\PlayMode\GameplayIntegrationTests.cs(20,17): error CS0246: The type or namespace name 'AudioManager' could not be found (are you missing a using directive or an assembly reference?)
Assets\Trae\Scripts\Tests\EditMode\HaiDoonGameManagerTests.cs(61,10): error CS0246: The type or namespace name 'TestAttribute' could not be found (are you missing a using directive or an assembly reference?)
Assets\Trae\Scripts\Tests\EditMode\HaiDoonGameManagerTests.cs(61,10): error CS0246: The type or namespace name 'Test' could not be found (are you missing a using directive or an assembly reference?)
Assets\Trae\Scripts\Tests\EditMode\DataManagerTests.cs(72,10): error CS0246: The type or namespace name 'TestAttribute' could not be found (are you missing a using directive or an assembly reference?)
Assets\Trae\Scripts\Tests\EditMode\DataManagerTests.cs(72,10): error CS0246: The type or namespace name 'Test' could not be found (are you missing a using directive or an assembly reference?)
Assets\Trae\Scripts\Tests\EditMode\HaiDoonGameManagerTests.cs(83,10): error CS0246: The type or namespace name 'TestAttribute' could not be found (are you missing a using directive or an assembly reference?)
Assets\Trae\Scripts\Tests\EditMode\HaiDoonGameManagerTests.cs(83,10): error CS0246: The type or namespace name 'Test' could not be found (are you missing a using directive or an assembly reference?)
Assets\Trae\Scripts\Tests\PlayMode\GameplayIntegrationTests.cs(21,17): error CS0246: The type or namespace name 'TouchProcessor' could not be found (are you missing a using directive or an assembly reference?)
Assets\Trae\Scripts\Tests\EditMode\DataManagerTests.cs(85,10): error CS0246: The type or namespace name 'TestAttribute' could not be found (are you missing a using directive or an assembly reference?)
Assets\Trae\Scripts\Tests\EditMode\DataManagerTests.cs(85,10): error CS0246: The type or namespace name 'Test' could not be found (are you missing a using directive or an assembly reference?)
Assets\Trae\Scripts\Tests\EditMode\HaiDoonGameManagerTests.cs(96,10): error CS0246: The type or namespace name 'TestAttribute' could not be found (are you missing a using directive or an assembly reference?)
Assets\Trae\Scripts\Tests\EditMode\HaiDoonGameManagerTests.cs(96,10): error CS0246: The type or namespace name 'Test' could not be found (are you missing a using directive or an assembly reference?)
Assets\Trae\Scripts\Tests\PlayMode\GameplayIntegrationTests.cs(22,17): error CS0246: The type or namespace name 'DataManager' could not be found (are you missing a using directive or an assembly reference?)
Assets\Trae\Scripts\Tests\EditMode\DataManagerTests.cs(99,10): error CS0246: The type or namespace name 'TestAttribute' could not be found (are you missing a using directive or an assembly reference?)
Assets\Trae\Scripts\Tests\EditMode\DataManagerTests.cs(99,10): error CS0246: The type or namespace name 'Test' could not be found (are you missing a using directive or an assembly reference?)
Assets\Trae\Scripts\Tests\EditMode\HaiDoonGameManagerTests.cs(110,10): error CS0246: The type or namespace name 'TestAttribute' could not be found (are you missing a using directive or an assembly reference?)
Assets\Trae\Scripts\Tests\EditMode\HaiDoonGameManagerTests.cs(110,10): error CS0246: The type or namespace name 'Test' could not be found (are you missing a using directive or an assembly reference?)
Assets\Trae\Scripts\Tests\EditMode\DataManagerTests.cs(113,10): error CS0246: The type or namespace name 'TestAttribute' could not be found (are you missing a using directive or an assembly reference?)
Assets\Trae\Scripts\Tests\EditMode\DataManagerTests.cs(113,10): error CS0246: The type or namespace name 'Test' could not be found (are you missing a using directive or an assembly reference?)
Assets\Trae\Scripts\Tests\EditMode\HaiDoonGameManagerTests.cs(123,10): error CS0246: The type or namespace name 'TestAttribute' could not be found (are you missing a using directive or an assembly reference?)
Assets\Trae\Scripts\Tests\EditMode\HaiDoonGameManagerTests.cs(123,10): error CS0246: The type or namespace name 'Test' could not be found (are you missing a using directive or an assembly reference?)
Assets\Trae\Scripts\Tests\EditMode\DataManagerTests.cs(133,10): error CS0246: The type or namespace name 'TestAttribute' could not be found (are you missing a using directive or an assembly reference?)
Assets\Trae\Scripts\Tests\EditMode\DataManagerTests.cs(133,10): error CS0246: The type or namespace name 'Test' could not be found (are you missing a using directive or an assembly reference?)
Assets\Trae\Scripts\Tests\EditMode\DataManagerTests.cs(149,10): error CS0246: The type or namespace name 'TestAttribute' could not be found (are you missing a using directive or an assembly reference?)
Assets\Trae\Scripts\Tests\EditMode\DataManagerTests.cs(149,10): error CS0246: The type or namespace name 'Test' could not be found (are you missing a using directive or an assembly reference?)
Assets\Trae\Scripts\Tests\PlayMode\GameplayIntegrationTests.cs(24,10): error CS0246: The type or namespace name 'SetUpAttribute' could not be found (are you missing a using directive or an assembly reference?)
Assets\Trae\Scripts\Tests\PlayMode\GameplayIntegrationTests.cs(24,10): error CS0246: The type or namespace name 'SetUp' could not be found (are you missing a using directive or an assembly reference?)
Assets\Trae\Scripts\Tests\EditMode\HaiDoonGameManagerTests.cs(142,10): error CS0246: The type or namespace name 'TestAttribute' could not be found (are you missing a using directive or an assembly reference?)
Assets\Trae\Scripts\Tests\EditMode\HaiDoonGameManagerTests.cs(142,10): error CS0246: The type or namespace name 'Test' could not be found (are you missing a using directive or an assembly reference?)
Assets\Trae\Scripts\Tests\EditMode\DataManagerTests.cs(159,10): error CS0246: The type or namespace name 'TestAttribute' could not be found (are you missing a using directive or an assembly reference?)
Assets\Trae\Scripts\Tests\EditMode\DataManagerTests.cs(159,10): error CS0246: The type or namespace name 'Test' could not be found (are you missing a using directive or an assembly reference?)
Assets\Trae\Scripts\Tests\PlayMode\UIIntegrationTests.cs(20,17): error CS0246: The type or namespace name 'MainMenuController' could not be found (are you missing a using directive or an assembly reference?)
Assets\Trae\Scripts\Tests\EditMode\HaiDoonGameManagerTests.cs(149,10): error CS0246: The type or namespace name 'TestAttribute' could not be found (are you missing a using directive or an assembly reference?)
Assets\Trae\Scripts\Tests\EditMode\HaiDoonGameManagerTests.cs(149,10): error CS0246: The type or namespace name 'Test' could not be found (are you missing a using directive or an assembly reference?)
Assets\Trae\Scripts\Tests\PlayMode\GameplayIntegrationTests.cs(43,10): error CS0246: The type or namespace name 'TearDownAttribute' could not be found (are you missing a using directive or an assembly reference?)
Assets\Trae\Scripts\Tests\PlayMode\GameplayIntegrationTests.cs(43,10): error CS0246: The type or namespace name 'TearDown' could not be found (are you missing a using directive or an assembly reference?)
Assets\Trae\Scripts\Tests\EditMode\DataManagerTests.cs(174,10): error CS0246: The type or namespace name 'TestAttribute' could not be found (are you missing a using directive or an assembly reference?)
Assets\Trae\Scripts\Tests\EditMode\DataManagerTests.cs(174,10): error CS0246: The type or namespace name 'Test' could not be found (are you missing a using directive or an assembly reference?)
Assets\Trae\Scripts\Tests\PlayMode\UIIntegrationTests.cs(21,17): error CS0246: The type or namespace name 'GameplayController' could not be found (are you missing a using directive or an assembly reference?)
Assets\Trae\Scripts\Tests\EditMode\HaiDoonGameManagerTests.cs(163,10): error CS0246: The type or namespace name 'TestAttribute' could not be found (are you missing a using directive or an assembly reference?)
Assets\Trae\Scripts\Tests\EditMode\HaiDoonGameManagerTests.cs(163,10): error CS0246: The type or namespace name 'Test' could not be found (are you missing a using directive or an assembly reference?)
Assets\Trae\Scripts\Tests\EditMode\DataManagerTests.cs(193,10): error CS0246: The type or namespace name 'TestAttribute' could not be found (are you missing a using directive or an assembly reference?)
Assets\Trae\Scripts\Tests\EditMode\DataManagerTests.cs(193,10): error CS0246: The type or namespace name 'Test' could not be found (are you missing a using directive or an assembly reference?)
Assets\Trae\Scripts\Tests\PlayMode\UIIntegrationTests.cs(22,17): error CS0246: The type or namespace name 'HaiDoonGameManager' could not be found (are you missing a using directive or an assembly reference?)
Assets\Trae\Scripts\Tests\PlayMode\GameplayIntegrationTests.cs(57,10): error CS0246: The type or namespace name 'UnityTestAttribute' could not be found (are you missing a using directive or an assembly reference?)
Assets\Trae\Scripts\Tests\PlayMode\GameplayIntegrationTests.cs(57,10): error CS0246: The type or namespace name 'UnityTest' could not be found (are you missing a using directive or an assembly reference?)
Assets\Trae\Scripts\Tests\EditMode\DataManagerTests.cs(206,10): error CS0246: The type or namespace name 'TestAttribute' could not be found (are you missing a using directive or an assembly reference?)
Assets\Trae\Scripts\Tests\EditMode\DataManagerTests.cs(206,10): error CS0246: The type or namespace name 'Test' could not be found (are you missing a using directive or an assembly reference?)
Assets\Trae\Scripts\Tests\PlayMode\UIIntegrationTests.cs(23,17): error CS0246: The type or namespace name 'AudioManager' could not be found (are you missing a using directive or an assembly reference?)
Assets\Trae\Scripts\Tests\EditMode\HaiDoonGameManagerTests.cs(177,10): error CS0246: The type or namespace name 'TestAttribute' could not be found (are you missing a using directive or an assembly reference?)
Assets\Trae\Scripts\Tests\EditMode\HaiDoonGameManagerTests.cs(177,10): error CS0246: The type or namespace name 'Test' could not be found (are you missing a using directive or an assembly reference?)
Assets\Trae\Scripts\Tests\EditMode\DataManagerTests.cs(219,10): error CS0246: The type or namespace name 'TestAttribute' could not be found (are you missing a using directive or an assembly reference?)
Assets\Trae\Scripts\Tests\EditMode\DataManagerTests.cs(219,10): error CS0246: The type or namespace name 'Test' could not be found (are you missing a using directive or an assembly reference?)
Assets\Trae\Scripts\Tests\PlayMode\UIIntegrationTests.cs(24,17): error CS0246: The type or namespace name 'TouchProcessor' could not be found (are you missing a using directive or an assembly reference?)
Assets\Trae\Scripts\Tests\PlayMode\GameplayIntegrationTests.cs(94,10): error CS0246: The type or namespace name 'UnityTestAttribute' could not be found (are you missing a using directive or an assembly reference?)
Assets\Trae\Scripts\Tests\PlayMode\GameplayIntegrationTests.cs(94,10): error CS0246: The type or namespace name 'UnityTest' could not be found (are you missing a using directive or an assembly reference?)
Assets\Trae\Scripts\Tests\EditMode\HaiDoonGameManagerTests.cs(209,10): error CS0246: The type or namespace name 'TestAttribute' could not be found (are you missing a using directive or an assembly reference?)
Assets\Trae\Scripts\Tests\EditMode\HaiDoonGameManagerTests.cs(209,10): error CS0246: The type or namespace name 'Test' could not be found (are you missing a using directive or an assembly reference?)
Assets\Trae\Scripts\Tests\EditMode\DataManagerTests.cs(236,10): error CS0246: The type or namespace name 'TestAttribute' could not be found (are you missing a using directive or an assembly reference?)
Assets\Trae\Scripts\Tests\EditMode\DataManagerTests.cs(236,10): error CS0246: The type or namespace name 'Test' could not be found (are you missing a using directive or an assembly reference?)
Assets\Trae\Scripts\Tests\PlayMode\UIIntegrationTests.cs(26,10): error CS0246: The type or namespace name 'SetUpAttribute' could not be found (are you missing a using directive or an assembly reference?)
Assets\Trae\Scripts\Tests\PlayMode\UIIntegrationTests.cs(26,10): error CS0246: The type or namespace name 'SetUp' could not be found (are you missing a using directive or an assembly reference?)
Assets\Trae\Scripts\Tests\PlayMode\GameplayIntegrationTests.cs(116,10): error CS0246: The type or namespace name 'UnityTestAttribute' could not be found (are you missing a using directive or an assembly reference?)
Assets\Trae\Scripts\Tests\PlayMode\GameplayIntegrationTests.cs(116,10): error CS0246: The type or namespace name 'UnityTest' could not be found (are you missing a using directive or an assembly reference?)
Assets\Trae\Scripts\Tests\EditMode\DataManagerTests.cs(253,10): error CS0246: The type or namespace name 'TestAttribute' could not be found (are you missing a using directive or an assembly reference?)
Assets\Trae\Scripts\Tests\EditMode\DataManagerTests.cs(253,10): error CS0246: The type or namespace name 'Test' could not be found (are you missing a using directive or an assembly reference?)
Assets\Trae\Scripts\Tests\EditMode\HaiDoonGameManagerTests.cs(232,10): error CS0246: The type or namespace name 'TestAttribute' could not be found (are you missing a using directive or an assembly reference?)
Assets\Trae\Scripts\Tests\EditMode\HaiDoonGameManagerTests.cs(232,10): error CS0246: The type or namespace name 'Test' could not be found (are you missing a using directive or an assembly reference?)
Assets\Trae\Scripts\Tests\PlayMode\UIIntegrationTests.cs(51,10): error CS0246: The type or namespace name 'TearDownAttribute' could not be found (are you missing a using directive or an assembly reference?)
Assets\Trae\Scripts\Tests\PlayMode\UIIntegrationTests.cs(51,10): error CS0246: The type or namespace name 'TearDown' could not be found (are you missing a using directive or an assembly reference?)
Assets\Trae\Scripts\Tests\PlayMode\GameplayIntegrationTests.cs(148,10): error CS0246: The type or namespace name 'UnityTestAttribute' could not be found (are you missing a using directive or an assembly reference?)
Assets\Trae\Scripts\Tests\PlayMode\GameplayIntegrationTests.cs(148,10): error CS0246: The type or namespace name 'UnityTest' could not be found (are you missing a using directive or an assembly reference?)
Assets\Trae\Scripts\Tests\EditMode\DataManagerTests.cs(272,10): error CS0246: The type or namespace name 'TestAttribute' could not be found (are you missing a using directive or an assembly reference?)
Assets\Trae\Scripts\Tests\EditMode\DataManagerTests.cs(272,10): error CS0246: The type or namespace name 'Test' could not be found (are you missing a using directive or an assembly reference?)
Assets\Trae\Scripts\Tests\PlayMode\UIIntegrationTests.cs(65,10): error CS0246: The type or namespace name 'UnityTestAttribute' could not be found (are you missing a using directive or an assembly reference?)
Assets\Trae\Scripts\Tests\PlayMode\UIIntegrationTests.cs(65,10): error CS0246: The type or namespace name 'UnityTest' could not be found (are you missing a using directive or an assembly reference?)
Assets\Trae\Scripts\Tests\EditMode\HaiDoonGameManagerTests.cs(251,10): error CS0246: The type or namespace name 'TestAttribute' could not be found (are you missing a using directive or an assembly reference?)
Assets\Trae\Scripts\Tests\EditMode\HaiDoonGameManagerTests.cs(251,10): error CS0246: The type or namespace name 'Test' could not be found (are you missing a using directive or an assembly reference?)
Assets\Trae\Scripts\Tests\PlayMode\GameplayIntegrationTests.cs(192,10): error CS0246: The type or namespace name 'UnityTestAttribute' could not be found (are you missing a using directive or an assembly reference?)
Assets\Trae\Scripts\Tests\PlayMode\GameplayIntegrationTests.cs(192,10): error CS0246: The type or namespace name 'UnityTest' could not be found (are you missing a using directive or an assembly reference?)
Assets\Trae\Scripts\Tests\EditMode\DataManagerTests.cs(292,10): error CS0246: The type or namespace name 'TestAttribute' could not be found (are you missing a using directive or an assembly reference?)
Assets\Trae\Scripts\Tests\EditMode\DataManagerTests.cs(292,10): error CS0246: The type or namespace name 'Test' could not be found (are you missing a using directive or an assembly reference?)
Assets\Trae\Scripts\Tests\PlayMode\UIIntegrationTests.cs(87,10): error CS0246: The type or namespace name 'UnityTestAttribute' could not be found (are you missing a using directive or an assembly reference?)
Assets\Trae\Scripts\Tests\PlayMode\UIIntegrationTests.cs(87,10): error CS0246: The type or namespace name 'UnityTest' could not be found (are you missing a using directive or an assembly reference?)
Assets\Trae\Scripts\Tests\PlayMode\GameplayIntegrationTests.cs(217,10): error CS0246: The type or namespace name 'UnityTestAttribute' could not be found (are you missing a using directive or an assembly reference?)
Assets\Trae\Scripts\Tests\PlayMode\GameplayIntegrationTests.cs(217,10): error CS0246: The type or namespace name 'UnityTest' could not be found (are you missing a using directive or an assembly reference?)
Assets\Trae\Scripts\Tests\EditMode\HaiDoonGameManagerTests.cs(268,10): error CS0246: The type or namespace name 'TestAttribute' could not be found (are you missing a using directive or an assembly reference?)
Assets\Trae\Scripts\Tests\EditMode\HaiDoonGameManagerTests.cs(268,10): error CS0246: The type or namespace name 'Test' could not be found (are you missing a using directive or an assembly reference?)
Assets\Trae\Scripts\Tests\EditMode\DataManagerTests.cs(302,10): error CS0246: The type or namespace name 'TestAttribute' could not be found (are you missing a using directive or an assembly reference?)
Assets\Trae\Scripts\Tests\EditMode\DataManagerTests.cs(302,10): error CS0246: The type or namespace name 'Test' could not be found (are you missing a using directive or an assembly reference?)
Assets\Trae\Scripts\Tests\PlayMode\UIIntegrationTests.cs(111,10): error CS0246: The type or namespace name 'UnityTestAttribute' could not be found (are you missing a using directive or an assembly reference?)
Assets\Trae\Scripts\Tests\PlayMode\UIIntegrationTests.cs(111,10): error CS0246: The type or namespace name 'UnityTest' could not be found (are you missing a using directive or an assembly reference?)
Assets\Trae\Scripts\Tests\EditMode\DataManagerTests.cs(315,10): error CS0246: The type or namespace name 'TestAttribute' could not be found (are you missing a using directive or an assembly reference?)
Assets\Trae\Scripts\Tests\EditMode\DataManagerTests.cs(315,10): error CS0246: The type or namespace name 'Test' could not be found (are you missing a using directive or an assembly reference?)
Assets\Trae\Scripts\Tests\EditMode\HaiDoonGameManagerTests.cs(285,10): error CS0246: The type or namespace name 'TestAttribute' could not be found (are you missing a using directive or an assembly reference?)
Assets\Trae\Scripts\Tests\EditMode\HaiDoonGameManagerTests.cs(285,10): error CS0246: The type or namespace name 'Test' could not be found (are you missing a using directive or an assembly reference?)
Assets\Trae\Scripts\Tests\PlayMode\GameplayIntegrationTests.cs(238,10): error CS0246: The type or namespace name 'UnityTestAttribute' could not be found (are you missing a using directive or an assembly reference?)
Assets\Trae\Scripts\Tests\PlayMode\GameplayIntegrationTests.cs(238,10): error CS0246: The type or namespace name 'UnityTest' could not be found (are you missing a using directive or an assembly reference?)
Assets\Trae\Scripts\Tests\EditMode\DataManagerTests.cs(334,10): error CS0246: The type or namespace name 'TestAttribute' could not be found (are you missing a using directive or an assembly reference?)
Assets\Trae\Scripts\Tests\EditMode\DataManagerTests.cs(334,10): error CS0246: The type or namespace name 'Test' could not be found (are you missing a using directive or an assembly reference?)
Assets\Trae\Scripts\Tests\PlayMode\GameplayIntegrationTests.cs(263,10): error CS0246: The type or namespace name 'UnityTestAttribute' could not be found (are you missing a using directive or an assembly reference?)
Assets\Trae\Scripts\Tests\PlayMode\GameplayIntegrationTests.cs(263,10): error CS0246: The type or namespace name 'UnityTest' could not be found (are you missing a using directive or an assembly reference?)
Assets\Trae\Scripts\Tests\EditMode\HaiDoonGameManagerTests.cs(303,10): error CS0246: The type or namespace name 'TestAttribute' could not be found (are you missing a using directive or an assembly reference?)
Assets\Trae\Scripts\Tests\EditMode\HaiDoonGameManagerTests.cs(303,10): error CS0246: The type or namespace name 'Test' could not be found (are you missing a using directive or an assembly reference?)
Assets\Trae\Scripts\Tests\PlayMode\UIIntegrationTests.cs(135,10): error CS0246: The type or namespace name 'UnityTestAttribute' could not be found (are you missing a using directive or an assembly reference?)
Assets\Trae\Scripts\Tests\PlayMode\UIIntegrationTests.cs(135,10): error CS0246: The type or namespace name 'UnityTest' could not be found (are you missing a using directive or an assembly reference?)
Assets\Trae\Scripts\Tests\EditMode\DataManagerTests.cs(351,10): error CS0246: The type or namespace name 'TestAttribute' could not be found (are you missing a using directive or an assembly reference?)
Assets\Trae\Scripts\Tests\EditMode\DataManagerTests.cs(351,10): error CS0246: The type or namespace name 'Test' could not be found (are you missing a using directive or an assembly reference?)
Assets\Trae\Scripts\Tests\PlayMode\GameplayIntegrationTests.cs(294,10): error CS0246: The type or namespace name 'UnityTestAttribute' could not be found (are you missing a using directive or an assembly reference?)
Assets\Trae\Scripts\Tests\PlayMode\GameplayIntegrationTests.cs(294,10): error CS0246: The type or namespace name 'UnityTest' could not be found (are you missing a using directive or an assembly reference?)
Assets\Trae\Scripts\Tests\EditMode\HaiDoonGameManagerTests.cs(327,10): error CS0246: The type or namespace name 'TestAttribute' could not be found (are you missing a using directive or an assembly reference?)
Assets\Trae\Scripts\Tests\EditMode\HaiDoonGameManagerTests.cs(327,10): error CS0246: The type or namespace name 'Test' could not be found (are you missing a using directive or an assembly reference?)
Assets\Trae\Scripts\Tests\EditMode\DataManagerTests.cs(370,10): error CS0246: The type or namespace name 'TestAttribute' could not be found (are you missing a using directive or an assembly reference?)
Assets\Trae\Scripts\Tests\EditMode\DataManagerTests.cs(370,10): error CS0246: The type or namespace name 'Test' could not be found (are you missing a using directive or an assembly reference?)
Assets\Trae\Scripts\Tests\PlayMode\GameplayIntegrationTests.cs(316,10): error CS0246: The type or namespace name 'UnityTestAttribute' could not be found (are you missing a using directive or an assembly reference?)
Assets\Trae\Scripts\Tests\PlayMode\GameplayIntegrationTests.cs(316,10): error CS0246: The type or namespace name 'UnityTest' could not be found (are you missing a using directive or an assembly reference?)
Assets\Trae\Scripts\Tests\PlayMode\UIIntegrationTests.cs(168,10): error CS0246: The type or namespace name 'UnityTestAttribute' could not be found (are you missing a using directive or an assembly reference?)
Assets\Trae\Scripts\Tests\PlayMode\UIIntegrationTests.cs(168,10): error CS0246: The type or namespace name 'UnityTest' could not be found (are you missing a using directive or an assembly reference?)
Assets\Trae\Scripts\Tests\EditMode\HaiDoonGameManagerTests.cs(354,10): error CS0246: The type or namespace name 'TestAttribute' could not be found (are you missing a using directive or an assembly reference?)
Assets\Trae\Scripts\Tests\EditMode\HaiDoonGameManagerTests.cs(354,10): error CS0246: The type or namespace name 'Test' could not be found (are you missing a using directive or an assembly reference?)
Assets\Trae\Scripts\Tests\EditMode\DataManagerTests.cs(387,10): error CS0246: The type or namespace name 'TestAttribute' could not be found (are you missing a using directive or an assembly reference?)
Assets\Trae\Scripts\Tests\EditMode\DataManagerTests.cs(387,10): error CS0246: The type or namespace name 'Test' could not be found (are you missing a using directive or an assembly reference?)
Assets\Trae\Scripts\Tests\PlayMode\UIIntegrationTests.cs(192,10): error CS0246: The type or namespace name 'UnityTestAttribute' could not be found (are you missing a using directive or an assembly reference?)
Assets\Trae\Scripts\Tests\PlayMode\UIIntegrationTests.cs(192,10): error CS0246: The type or namespace name 'UnityTest' could not be found (are you missing a using directive or an assembly reference?)
Assets\Trae\Scripts\Tests\PlayMode\GameplayIntegrationTests.cs(348,10): error CS0246: The type or namespace name 'UnityTestAttribute' could not be found (are you missing a using directive or an assembly reference?)
Assets\Trae\Scripts\Tests\PlayMode\GameplayIntegrationTests.cs(348,10): error CS0246: The type or namespace name 'UnityTest' could not be found (are you missing a using directive or an assembly reference?)
Assets\Trae\Scripts\Tests\EditMode\HaiDoonGameManagerTests.cs(371,10): error CS0246: The type or namespace name 'TestAttribute' could not be found (are you missing a using directive or an assembly reference?)
Assets\Trae\Scripts\Tests\EditMode\HaiDoonGameManagerTests.cs(371,10): error CS0246: The type or namespace name 'Test' could not be found (are you missing a using directive or an assembly reference?)
Assets\Trae\Scripts\Tests\EditMode\DataManagerTests.cs(411,10): error CS0246: The type or namespace name 'TestAttribute' could not be found (are you missing a using directive or an assembly reference?)
Assets\Trae\Scripts\Tests\EditMode\DataManagerTests.cs(411,10): error CS0246: The type or namespace name 'Test' could not be found (are you missing a using directive or an assembly reference?)
Assets\Trae\Scripts\Tests\PlayMode\UIIntegrationTests.cs(218,10): error CS0246: The type or namespace name 'UnityTestAttribute' could not be found (are you missing a using directive or an assembly reference?)
Assets\Trae\Scripts\Tests\PlayMode\UIIntegrationTests.cs(218,10): error CS0246: The type or namespace name 'UnityTest' could not be found (are you missing a using directive or an assembly reference?)
Assets\Trae\Scripts\Tests\EditMode\HaiDoonGameManagerTests.cs(384,10): error CS0246: The type or namespace name 'TestAttribute' could not be found (are you missing a using directive or an assembly reference?)
Assets\Trae\Scripts\Tests\EditMode\HaiDoonGameManagerTests.cs(384,10): error CS0246: The type or namespace name 'Test' could not be found (are you missing a using directive or an assembly reference?)
Assets\Trae\Scripts\Tests\PlayMode\UIIntegrationTests.cs(241,10): error CS0246: The type or namespace name 'UnityTestAttribute' could not be found (are you missing a using directive or an assembly reference?)
Assets\Trae\Scripts\Tests\PlayMode\UIIntegrationTests.cs(241,10): error CS0246: The type or namespace name 'UnityTest' could not be found (are you missing a using directive or an assembly reference?)
Assets\Trae\Scripts\Tests\PlayMode\UIIntegrationTests.cs(276,10): error CS0246: The type or namespace name 'UnityTestAttribute' could not be found (are you missing a using directive or an assembly reference?)
Assets\Trae\Scripts\Tests\PlayMode\UIIntegrationTests.cs(276,10): error CS0246: The type or namespace name 'UnityTest' could not be found (are you missing a using directive or an assembly reference?)
Assets\Trae\Scripts\Tests\PlayMode\UIIntegrationTests.cs(296,10): error CS0246: The type or namespace name 'UnityTestAttribute' could not be found (are you missing a using directive or an assembly reference?)
Assets\Trae\Scripts\Tests\PlayMode\UIIntegrationTests.cs(296,10): error CS0246: The type or namespace name 'UnityTest' could not be found (are you missing a using directive or an assembly reference?)
Assets\Trae\Scripts\Tests\PlayMode\UIIntegrationTests.cs(322,10): error CS0246: The type or namespace name 'UnityTestAttribute' could not be found (are you missing a using directive or an assembly reference?)
Assets\Trae\Scripts\Tests\PlayMode\UIIntegrationTests.cs(322,10): error CS0246: The type or namespace name 'UnityTest' could not be found (are you missing a using directive or an assembly reference?)

Total cache size 4301432
Assets\Trae\Scripts\UI\GameplayController.cs(7,12): error CS0234: The type or namespace name 'Input' does not exist in the namespace 'Trae' (are you missing an assembly reference?)
Assets\Trae\Scripts\UI\GameplayController.cs(22,34): error CS0246: The type or namespace name 'TouchProcessor' could not be found (are you missing a using directive or an assembly reference?)
Assets\Trae\Scripts\Tests\EditMode\DataManagerTests.cs(2,7): error CS0246: The type or namespace name 'NUnit' could not be found (are you missing a using directive or an assembly reference?)
Assets\Trae\Scripts\Tests\EditMode\DataManagerTests.cs(5,12): error CS0234: The type or namespace name 'Data' does not exist in the namespace 'Trae' (are you missing an assembly reference?)
Assets\Trae\Scripts\Tests\EditMode\HaiDoonGameManagerTests.cs(3,7): error CS0246: The type or namespace name 'NUnit' could not be found (are you missing a using directive or an assembly reference?)
Assets\Trae\Scripts\Tests\EditMode\HaiDoonGameManagerTests.cs(6,12): error CS0234: The type or namespace name 'Core' does not exist in the namespace 'Trae' (are you missing an assembly reference?)
Assets\Trae\Scripts\Tests\EditMode\HaiDoonGameManagerTests.cs(7,12): error CS0234: The type or namespace name 'Audio' does not exist in the namespace 'Trae' (are you missing an assembly reference?)
Assets\Trae\Scripts\Tests\EditMode\HaiDoonGameManagerTests.cs(8,12): error CS0234: The type or namespace name 'Input' does not exist in the namespace 'Trae' (are you missing an assembly reference?)
Assets\Trae\Scripts\Tests\PlayMode\GameplayIntegrationTests.cs(2,7): error CS0246: The type or namespace name 'NUnit' could not be found (are you missing a using directive or an assembly reference?)
Assets\Trae\Scripts\Tests\PlayMode\GameplayIntegrationTests.cs(6,12): error CS0234: The type or namespace name 'Core' does not exist in the namespace 'Trae' (are you missing an assembly reference?)
Assets\Trae\Scripts\Tests\PlayMode\GameplayIntegrationTests.cs(7,12): error CS0234: The type or namespace name 'Audio' does not exist in the namespace 'Trae' (are you missing an assembly reference?)
Assets\Trae\Scripts\Tests\PlayMode\GameplayIntegrationTests.cs(8,12): error CS0234: The type or namespace name 'Input' does not exist in the namespace 'Trae' (are you missing an assembly reference?)
Assets\Trae\Scripts\Tests\PlayMode\GameplayIntegrationTests.cs(9,12): error CS0234: The type or namespace name 'Data' does not exist in the namespace 'Trae' (are you missing an assembly reference?)
Assets\Trae\Scripts\Tests\PlayMode\UIIntegrationTests.cs(2,7): error CS0246: The type or namespace name 'NUnit' could not be found (are you missing a using directive or an assembly reference?)
Assets\Trae\Scripts\Tests\PlayMode\UIIntegrationTests.cs(6,12): error CS0234: The type or namespace name 'UI' does not exist in the namespace 'Trae' (are you missing an assembly reference?)
Assets\Trae\Scripts\Tests\PlayMode\UIIntegrationTests.cs(7,12): error CS0234: The type or namespace name 'Core' does not exist in the namespace 'Trae' (are you missing an assembly reference?)
Assets\Trae\Scripts\Tests\PlayMode\UIIntegrationTests.cs(8,12): error CS0234: The type or namespace name 'Audio' does not exist in the namespace 'Trae' (are you missing an assembly reference?)
Assets\Trae\Scripts\Tests\PlayMode\UIIntegrationTests.cs(9,12): error CS0234: The type or namespace name 'Input' does not exist in the namespace 'Trae' (are you missing an assembly reference?)
Assets\Trae\Scripts\Tests\EditMode\DataManagerTests.cs(14,17): error CS0246: The type or namespace name 'DataManager' could not be found (are you missing a using directive or an assembly reference?)
Assets\Trae\Scripts\Tests\EditMode\HaiDoonGameManagerTests.cs(17,17): error CS0246: The type or namespace name 'HaiDoonGameManager' could not be found (are you missing a using directive or an assembly reference?)
Assets\Trae\Scripts\Tests\EditMode\HaiDoonGameManagerTests.cs(428,39): error CS0246: The type or namespace name 'ITouchProcessor' could not be found (are you missing a using directive or an assembly reference?)
Assets\Trae\Scripts\Tests\EditMode\HaiDoonGameManagerTests.cs(406,37): error CS0246: The type or namespace name 'IAudioManager' could not be found (are you missing a using directive or an assembly reference?)
Assets\Trae\Scripts\Tests\EditMode\DataManagerTests.cs(17,10): error CS0246: The type or namespace name 'SetUpAttribute' could not be found (are you missing a using directive or an assembly reference?)
Assets\Trae\Scripts\Tests\EditMode\DataManagerTests.cs(17,10): error CS0246: The type or namespace name 'SetUp' could not be found (are you missing a using directive or an assembly reference?)
Assets\Trae\Scripts\Tests\EditMode\HaiDoonGameManagerTests.cs(22,10): error CS0246: The type or namespace name 'SetUpAttribute' could not be found (are you missing a using directive or an assembly reference?)
Assets\Trae\Scripts\Tests\EditMode\HaiDoonGameManagerTests.cs(22,10): error CS0246: The type or namespace name 'SetUp' could not be found (are you missing a using directive or an assembly reference?)
Assets\Trae\Scripts\Tests\EditMode\DataManagerTests.cs(28,10): error CS0246: The type or namespace name 'TearDownAttribute' could not be found (are you missing a using directive or an assembly reference?)
Assets\Trae\Scripts\Tests\EditMode\DataManagerTests.cs(28,10): error CS0246: The type or namespace name 'TearDown' could not be found (are you missing a using directive or an assembly reference?)
Assets\Trae\Scripts\Tests\EditMode\HaiDoonGameManagerTests.cs(40,10): error CS0246: The type or namespace name 'TearDownAttribute' could not be found (are you missing a using directive or an assembly reference?)
Assets\Trae\Scripts\Tests\EditMode\HaiDoonGameManagerTests.cs(40,10): error CS0246: The type or namespace name 'TearDown' could not be found (are you missing a using directive or an assembly reference?)
Assets\Trae\Scripts\Tests\EditMode\DataManagerTests.cs(43,10): error CS0246: The type or namespace name 'TestAttribute' could not be found (are you missing a using directive or an assembly reference?)
Assets\Trae\Scripts\Tests\EditMode\DataManagerTests.cs(43,10): error CS0246: The type or namespace name 'Test' could not be found (are you missing a using directive or an assembly reference?)
Assets\Trae\Scripts\Tests\PlayMode\GameplayIntegrationTests.cs(19,17): error CS0246: The type or namespace name 'HaiDoonGameManager' could not be found (are you missing a using directive or an assembly reference?)
Assets\Trae\Scripts\Tests\EditMode\HaiDoonGameManagerTests.cs(54,10): error CS0246: The type or namespace name 'TestAttribute' could not be found (are you missing a using directive or an assembly reference?)
Assets\Trae\Scripts\Tests\EditMode\HaiDoonGameManagerTests.cs(54,10): error CS0246: The type or namespace name 'Test' could not be found (are you missing a using directive or an assembly reference?)
Assets\Trae\Scripts\Tests\EditMode\DataManagerTests.cs(60,10): error CS0246: The type or namespace name 'TestAttribute' could not be found (are you missing a using directive or an assembly reference?)
Assets\Trae\Scripts\Tests\EditMode\DataManagerTests.cs(60,10): error CS0246: The type or namespace name 'Test' could not be found (are you missing a using directive or an assembly reference?)
Assets\Trae\Scripts\Tests\PlayMode\GameplayIntegrationTests.cs(20,17): error CS0246: The type or namespace name 'AudioManager' could not be found (are you missing a using directive or an assembly reference?)
Assets\Trae\Scripts\Tests\EditMode\HaiDoonGameManagerTests.cs(61,10): error CS0246: The type or namespace name 'TestAttribute' could not be found (are you missing a using directive or an assembly reference?)
Assets\Trae\Scripts\Tests\EditMode\HaiDoonGameManagerTests.cs(61,10): error CS0246: The type or namespace name 'Test' could not be found (are you missing a using directive or an assembly reference?)
Assets\Trae\Scripts\Tests\EditMode\DataManagerTests.cs(72,10): error CS0246: The type or namespace name 'TestAttribute' could not be found (are you missing a using directive or an assembly reference?)
Assets\Trae\Scripts\Tests\EditMode\DataManagerTests.cs(72,10): error CS0246: The type or namespace name 'Test' could not be found (are you missing a using directive or an assembly reference?)
Assets\Trae\Scripts\Tests\EditMode\HaiDoonGameManagerTests.cs(83,10): error CS0246: The type or namespace name 'TestAttribute' could not be found (are you missing a using directive or an assembly reference?)
Assets\Trae\Scripts\Tests\EditMode\HaiDoonGameManagerTests.cs(83,10): error CS0246: The type or namespace name 'Test' could not be found (are you missing a using directive or an assembly reference?)
Assets\Trae\Scripts\Tests\PlayMode\GameplayIntegrationTests.cs(21,17): error CS0246: The type or namespace name 'TouchProcessor' could not be found (are you missing a using directive or an assembly reference?)
Assets\Trae\Scripts\Tests\EditMode\DataManagerTests.cs(85,10): error CS0246: The type or namespace name 'TestAttribute' could not be found (are you missing a using directive or an assembly reference?)
Assets\Trae\Scripts\Tests\EditMode\DataManagerTests.cs(85,10): error CS0246: The type or namespace name 'Test' could not be found (are you missing a using directive or an assembly reference?)
Assets\Trae\Scripts\Tests\EditMode\HaiDoonGameManagerTests.cs(96,10): error CS0246: The type or namespace name 'TestAttribute' could not be found (are you missing a using directive or an assembly reference?)
Assets\Trae\Scripts\Tests\EditMode\HaiDoonGameManagerTests.cs(96,10): error CS0246: The type or namespace name 'Test' could not be found (are you missing a using directive or an assembly reference?)
Assets\Trae\Scripts\Tests\PlayMode\GameplayIntegrationTests.cs(22,17): error CS0246: The type or namespace name 'DataManager' could not be found (are you missing a using directive or an assembly reference?)
Assets\Trae\Scripts\Tests\EditMode\DataManagerTests.cs(99,10): error CS0246: The type or namespace name 'TestAttribute' could not be found (are you missing a using directive or an assembly reference?)
Assets\Trae\Scripts\Tests\EditMode\DataManagerTests.cs(99,10): error CS0246: The type or namespace name 'Test' could not be found (are you missing a using directive or an assembly reference?)
Assets\Trae\Scripts\Tests\EditMode\HaiDoonGameManagerTests.cs(110,10): error CS0246: The type or namespace name 'TestAttribute' could not be found (are you missing a using directive or an assembly reference?)
Assets\Trae\Scripts\Tests\EditMode\HaiDoonGameManagerTests.cs(110,10): error CS0246: The type or namespace name 'Test' could not be found (are you missing a using directive or an assembly reference?)
Assets\Trae\Scripts\Tests\EditMode\DataManagerTests.cs(113,10): error CS0246: The type or namespace name 'TestAttribute' could not be found (are you missing a using directive or an assembly reference?)
Assets\Trae\Scripts\Tests\EditMode\DataManagerTests.cs(113,10): error CS0246: The type or namespace name 'Test' could not be found (are you missing a using directive or an assembly reference?)
Assets\Trae\Scripts\Tests\EditMode\HaiDoonGameManagerTests.cs(123,10): error CS0246: The type or namespace name 'TestAttribute' could not be found (are you missing a using directive or an assembly reference?)
Assets\Trae\Scripts\Tests\EditMode\HaiDoonGameManagerTests.cs(123,10): error CS0246: The type or namespace name 'Test' could not be found (are you missing a using directive or an assembly reference?)
Assets\Trae\Scripts\Tests\EditMode\DataManagerTests.cs(133,10): error CS0246: The type or namespace name 'TestAttribute' could not be found (are you missing a using directive or an assembly reference?)
Assets\Trae\Scripts\Tests\EditMode\DataManagerTests.cs(133,10): error CS0246: The type or namespace name 'Test' could not be found (are you missing a using directive or an assembly reference?)
Assets\Trae\Scripts\Tests\EditMode\DataManagerTests.cs(149,10): error CS0246: The type or namespace name 'TestAttribute' could not be found (are you missing a using directive or an assembly reference?)
Assets\Trae\Scripts\Tests\EditMode\DataManagerTests.cs(149,10): error CS0246: The type or namespace name 'Test' could not be found (are you missing a using directive or an assembly reference?)
Assets\Trae\Scripts\Tests\PlayMode\GameplayIntegrationTests.cs(24,10): error CS0246: The type or namespace name 'SetUpAttribute' could not be found (are you missing a using directive or an assembly reference?)
Assets\Trae\Scripts\Tests\PlayMode\GameplayIntegrationTests.cs(24,10): error CS0246: The type or namespace name 'SetUp' could not be found (are you missing a using directive or an assembly reference?)
Assets\Trae\Scripts\Tests\EditMode\HaiDoonGameManagerTests.cs(142,10): error CS0246: The type or namespace name 'TestAttribute' could not be found (are you missing a using directive or an assembly reference?)
Assets\Trae\Scripts\Tests\EditMode\HaiDoonGameManagerTests.cs(142,10): error CS0246: The type or namespace name 'Test' could not be found (are you missing a using directive or an assembly reference?)
Assets\Trae\Scripts\Tests\EditMode\DataManagerTests.cs(159,10): error CS0246: The type or namespace name 'TestAttribute' could not be found (are you missing a using directive or an assembly reference?)
Assets\Trae\Scripts\Tests\EditMode\DataManagerTests.cs(159,10): error CS0246: The type or namespace name 'Test' could not be found (are you missing a using directive or an assembly reference?)
Assets\Trae\Scripts\Tests\PlayMode\UIIntegrationTests.cs(20,17): error CS0246: The type or namespace name 'MainMenuController' could not be found (are you missing a using directive or an assembly reference?)
Assets\Trae\Scripts\Tests\EditMode\HaiDoonGameManagerTests.cs(149,10): error CS0246: The type or namespace name 'TestAttribute' could not be found (are you missing a using directive or an assembly reference?)
Assets\Trae\Scripts\Tests\EditMode\HaiDoonGameManagerTests.cs(149,10): error CS0246: The type or namespace name 'Test' could not be found (are you missing a using directive or an assembly reference?)
Assets\Trae\Scripts\Tests\PlayMode\GameplayIntegrationTests.cs(43,10): error CS0246: The type or namespace name 'TearDownAttribute' could not be found (are you missing a using directive or an assembly reference?)
Assets\Trae\Scripts\Tests\PlayMode\GameplayIntegrationTests.cs(43,10): error CS0246: The type or namespace name 'TearDown' could not be found (are you missing a using directive or an assembly reference?)
Assets\Trae\Scripts\Tests\EditMode\DataManagerTests.cs(174,10): error CS0246: The type or namespace name 'TestAttribute' could not be found (are you missing a using directive or an assembly reference?)
Assets\Trae\Scripts\Tests\EditMode\DataManagerTests.cs(174,10): error CS0246: The type or namespace name 'Test' could not be found (are you missing a using directive or an assembly reference?)
Assets\Trae\Scripts\Tests\PlayMode\UIIntegrationTests.cs(21,17): error CS0246: The type or namespace name 'GameplayController' could not be found (are you missing a using directive or an assembly reference?)
Assets\Trae\Scripts\Tests\EditMode\HaiDoonGameManagerTests.cs(163,10): error CS0246: The type or namespace name 'TestAttribute' could not be found (are you missing a using directive or an assembly reference?)
Assets\Trae\Scripts\Tests\EditMode\HaiDoonGameManagerTests.cs(163,10): error CS0246: The type or namespace name 'Test' could not be found (are you missing a using directive or an assembly reference?)
Assets\Trae\Scripts\Tests\EditMode\DataManagerTests.cs(193,10): error CS0246: The type or namespace name 'TestAttribute' could not be found (are you missing a using directive or an assembly reference?)
Assets\Trae\Scripts\Tests\EditMode\DataManagerTests.cs(193,10): error CS0246: The type or namespace name 'Test' could not be found (are you missing a using directive or an assembly reference?)
Assets\Trae\Scripts\Tests\PlayMode\UIIntegrationTests.cs(22,17): error CS0246: The type or namespace name 'HaiDoonGameManager' could not be found (are you missing a using directive or an assembly reference?)
Assets\Trae\Scripts\Tests\PlayMode\GameplayIntegrationTests.cs(57,10): error CS0246: The type or namespace name 'UnityTestAttribute' could not be found (are you missing a using directive or an assembly reference?)
Assets\Trae\Scripts\Tests\PlayMode\GameplayIntegrationTests.cs(57,10): error CS0246: The type or namespace name 'UnityTest' could not be found (are you missing a using directive or an assembly reference?)
Assets\Trae\Scripts\Tests\EditMode\DataManagerTests.cs(206,10): error CS0246: The type or namespace name 'TestAttribute' could not be found (are you missing a using directive or an assembly reference?)
Assets\Trae\Scripts\Tests\EditMode\DataManagerTests.cs(206,10): error CS0246: The type or namespace name 'Test' could not be found (are you missing a using directive or an assembly reference?)
Assets\Trae\Scripts\Tests\PlayMode\UIIntegrationTests.cs(23,17): error CS0246: The type or namespace name 'AudioManager' could not be found (are you missing a using directive or an assembly reference?)
Assets\Trae\Scripts\Tests\EditMode\HaiDoonGameManagerTests.cs(177,10): error CS0246: The type or namespace name 'TestAttribute' could not be found (are you missing a using directive or an assembly reference?)
Assets\Trae\Scripts\Tests\EditMode\HaiDoonGameManagerTests.cs(177,10): error CS0246: The type or namespace name 'Test' could not be found (are you missing a using directive or an assembly reference?)
Assets\Trae\Scripts\Tests\EditMode\DataManagerTests.cs(219,10): error CS0246: The type or namespace name 'TestAttribute' could not be found (are you missing a using directive or an assembly reference?)
Assets\Trae\Scripts\Tests\EditMode\DataManagerTests.cs(219,10): error CS0246: The type or namespace name 'Test' could not be found (are you missing a using directive or an assembly reference?)
Assets\Trae\Scripts\Tests\PlayMode\UIIntegrationTests.cs(24,17): error CS0246: The type or namespace name 'TouchProcessor' could not be found (are you missing a using directive or an assembly reference?)
Assets\Trae\Scripts\Tests\PlayMode\GameplayIntegrationTests.cs(94,10): error CS0246: The type or namespace name 'UnityTestAttribute' could not be found (are you missing a using directive or an assembly reference?)
Assets\Trae\Scripts\Tests\PlayMode\GameplayIntegrationTests.cs(94,10): error CS0246: The type or namespace name 'UnityTest' could not be found (are you missing a using directive or an assembly reference?)
Assets\Trae\Scripts\Tests\EditMode\HaiDoonGameManagerTests.cs(209,10): error CS0246: The type or namespace name 'TestAttribute' could not be found (are you missing a using directive or an assembly reference?)
Assets\Trae\Scripts\Tests\EditMode\HaiDoonGameManagerTests.cs(209,10): error CS0246: The type or namespace name 'Test' could not be found (are you missing a using directive or an assembly reference?)
Assets\Trae\Scripts\Tests\EditMode\DataManagerTests.cs(236,10): error CS0246: The type or namespace name 'TestAttribute' could not be found (are you missing a using directive or an assembly reference?)
Assets\Trae\Scripts\Tests\EditMode\DataManagerTests.cs(236,10): error CS0246: The type or namespace name 'Test' could not be found (are you missing a using directive or an assembly reference?)
Assets\Trae\Scripts\Tests\PlayMode\UIIntegrationTests.cs(26,10): error CS0246: The type or namespace name 'SetUpAttribute' could not be found (are you missing a using directive or an assembly reference?)
Assets\Trae\Scripts\Tests\PlayMode\UIIntegrationTests.cs(26,10): error CS0246: The type or namespace name 'SetUp' could not be found (are you missing a using directive or an assembly reference?)
Assets\Trae\Scripts\Tests\PlayMode\GameplayIntegrationTests.cs(116,10): error CS0246: The type or namespace name 'UnityTestAttribute' could not be found (are you missing a using directive or an assembly reference?)
Assets\Trae\Scripts\Tests\PlayMode\GameplayIntegrationTests.cs(116,10): error CS0246: The type or namespace name 'UnityTest' could not be found (are you missing a using directive or an assembly reference?)
Assets\Trae\Scripts\Tests\EditMode\DataManagerTests.cs(253,10): error CS0246: The type or namespace name 'TestAttribute' could not be found (are you missing a using directive or an assembly reference?)
Assets\Trae\Scripts\Tests\EditMode\DataManagerTests.cs(253,10): error CS0246: The type or namespace name 'Test' could not be found (are you missing a using directive or an assembly reference?)
Assets\Trae\Scripts\Tests\EditMode\HaiDoonGameManagerTests.cs(232,10): error CS0246: The type or namespace name 'TestAttribute' could not be found (are you missing a using directive or an assembly reference?)
Assets\Trae\Scripts\Tests\EditMode\HaiDoonGameManagerTests.cs(232,10): error CS0246: The type or namespace name 'Test' could not be found (are you missing a using directive or an assembly reference?)
Assets\Trae\Scripts\Tests\PlayMode\UIIntegrationTests.cs(51,10): error CS0246: The type or namespace name 'TearDownAttribute' could not be found (are you missing a using directive or an assembly reference?)
Assets\Trae\Scripts\Tests\PlayMode\UIIntegrationTests.cs(51,10): error CS0246: The type or namespace name 'TearDown' could not be found (are you missing a using directive or an assembly reference?)
Assets\Trae\Scripts\Tests\PlayMode\GameplayIntegrationTests.cs(148,10): error CS0246: The type or namespace name 'UnityTestAttribute' could not be found (are you missing a using directive or an assembly reference?)
Assets\Trae\Scripts\Tests\PlayMode\GameplayIntegrationTests.cs(148,10): error CS0246: The type or namespace name 'UnityTest' could not be found (are you missing a using directive or an assembly reference?)
Assets\Trae\Scripts\Tests\EditMode\DataManagerTests.cs(272,10): error CS0246: The type or namespace name 'TestAttribute' could not be found (are you missing a using directive or an assembly reference?)
Assets\Trae\Scripts\Tests\EditMode\DataManagerTests.cs(272,10): error CS0246: The type or namespace name 'Test' could not be found (are you missing a using directive or an assembly reference?)
Assets\Trae\Scripts\Tests\PlayMode\UIIntegrationTests.cs(65,10): error CS0246: The type or namespace name 'UnityTestAttribute' could not be found (are you missing a using directive or an assembly reference?)
Assets\Trae\Scripts\Tests\PlayMode\UIIntegrationTests.cs(65,10): error CS0246: The type or namespace name 'UnityTest' could not be found (are you missing a using directive or an assembly reference?)
Assets\Trae\Scripts\Tests\EditMode\HaiDoonGameManagerTests.cs(251,10): error CS0246: The type or namespace name 'TestAttribute' could not be found (are you missing a using directive or an assembly reference?)
Assets\Trae\Scripts\Tests\EditMode\HaiDoonGameManagerTests.cs(251,10): error CS0246: The type or namespace name 'Test' could not be found (are you missing a using directive or an assembly reference?)
Assets\Trae\Scripts\Tests\PlayMode\GameplayIntegrationTests.cs(192,10): error CS0246: The type or namespace name 'UnityTestAttribute' could not be found (are you missing a using directive or an assembly reference?)
Assets\Trae\Scripts\Tests\PlayMode\GameplayIntegrationTests.cs(192,10): error CS0246: The type or namespace name 'UnityTest' could not be found (are you missing a using directive or an assembly reference?)
Assets\Trae\Scripts\Tests\EditMode\DataManagerTests.cs(292,10): error CS0246: The type or namespace name 'TestAttribute' could not be found (are you missing a using directive or an assembly reference?)
Assets\Trae\Scripts\Tests\EditMode\DataManagerTests.cs(292,10): error CS0246: The type or namespace name 'Test' could not be found (are you missing a using directive or an assembly reference?)
Assets\Trae\Scripts\Tests\PlayMode\UIIntegrationTests.cs(87,10): error CS0246: The type or namespace name 'UnityTestAttribute' could not be found (are you missing a using directive or an assembly reference?)
Assets\Trae\Scripts\Tests\PlayMode\UIIntegrationTests.cs(87,10): error CS0246: The type or namespace name 'UnityTest' could not be found (are you missing a using directive or an assembly reference?)
Assets\Trae\Scripts\Tests\PlayMode\GameplayIntegrationTests.cs(217,10): error CS0246: The type or namespace name 'UnityTestAttribute' could not be found (are you missing a using directive or an assembly reference?)
Assets\Trae\Scripts\Tests\PlayMode\GameplayIntegrationTests.cs(217,10): error CS0246: The type or namespace name 'UnityTest' could not be found (are you missing a using directive or an assembly reference?)
Assets\Trae\Scripts\Tests\EditMode\HaiDoonGameManagerTests.cs(268,10): error CS0246: The type or namespace name 'TestAttribute' could not be found (are you missing a using directive or an assembly reference?)
Assets\Trae\Scripts\Tests\EditMode\HaiDoonGameManagerTests.cs(268,10): error CS0246: The type or namespace name 'Test' could not be found (are you missing a using directive or an assembly reference?)
Assets\Trae\Scripts\Tests\EditMode\DataManagerTests.cs(302,10): error CS0246: The type or namespace name 'TestAttribute' could not be found (are you missing a using directive or an assembly reference?)
Assets\Trae\Scripts\Tests\EditMode\DataManagerTests.cs(302,10): error CS0246: The type or namespace name 'Test' could not be found (are you missing a using directive or an assembly reference?)
Assets\Trae\Scripts\Tests\PlayMode\UIIntegrationTests.cs(111,10): error CS0246: The type or namespace name 'UnityTestAttribute' could not be found (are you missing a using directive or an assembly reference?)
Assets\Trae\Scripts\Tests\PlayMode\UIIntegrationTests.cs(111,10): error CS0246: The type or namespace name 'UnityTest' could not be found (are you missing a using directive or an assembly reference?)
Assets\Trae\Scripts\Tests\EditMode\DataManagerTests.cs(315,10): error CS0246: The type or namespace name 'TestAttribute' could not be found (are you missing a using directive or an assembly reference?)
Assets\Trae\Scripts\Tests\EditMode\DataManagerTests.cs(315,10): error CS0246: The type or namespace name 'Test' could not be found (are you missing a using directive or an assembly reference?)
Assets\Trae\Scripts\Tests\EditMode\HaiDoonGameManagerTests.cs(285,10): error CS0246: The type or namespace name 'TestAttribute' could not be found (are you missing a using directive or an assembly reference?)
Assets\Trae\Scripts\Tests\EditMode\HaiDoonGameManagerTests.cs(285,10): error CS0246: The type or namespace name 'Test' could not be found (are you missing a using directive or an assembly reference?)
Assets\Trae\Scripts\Tests\PlayMode\GameplayIntegrationTests.cs(238,10): error CS0246: The type or namespace name 'UnityTestAttribute' could not be found (are you missing a using directive or an assembly reference?)
Assets\Trae\Scripts\Tests\PlayMode\GameplayIntegrationTests.cs(238,10): error CS0246: The type or namespace name 'UnityTest' could not be found (are you missing a using directive or an assembly reference?)
Assets\Trae\Scripts\Tests\EditMode\DataManagerTests.cs(334,10): error CS0246: The type or namespace name 'TestAttribute' could not be found (are you missing a using directive or an assembly reference?)
Assets\Trae\Scripts\Tests\EditMode\DataManagerTests.cs(334,10): error CS0246: The type or namespace name 'Test' could not be found (are you missing a using directive or an assembly reference?)
Assets\Trae\Scripts\Tests\PlayMode\GameplayIntegrationTests.cs(263,10): error CS0246: The type or namespace name 'UnityTestAttribute' could not be found (are you missing a using directive or an assembly reference?)
Assets\Trae\Scripts\Tests\PlayMode\GameplayIntegrationTests.cs(263,10): error CS0246: The type or namespace name 'UnityTest' could not be found (are you missing a using directive or an assembly reference?)
Assets\Trae\Scripts\Tests\EditMode\HaiDoonGameManagerTests.cs(303,10): error CS0246: The type or namespace name 'TestAttribute' could not be found (are you missing a using directive or an assembly reference?)
Assets\Trae\Scripts\Tests\EditMode\HaiDoonGameManagerTests.cs(303,10): error CS0246: The type or namespace name 'Test' could not be found (are you missing a using directive or an assembly reference?)
Assets\Trae\Scripts\Tests\PlayMode\UIIntegrationTests.cs(135,10): error CS0246: The type or namespace name 'UnityTestAttribute' could not be found (are you missing a using directive or an assembly reference?)
Assets\Trae\Scripts\Tests\PlayMode\UIIntegrationTests.cs(135,10): error CS0246: The type or namespace name 'UnityTest' could not be found (are you missing a using directive or an assembly reference?)
Assets\Trae\Scripts\Tests\EditMode\DataManagerTests.cs(351,10): error CS0246: The type or namespace name 'TestAttribute' could not be found (are you missing a using directive or an assembly reference?)
Assets\Trae\Scripts\Tests\EditMode\DataManagerTests.cs(351,10): error CS0246: The type or namespace name 'Test' could not be found (are you missing a using directive or an assembly reference?)
Assets\Trae\Scripts\Tests\PlayMode\GameplayIntegrationTests.cs(294,10): error CS0246: The type or namespace name 'UnityTestAttribute' could not be found (are you missing a using directive or an assembly reference?)
Assets\Trae\Scripts\Tests\PlayMode\GameplayIntegrationTests.cs(294,10): error CS0246: The type or namespace name 'UnityTest' could not be found (are you missing a using directive or an assembly reference?)
Assets\Trae\Scripts\Tests\EditMode\HaiDoonGameManagerTests.cs(327,10): error CS0246: The type or namespace name 'TestAttribute' could not be found (are you missing a using directive or an assembly reference?)
Assets\Trae\Scripts\Tests\EditMode\HaiDoonGameManagerTests.cs(327,10): error CS0246: The type or namespace name 'Test' could not be found (are you missing a using directive or an assembly reference?)
Assets\Trae\Scripts\Tests\EditMode\DataManagerTests.cs(370,10): error CS0246: The type or namespace name 'TestAttribute' could not be found (are you missing a using directive or an assembly reference?)
Assets\Trae\Scripts\Tests\EditMode\DataManagerTests.cs(370,10): error CS0246: The type or namespace name 'Test' could not be found (are you missing a using directive or an assembly reference?)
Assets\Trae\Scripts\Tests\PlayMode\GameplayIntegrationTests.cs(316,10): error CS0246: The type or namespace name 'UnityTestAttribute' could not be found (are you missing a using directive or an assembly reference?)
Assets\Trae\Scripts\Tests\PlayMode\GameplayIntegrationTests.cs(316,10): error CS0246: The type or namespace name 'UnityTest' could not be found (are you missing a using directive or an assembly reference?)
Assets\Trae\Scripts\Tests\PlayMode\UIIntegrationTests.cs(168,10): error CS0246: The type or namespace name 'UnityTestAttribute' could not be found (are you missing a using directive or an assembly reference?)
Assets\Trae\Scripts\Tests\PlayMode\UIIntegrationTests.cs(168,10): error CS0246: The type or namespace name 'UnityTest' could not be found (are you missing a using directive or an assembly reference?)
Assets\Trae\Scripts\Tests\EditMode\HaiDoonGameManagerTests.cs(354,10): error CS0246: The type or namespace name 'TestAttribute' could not be found (are you missing a using directive or an assembly reference?)
Assets\Trae\Scripts\Tests\EditMode\HaiDoonGameManagerTests.cs(354,10): error CS0246: The type or namespace name 'Test' could not be found (are you missing a using directive or an assembly reference?)
Assets\Trae\Scripts\Tests\EditMode\DataManagerTests.cs(387,10): error CS0246: The type or namespace name 'TestAttribute' could not be found (are you missing a using directive or an assembly reference?)
Assets\Trae\Scripts\Tests\EditMode\DataManagerTests.cs(387,10): error CS0246: The type or namespace name 'Test' could not be found (are you missing a using directive or an assembly reference?)
Assets\Trae\Scripts\Tests\PlayMode\UIIntegrationTests.cs(192,10): error CS0246: The type or namespace name 'UnityTestAttribute' could not be found (are you missing a using directive or an assembly reference?)
Assets\Trae\Scripts\Tests\PlayMode\UIIntegrationTests.cs(192,10): error CS0246: The type or namespace name 'UnityTest' could not be found (are you missing a using directive or an assembly reference?)
Assets\Trae\Scripts\Tests\PlayMode\GameplayIntegrationTests.cs(348,10): error CS0246: The type or namespace name 'UnityTestAttribute' could not be found (are you missing a using directive or an assembly reference?)
Assets\Trae\Scripts\Tests\PlayMode\GameplayIntegrationTests.cs(348,10): error CS0246: The type or namespace name 'UnityTest' could not be found (are you missing a using directive or an assembly reference?)
Assets\Trae\Scripts\Tests\EditMode\HaiDoonGameManagerTests.cs(371,10): error CS0246: The type or namespace name 'TestAttribute' could not be found (are you missing a using directive or an assembly reference?)
Assets\Trae\Scripts\Tests\EditMode\HaiDoonGameManagerTests.cs(371,10): error CS0246: The type or namespace name 'Test' could not be found (are you missing a using directive or an assembly reference?)
Assets\Trae\Scripts\Tests\EditMode\DataManagerTests.cs(411,10): error CS0246: The type or namespace name 'TestAttribute' could not be found (are you missing a using directive or an assembly reference?)
Assets\Trae\Scripts\Tests\EditMode\DataManagerTests.cs(411,10): error CS0246: The type or namespace name 'Test' could not be found (are you missing a using directive or an assembly reference?)
Assets\Trae\Scripts\Tests\PlayMode\UIIntegrationTests.cs(218,10): error CS0246: The type or namespace name 'UnityTestAttribute' could not be found (are you missing a using directive or an assembly reference?)
Total cache size after purge 4301432, took 00:00:00.0516865Assets\Trae\Scripts\Tests\PlayMode\UIIntegrationTests.cs(218,10): error CS0246: The type or namespace name 'UnityTest' could not be found (are you missing a using directive or an assembly reference?)

Assets\Trae\Scripts\Tests\EditMode\HaiDoonGameManagerTests.cs(384,10): error CS0246: The type or namespace name 'TestAttribute' could not be found (are you missing a using directive or an assembly reference?)
Assets\Trae\Scripts\Tests\EditMode\HaiDoonGameManagerTests.cs(384,10): error CS0246: The type or namespace name 'Test' could not be found (are you missing a using directive or an assembly reference?)
Assets\Trae\Scripts\Tests\PlayMode\UIIntegrationTests.cs(241,10): error CS0246: The type or namespace name 'UnityTestAttribute' could not be found (are you missing a using directive or an assembly reference?)
Assets\Trae\Scripts\Tests\PlayMode\UIIntegrationTests.cs(241,10): error CS0246: The type or namespace name 'UnityTest' could not be found (are you missing a using directive or an assembly reference?)
Assets\Trae\Scripts\Tests\PlayMode\UIIntegrationTests.cs(276,10): error CS0246: The type or namespace name 'UnityTestAttribute' could not be found (are you missing a using directive or an assembly reference?)
Assets\Trae\Scripts\Tests\PlayMode\UIIntegrationTests.cs(276,10): error CS0246: The type or namespace name 'UnityTest' could not be found (are you missing a using directive or an assembly reference?)
Assets\Trae\Scripts\Tests\PlayMode\UIIntegrationTests.cs(296,10): error CS0246: The type or namespace name 'UnityTestAttribute' could not be found (are you missing a using directive or an assembly reference?)
Assets\Trae\Scripts\Tests\PlayMode\UIIntegrationTests.cs(296,10): error CS0246: The type or namespace name 'UnityTest' could not be found (are you missing a using directive or an assembly reference?)
Assets\Trae\Scripts\Tests\PlayMode\UIIntegrationTests.cs(322,10): error CS0246: The type or namespace name 'UnityTestAttribute' could not be found (are you missing a using directive or an assembly reference?)
Assets\Trae\Scripts\Tests\PlayMode\UIIntegrationTests.cs(322,10): error CS0246: The type or namespace name 'UnityTest' could not be found (are you missing a using directive or an assembly reference?)
AssetDatabase: script compilation time: 2.404549s
Scripts have compiler errors.
Exiting without the bug reporter. Application will terminate with return code 1